<?xml version="1.0" encoding="UTF-8"?>
<!-- Generated by org.testng.reporters.JUnitXMLReporter -->
<testsuite ignored="0" hostname="SIPL92" failures="0" tests="1" name="ServiceDetail" time="0.058" errors="0" timestamp="2022-08-22T12:05:48 IST">
  <testcase classname="base.BaseInit" name="@BeforeSuite base" time="14.585">
    <failure type="java.lang.StackOverflowError">
      <![CDATA[java.lang.StackOverflowError
at org.openqa.selenium.By$BaseW3CLocator.findElement(By.java:398)
at org.openqa.selenium.By$ByCssSelector.findElement(By.java:322)
at org.openqa.selenium.remote.RemoteWebDriver.findElement(RemoteWebDriver.java:315)
at org.openqa.selenium.By$BaseW3CLocator.findElement(By.java:399)
at org.openqa.selenium.By$ByCssSelector.findElement(By.java:322)
at org.openqa.selenium.remote.RemoteWebDriver.findElement(RemoteWebDriver.java:315)
at org.openqa.selenium.By$BaseW3CLocator.findElement(By.java:399)
at org.openqa.selenium.By$ByCssSelector.findElement(By.java:322)
at org.openqa.selenium.remote.RemoteWebDriver.findElement(RemoteWebDriver.java:315)
at org.openqa.selenium.By$BaseW3CLocator.findElement(By.java:399)
at org.openqa.selenium.By$ByCssSelector.findElement(By.java:322)
at org.openqa.selenium.remote.RemoteWebDriver.findElement(RemoteWebDriver.java:315)
at org.openqa.selenium.By$BaseW3CLocator.findElement(By.java:399)
at org.openqa.selenium.By$ByCssSelector.findElement(By.java:322)
at org.openqa.selenium.remote.RemoteWebDriver.findElement(RemoteWebDriver.java:315)
at org.openqa.selenium.By$BaseW3CLocator.findElement(By.java:399)
at org.openqa.selenium.By$ByCssSelector.findElement(By.java:322)
at org.openqa.selenium.remote.RemoteWebDriver.findElement(RemoteWebDriver.java:315)
at org.openqa.selenium.By$BaseW3CLocator.findElement(By.java:399)
at org.openqa.selenium.By$ByCssSelector.findElement(By.java:322)
at org.openqa.selenium.remote.RemoteWebDriver.findElement(RemoteWebDriver.java:315)
at org.openqa.selenium.By$BaseW3CLocator.findElement(By.java:399)
at org.openqa.selenium.By$ByCssSelector.findElement(By.java:322)
at org.openqa.selenium.remote.RemoteWebDriver.findElement(RemoteWebDriver.java:315)
at org.openqa.selenium.By$BaseW3CLocator.findElement(By.java:399)
at org.openqa.selenium.By$ByCssSelector.findElement(By.java:322)
at org.openqa.selenium.remote.RemoteWebDriver.findElement(RemoteWebDriver.java:315)
at org.openqa.selenium.By$BaseW3CLocator.findElement(By.java:399)
at org.openqa.selenium.By$ByCssSelector.findElement(By.java:322)
at org.openqa.selenium.remote.RemoteWebDriver.findElement(RemoteWebDriver.java:315)
at org.openqa.selenium.By$BaseW3CLocator.findElement(By.java:399)
at org.openqa.selenium.By$ByCssSelector.findElement(By.java:322)
at org.openqa.selenium.remote.RemoteWebDriver.findElement(RemoteWebDriver.java:315)
at org.openqa.selenium.By$BaseW3CLocator.findElement(By.java:399)
at org.openqa.selenium.By$ByCssSelector.findElement(By.java:322)
at org.openqa.selenium.remote.RemoteWebDriver.findElement(RemoteWebDriver.java:315)
at org.openqa.selenium.By$BaseW3CLocator.findElement(By.java:399)
at org.openqa.selenium.By$ByCssSelector.findElement(By.java:322)
at org.openqa.selenium.remote.RemoteWebDriver.findElement(RemoteWebDriver.java:315)
at org.openqa.selenium.By$BaseW3CLocator.findElement(By.java:399)
at org.openqa.selenium.By$ByCssSelector.findElement(By.java:322)
at org.openqa.selenium.remote.RemoteWebDriver.findElement(RemoteWebDriver.java:315)
at org.openqa.selenium.By$BaseW3CLocator.findElement(By.java:399)
at org.openqa.selenium.By$ByCssSelector.findElement(By.java:322)
at org.openqa.selenium.remote.RemoteWebDriver.findElement(RemoteWebDriver.java:315)
at org.openqa.selenium.By$BaseW3CLocator.findElement(By.java:399)
at org.openqa.selenium.By$ByCssSelector.findElement(By.java:322)
at org.openqa.selenium.remote.RemoteWebDriver.findElement(RemoteWebDriver.java:315)
at org.openqa.selenium.By$BaseW3CLocator.findElement(By.java:399)
at org.openqa.selenium.By$ByCssSelector.findElement(By.java:322)
at org.openqa.selenium.remote.RemoteWebDriver.findElement(RemoteWebDriver.java:315)
at org.openqa.selenium.By$BaseW3CLocator.findElement(By.java:399)
at org.openqa.selenium.By$ByCssSelector.findElement(By.java:322)
at org.openqa.selenium.remote.RemoteWebDriver.findElement(RemoteWebDriver.java:315)
at org.openqa.selenium.By$BaseW3CLocator.findElement(By.java:399)
at org.openqa.selenium.By$ByCssSelector.findElement(By.java:322)
at org.openqa.selenium.remote.RemoteWebDriver.findElement(RemoteWebDriver.java:315)
at org.openqa.selenium.By$BaseW3CLocator.findElement(By.java:399)
at org.openqa.selenium.By$ByCssSelector.findElement(By.java:322)
at org.openqa.selenium.remote.RemoteWebDriver.findElement(RemoteWebDriver.java:315)
at org.openqa.selenium.By$BaseW3CLocator.findElement(By.java:399)
at org.openqa.selenium.By$ByCssSelector.findElement(By.java:322)
at org.openqa.selenium.remote.RemoteWebDriver.findElement(RemoteWebDriver.java:315)
at org.openqa.selenium.By$BaseW3CLocator.findElement(By.java:399)
at org.openqa.selenium.By$ByCssSelector.findElement(By.java:322)
at org.openqa.selenium.remote.RemoteWebDriver.findElement(RemoteWebDriver.java:315)
at org.openqa.selenium.By$BaseW3CLocator.findElement(By.java:399)
at org.openqa.selenium.By$ByCssSelector.findElement(By.java:322)
at org.openqa.selenium.remote.RemoteWebDriver.findElement(RemoteWebDriver.java:315)
at org.openqa.selenium.By$BaseW3CLocator.findElement(By.java:399)
at org.openqa.selenium.By$ByCssSelector.findElement(By.java:322)
at org.openqa.selenium.remote.RemoteWebDriver.findElement(RemoteWebDriver.java:315)
at org.openqa.selenium.By$BaseW3CLocator.findElement(By.java:399)
at org.openqa.selenium.By$ByCssSelector.findElement(By.java:322)
at org.openqa.selenium.remote.RemoteWebDriver.findElement(RemoteWebDriver.java:315)
at org.openqa.selenium.By$BaseW3CLocator.findElement(By.java:399)
at org.openqa.selenium.By$ByCssSelector.findElement(By.java:322)
at org.openqa.selenium.remote.RemoteWebDriver.findElement(RemoteWebDriver.java:315)
at org.openqa.selenium.By$BaseW3CLocator.findElement(By.java:399)
at org.openqa.selenium.By$ByCssSelector.findElement(By.java:322)
at org.openqa.selenium.remote.RemoteWebDriver.findElement(RemoteWebDriver.java:315)
at org.openqa.selenium.By$BaseW3CLocator.findElement(By.java:399)
at org.openqa.selenium.By$ByCssSelector.findElement(By.java:322)
at org.openqa.selenium.remote.RemoteWebDriver.findElement(RemoteWebDriver.java:315)
at org.openqa.selenium.By$BaseW3CLocator.findElement(By.java:399)
at org.openqa.selenium.By$ByCssSelector.findElement(By.java:322)
at org.openqa.selenium.remote.RemoteWebDriver.findElement(RemoteWebDriver.java:315)
at org.openqa.selenium.By$BaseW3CLocator.findElement(By.java:399)
at org.openqa.selenium.By$ByCssSelector.findElement(By.java:322)
at org.openqa.selenium.remote.RemoteWebDriver.findElement(RemoteWebDriver.java:315)
at org.openqa.selenium.By$BaseW3CLocator.findElement(By.java:399)
at org.openqa.selenium.By$ByCssSelector.findElement(By.java:322)
at org.openqa.selenium.remote.RemoteWebDriver.findElement(RemoteWebDriver.java:315)
at org.openqa.selenium.By$BaseW3CLocator.findElement(By.java:399)
at org.openqa.selenium.By$ByCssSelector.findElement(By.java:322)
at org.openqa.selenium.remote.RemoteWebDriver.findElement(RemoteWebDriver.java:315)
at org.openqa.selenium.By$BaseW3CLocator.findElement(By.java:399)
at org.openqa.selenium.By$ByCssSelector.findElement(By.java:322)
at org.openqa.selenium.remote.RemoteWebDriver.findElement(RemoteWebDriver.java:315)
at org.openqa.selenium.By$BaseW3CLocator.findElement(By.java:399)
at org.openqa.selenium.By$ByCssSelector.findElement(By.java:322)
at org.openqa.selenium.remote.RemoteWebDriver.findElement(RemoteWebDriver.java:315)
at org.openqa.selenium.By$BaseW3CLocator.findElement(By.java:399)
at org.openqa.selenium.By$ByCssSelector.findElement(By.java:322)
at org.openqa.selenium.remote.RemoteWebDriver.findElement(RemoteWebDriver.java:315)
at org.openqa.selenium.By$BaseW3CLocator.findElement(By.java:399)
at org.openqa.selenium.By$ByCssSelector.findElement(By.java:322)
at org.openqa.selenium.remote.RemoteWebDriver.findElement(RemoteWebDriver.java:315)
at org.openqa.selenium.By$BaseW3CLocator.findElement(By.java:399)
at org.openqa.selenium.By$ByCssSelector.findElement(By.java:322)
at org.openqa.selenium.remote.RemoteWebDriver.findElement(RemoteWebDriver.java:315)
at org.openqa.selenium.By$BaseW3CLocator.findElement(By.java:399)
at org.openqa.selenium.By$ByCssSelector.findElement(By.java:322)
at org.openqa.selenium.remote.RemoteWebDriver.findElement(RemoteWebDriver.java:315)
at org.openqa.selenium.By$BaseW3CLocator.findElement(By.java:399)
at org.openqa.selenium.By$ByCssSelector.findElement(By.java:322)
at org.openqa.selenium.remote.RemoteWebDriver.findElement(RemoteWebDriver.java:315)
at org.openqa.selenium.By$BaseW3CLocator.findElement(By.java:399)
at org.openqa.selenium.By$ByCssSelector.findElement(By.java:322)
at org.openqa.selenium.remote.RemoteWebDriver.findElement(RemoteWebDriver.java:315)
at org.openqa.selenium.By$BaseW3CLocator.findElement(By.java:399)
at org.openqa.selenium.By$ByCssSelector.findElement(By.java:322)
at org.openqa.selenium.remote.RemoteWebDriver.findElement(RemoteWebDriver.java:315)
at org.openqa.selenium.By$BaseW3CLocator.findElement(By.java:399)
at org.openqa.selenium.By$ByCssSelector.findElement(By.java:322)
at org.openqa.selenium.remote.RemoteWebDriver.findElement(RemoteWebDriver.java:315)
at org.openqa.selenium.By$BaseW3CLocator.findElement(By.java:399)
at org.openqa.selenium.By$ByCssSelector.findElement(By.java:322)
at org.openqa.selenium.remote.RemoteWebDriver.findElement(RemoteWebDriver.java:315)
at org.openqa.selenium.By$BaseW3CLocator.findElement(By.java:399)
at org.openqa.selenium.By$ByCssSelector.findElement(By.java:322)
at org.openqa.selenium.remote.RemoteWebDriver.findElement(RemoteWebDriver.java:315)
at org.openqa.selenium.By$BaseW3CLocator.findElement(By.java:399)
at org.openqa.selenium.By$ByCssSelector.findElement(By.java:322)
at org.openqa.selenium.remote.RemoteWebDriver.findElement(RemoteWebDriver.java:315)
at org.openqa.selenium.By$BaseW3CLocator.findElement(By.java:399)
at org.openqa.selenium.By$ByCssSelector.findElement(By.java:322)
at org.openqa.selenium.remote.RemoteWebDriver.findElement(RemoteWebDriver.java:315)
at org.openqa.selenium.By$BaseW3CLocator.findElement(By.java:399)
at org.openqa.selenium.By$ByCssSelector.findElement(By.java:322)
at org.openqa.selenium.remote.RemoteWebDriver.findElement(RemoteWebDriver.java:315)
at org.openqa.selenium.By$BaseW3CLocator.findElement(By.java:399)
at org.openqa.selenium.By$ByCssSelector.findElement(By.java:322)
at org.openqa.selenium.remote.RemoteWebDriver.findElement(RemoteWebDriver.java:315)
at org.openqa.selenium.By$BaseW3CLocator.findElement(By.java:399)
at org.openqa.selenium.By$ByCssSelector.findElement(By.java:322)
at org.openqa.selenium.remote.RemoteWebDriver.findElement(RemoteWebDriver.java:315)
at org.openqa.selenium.By$BaseW3CLocator.findElement(By.java:399)
at org.openqa.selenium.By$ByCssSelector.findElement(By.java:322)
at org.openqa.selenium.remote.RemoteWebDriver.findElement(RemoteWebDriver.java:315)
at org.openqa.selenium.By$BaseW3CLocator.findElement(By.java:399)
at org.openqa.selenium.By$ByCssSelector.findElement(By.java:322)
at org.openqa.selenium.remote.RemoteWebDriver.findElement(RemoteWebDriver.java:315)
at org.openqa.selenium.By$BaseW3CLocator.findElement(By.java:399)
at org.openqa.selenium.By$ByCssSelector.findElement(By.java:322)
at org.openqa.selenium.remote.RemoteWebDriver.findElement(RemoteWebDriver.java:315)
at org.openqa.selenium.By$BaseW3CLocator.findElement(By.java:399)
at org.openqa.selenium.By$ByCssSelector.findElement(By.java:322)
at org.openqa.selenium.remote.RemoteWebDriver.findElement(RemoteWebDriver.java:315)
at org.openqa.selenium.By$BaseW3CLocator.findElement(By.java:399)
at org.openqa.selenium.By$ByCssSelector.findElement(By.java:322)
at org.openqa.selenium.remote.RemoteWebDriver.findElement(RemoteWebDriver.java:315)
at org.openqa.selenium.By$BaseW3CLocator.findElement(By.java:399)
at org.openqa.selenium.By$ByCssSelector.findElement(By.java:322)
at org.openqa.selenium.remote.RemoteWebDriver.findElement(RemoteWebDriver.java:315)
at org.openqa.selenium.By$BaseW3CLocator.findElement(By.java:399)
at org.openqa.selenium.By$ByCssSelector.findElement(By.java:322)
at org.openqa.selenium.remote.RemoteWebDriver.findElement(RemoteWebDriver.java:315)
at org.openqa.selenium.By$BaseW3CLocator.findElement(By.java:399)
at org.openqa.selenium.By$ByCssSelector.findElement(By.java:322)
at org.openqa.selenium.remote.RemoteWebDriver.findElement(RemoteWebDriver.java:315)
at org.openqa.selenium.By$BaseW3CLocator.findElement(By.java:399)
at org.openqa.selenium.By$ByCssSelector.findElement(By.java:322)
at org.openqa.selenium.remote.RemoteWebDriver.findElement(RemoteWebDriver.java:315)
at org.openqa.selenium.By$BaseW3CLocator.findElement(By.java:399)
at org.openqa.selenium.By$ByCssSelector.findElement(By.java:322)
at org.openqa.selenium.remote.RemoteWebDriver.findElement(RemoteWebDriver.java:315)
at org.openqa.selenium.By$BaseW3CLocator.findElement(By.java:399)
at org.openqa.selenium.By$ByCssSelector.findElement(By.java:322)
at org.openqa.selenium.remote.RemoteWebDriver.findElement(RemoteWebDriver.java:315)
at org.openqa.selenium.By$BaseW3CLocator.findElement(By.java:399)
at org.openqa.selenium.By$ByCssSelector.findElement(By.java:322)
at org.openqa.selenium.remote.RemoteWebDriver.findElement(RemoteWebDriver.java:315)
at org.openqa.selenium.By$BaseW3CLocator.findElement(By.java:399)
at org.openqa.selenium.By$ByCssSelector.findElement(By.java:322)
at org.openqa.selenium.remote.RemoteWebDriver.findElement(RemoteWebDriver.java:315)
at org.openqa.selenium.By$BaseW3CLocator.findElement(By.java:399)
at org.openqa.selenium.By$ByCssSelector.findElement(By.java:322)
at org.openqa.selenium.remote.RemoteWebDriver.findElement(RemoteWebDriver.java:315)
at org.openqa.selenium.By$BaseW3CLocator.findElement(By.java:399)
at org.openqa.selenium.By$ByCssSelector.findElement(By.java:322)
at org.openqa.selenium.remote.RemoteWebDriver.findElement(RemoteWebDriver.java:315)
at org.openqa.selenium.By$BaseW3CLocator.findElement(By.java:399)
at org.openqa.selenium.By$ByCssSelector.findElement(By.java:322)
at org.openqa.selenium.remote.RemoteWebDriver.findElement(RemoteWebDriver.java:315)
at org.openqa.selenium.By$BaseW3CLocator.findElement(By.java:399)
at org.openqa.selenium.By$ByCssSelector.findElement(By.java:322)
at org.openqa.selenium.remote.RemoteWebDriver.findElement(RemoteWebDriver.java:315)
at org.openqa.selenium.By$BaseW3CLocator.findElement(By.java:399)
at org.openqa.selenium.By$ByCssSelector.findElement(By.java:322)
at org.openqa.selenium.remote.RemoteWebDriver.findElement(RemoteWebDriver.java:315)
at org.openqa.selenium.By$BaseW3CLocator.findElement(By.java:399)
at org.openqa.selenium.By$ByCssSelector.findElement(By.java:322)
at org.openqa.selenium.remote.RemoteWebDriver.findElement(RemoteWebDriver.java:315)
at org.openqa.selenium.By$BaseW3CLocator.findElement(By.java:399)
at org.openqa.selenium.By$ByCssSelector.findElement(By.java:322)
at org.openqa.selenium.remote.RemoteWebDriver.findElement(RemoteWebDriver.java:315)
at org.openqa.selenium.By$BaseW3CLocator.findElement(By.java:399)
at org.openqa.selenium.By$ByCssSelector.findElement(By.java:322)
at org.openqa.selenium.remote.RemoteWebDriver.findElement(RemoteWebDriver.java:315)
at org.openqa.selenium.By$BaseW3CLocator.findElement(By.java:399)
at org.openqa.selenium.By$ByCssSelector.findElement(By.java:322)
at org.openqa.selenium.remote.RemoteWebDriver.findElement(RemoteWebDriver.java:315)
at org.openqa.selenium.By$BaseW3CLocator.findElement(By.java:399)
at org.openqa.selenium.By$ByCssSelector.findElement(By.java:322)
at org.openqa.selenium.remote.RemoteWebDriver.findElement(RemoteWebDriver.java:315)
at org.openqa.selenium.By$BaseW3CLocator.findElement(By.java:399)
at org.openqa.selenium.By$ByCssSelector.findElement(By.java:322)
at org.openqa.selenium.remote.RemoteWebDriver.findElement(RemoteWebDriver.java:315)
at org.openqa.selenium.By$BaseW3CLocator.findElement(By.java:399)
at org.openqa.selenium.By$ByCssSelector.findElement(By.java:322)
at org.openqa.selenium.remote.RemoteWebDriver.findElement(RemoteWebDriver.java:315)
at org.openqa.selenium.By$BaseW3CLocator.findElement(By.java:399)
at org.openqa.selenium.By$ByCssSelector.findElement(By.java:322)
at org.openqa.selenium.remote.RemoteWebDriver.findElement(RemoteWebDriver.java:315)
at org.openqa.selenium.By$BaseW3CLocator.findElement(By.java:399)
at org.openqa.selenium.By$ByCssSelector.findElement(By.java:322)
at org.openqa.selenium.remote.RemoteWebDriver.findElement(RemoteWebDriver.java:315)
at org.openqa.selenium.By$BaseW3CLocator.findElement(By.java:399)
at org.openqa.selenium.By$ByCssSelector.findElement(By.java:322)
at org.openqa.selenium.remote.RemoteWebDriver.findElement(RemoteWebDriver.java:315)
at org.openqa.selenium.By$BaseW3CLocator.findElement(By.java:399)
at org.openqa.selenium.By$ByCssSelector.findElement(By.java:322)
at org.openqa.selenium.remote.RemoteWebDriver.findElement(RemoteWebDriver.java:315)
at org.openqa.selenium.By$BaseW3CLocator.findElement(By.java:399)
at org.openqa.selenium.By$ByCssSelector.findElement(By.java:322)
at org.openqa.selenium.remote.RemoteWebDriver.findElement(RemoteWebDriver.java:315)
at org.openqa.selenium.By$BaseW3CLocator.findElement(By.java:399)
at org.openqa.selenium.By$ByCssSelector.findElement(By.java:322)
at org.openqa.selenium.remote.RemoteWebDriver.findElement(RemoteWebDriver.java:315)
at org.openqa.selenium.By$BaseW3CLocator.findElement(By.java:399)
at org.openqa.selenium.By$ByCssSelector.findElement(By.java:322)
at org.openqa.selenium.remote.RemoteWebDriver.findElement(RemoteWebDriver.java:315)
at org.openqa.selenium.By$BaseW3CLocator.findElement(By.java:399)
at org.openqa.selenium.By$ByCssSelector.findElement(By.java:322)
at org.openqa.selenium.remote.RemoteWebDriver.findElement(RemoteWebDriver.java:315)
at org.openqa.selenium.By$BaseW3CLocator.findElement(By.java:399)
at org.openqa.selenium.By$ByCssSelector.findElement(By.java:322)
at org.openqa.selenium.remote.RemoteWebDriver.findElement(RemoteWebDriver.java:315)
at org.openqa.selenium.By$BaseW3CLocator.findElement(By.java:399)
at org.openqa.selenium.By$ByCssSelector.findElement(By.java:322)
at org.openqa.selenium.remote.RemoteWebDriver.findElement(RemoteWebDriver.java:315)
at org.openqa.selenium.By$BaseW3CLocator.findElement(By.java:399)
at org.openqa.selenium.By$ByCssSelector.findElement(By.java:322)
at org.openqa.selenium.remote.RemoteWebDriver.findElement(RemoteWebDriver.java:315)
at org.openqa.selenium.By$BaseW3CLocator.findElement(By.java:399)
at org.openqa.selenium.By$ByCssSelector.findElement(By.java:322)
at org.openqa.selenium.remote.RemoteWebDriver.findElement(RemoteWebDriver.java:315)
at org.openqa.selenium.By$BaseW3CLocator.findElement(By.java:399)
at org.openqa.selenium.By$ByCssSelector.findElement(By.java:322)
at org.openqa.selenium.remote.RemoteWebDriver.findElement(RemoteWebDriver.java:315)
at org.openqa.selenium.By$BaseW3CLocator.findElement(By.java:399)
at org.openqa.selenium.By$ByCssSelector.findElement(By.java:322)
at org.openqa.selenium.remote.RemoteWebDriver.findElement(RemoteWebDriver.java:315)
at org.openqa.selenium.By$BaseW3CLocator.findElement(By.java:399)
at org.openqa.selenium.By$ByCssSelector.findElement(By.java:322)
at org.openqa.selenium.remote.RemoteWebDriver.findElement(RemoteWebDriver.java:315)
at org.openqa.selenium.By$BaseW3CLocator.findElement(By.java:399)
at org.openqa.selenium.By$ByCssSelector.findElement(By.java:322)
at org.openqa.selenium.remote.RemoteWebDriver.findElement(RemoteWebDriver.java:315)
at org.openqa.selenium.By$BaseW3CLocator.findElement(By.java:399)
at org.openqa.selenium.By$ByCssSelector.findElement(By.java:322)
at org.openqa.selenium.remote.RemoteWebDriver.findElement(RemoteWebDriver.java:315)
at org.openqa.selenium.By$BaseW3CLocator.findElement(By.java:399)
at org.openqa.selenium.By$ByCssSelector.findElement(By.java:322)
at org.openqa.selenium.remote.RemoteWebDriver.findElement(RemoteWebDriver.java:315)
at org.openqa.selenium.By$BaseW3CLocator.findElement(By.java:399)
at org.openqa.selenium.By$ByCssSelector.findElement(By.java:322)
at org.openqa.selenium.remote.RemoteWebDriver.findElement(RemoteWebDriver.java:315)
at org.openqa.selenium.By$BaseW3CLocator.findElement(By.java:399)
at org.openqa.selenium.By$ByCssSelector.findElement(By.java:322)
at org.openqa.selenium.remote.RemoteWebDriver.findElement(RemoteWebDriver.java:315)
at org.openqa.selenium.By$BaseW3CLocator.findElement(By.java:399)
at org.openqa.selenium.By$ByCssSelector.findElement(By.java:322)
at org.openqa.selenium.remote.RemoteWebDriver.findElement(RemoteWebDriver.java:315)
at org.openqa.selenium.By$BaseW3CLocator.findElement(By.java:399)
at org.openqa.selenium.By$ByCssSelector.findElement(By.java:322)
at org.openqa.selenium.remote.RemoteWebDriver.findElement(RemoteWebDriver.java:315)
at org.openqa.selenium.By$BaseW3CLocator.findElement(By.java:399)
at org.openqa.selenium.By$ByCssSelector.findElement(By.java:322)
at org.openqa.selenium.remote.RemoteWebDriver.findElement(RemoteWebDriver.java:315)
at org.openqa.selenium.By$BaseW3CLocator.findElement(By.java:399)
at org.openqa.selenium.By$ByCssSelector.findElement(By.java:322)
at org.openqa.selenium.remote.RemoteWebDriver.findElement(RemoteWebDriver.java:315)
at org.openqa.selenium.By$BaseW3CLocator.findElement(By.java:399)
at org.openqa.selenium.By$ByCssSelector.findElement(By.java:322)
at org.openqa.selenium.remote.RemoteWebDriver.findElement(RemoteWebDriver.java:315)
at org.openqa.selenium.By$BaseW3CLocator.findElement(By.java:399)
at org.openqa.selenium.By$ByCssSelector.findElement(By.java:322)
at org.openqa.selenium.remote.RemoteWebDriver.findElement(RemoteWebDriver.java:315)
at org.openqa.selenium.By$BaseW3CLocator.findElement(By.java:399)
at org.openqa.selenium.By$ByCssSelector.findElement(By.java:322)
at org.openqa.selenium.remote.RemoteWebDriver.findElement(RemoteWebDriver.java:315)
at org.openqa.selenium.By$BaseW3CLocator.findElement(By.java:399)
at org.openqa.selenium.By$ByCssSelector.findElement(By.java:322)
at org.openqa.selenium.remote.RemoteWebDriver.findElement(RemoteWebDriver.java:315)
at org.openqa.selenium.By$BaseW3CLocator.findElement(By.java:399)
at org.openqa.selenium.By$ByCssSelector.findElement(By.java:322)
at org.openqa.selenium.remote.RemoteWebDriver.findElement(RemoteWebDriver.java:315)
at org.openqa.selenium.By$BaseW3CLocator.findElement(By.java:399)
at org.openqa.selenium.By$ByCssSelector.findElement(By.java:322)
at org.openqa.selenium.remote.RemoteWebDriver.findElement(RemoteWebDriver.java:315)
at org.openqa.selenium.By$BaseW3CLocator.findElement(By.java:399)
at org.openqa.selenium.By$ByCssSelector.findElement(By.java:322)
at org.openqa.selenium.remote.RemoteWebDriver.findElement(RemoteWebDriver.java:315)
at org.openqa.selenium.By$BaseW3CLocator.findElement(By.java:399)
at org.openqa.selenium.By$ByCssSelector.findElement(By.java:322)
at org.openqa.selenium.remote.RemoteWebDriver.findElement(RemoteWebDriver.java:315)
at org.openqa.selenium.By$BaseW3CLocator.findElement(By.java:399)
at org.openqa.selenium.By$ByCssSelector.findElement(By.java:322)
at org.openqa.selenium.remote.RemoteWebDriver.findElement(RemoteWebDriver.java:315)
at org.openqa.selenium.By$BaseW3CLocator.findElement(By.java:399)
at org.openqa.selenium.By$ByCssSelector.findElement(By.java:322)
at org.openqa.selenium.remote.RemoteWebDriver.findElement(RemoteWebDriver.java:315)
at org.openqa.selenium.By$BaseW3CLocator.findElement(By.java:399)
at org.openqa.selenium.By$ByCssSelector.findElement(By.java:322)
at org.openqa.selenium.remote.RemoteWebDriver.findElement(RemoteWebDriver.java:315)
at org.openqa.selenium.By$BaseW3CLocator.findElement(By.java:399)
at org.openqa.selenium.By$ByCssSelector.findElement(By.java:322)
at org.openqa.selenium.remote.RemoteWebDriver.findElement(RemoteWebDriver.java:315)
at org.openqa.selenium.By$BaseW3CLocator.findElement(By.java:399)
at org.openqa.selenium.By$ByCssSelector.findElement(By.java:322)
at org.openqa.selenium.remote.RemoteWebDriver.findElement(RemoteWebDriver.java:315)
at org.openqa.selenium.By$BaseW3CLocator.findElement(By.java:399)
at org.openqa.selenium.By$ByCssSelector.findElement(By.java:322)
at org.openqa.selenium.remote.RemoteWebDriver.findElement(RemoteWebDriver.java:315)
at org.openqa.selenium.By$BaseW3CLocator.findElement(By.java:399)
at org.openqa.selenium.By$ByCssSelector.findElement(By.java:322)
at org.openqa.selenium.remote.RemoteWebDriver.findElement(RemoteWebDriver.java:315)
at org.openqa.selenium.By$BaseW3CLocator.findElement(By.java:399)
at org.openqa.selenium.By$ByCssSelector.findElement(By.java:322)
at org.openqa.selenium.remote.RemoteWebDriver.findElement(RemoteWebDriver.java:315)
at org.openqa.selenium.By$BaseW3CLocator.findElement(By.java:399)
at org.openqa.selenium.By$ByCssSelector.findElement(By.java:322)
at org.openqa.selenium.remote.RemoteWebDriver.findElement(RemoteWebDriver.java:315)
at org.openqa.selenium.By$BaseW3CLocator.findElement(By.java:399)
at org.openqa.selenium.By$ByCssSelector.findElement(By.java:322)
at org.openqa.selenium.remote.RemoteWebDriver.findElement(RemoteWebDriver.java:315)
at org.openqa.selenium.By$BaseW3CLocator.findElement(By.java:399)
at org.openqa.selenium.By$ByCssSelector.findElement(By.java:322)
at org.openqa.selenium.remote.RemoteWebDriver.findElement(RemoteWebDriver.java:315)
at org.openqa.selenium.By$BaseW3CLocator.findElement(By.java:399)
at org.openqa.selenium.By$ByCssSelector.findElement(By.java:322)
at org.openqa.selenium.remote.RemoteWebDriver.findElement(RemoteWebDriver.java:315)
at org.openqa.selenium.By$BaseW3CLocator.findElement(By.java:399)
at org.openqa.selenium.By$ByCssSelector.findElement(By.java:322)
at org.openqa.selenium.remote.RemoteWebDriver.findElement(RemoteWebDriver.java:315)
at org.openqa.selenium.By$BaseW3CLocator.findElement(By.java:399)
at org.openqa.selenium.By$ByCssSelector.findElement(By.java:322)
at org.openqa.selenium.remote.RemoteWebDriver.findElement(RemoteWebDriver.java:315)
at org.openqa.selenium.By$BaseW3CLocator.findElement(By.java:399)
at org.openqa.selenium.By$ByCssSelector.findElement(By.java:322)
at org.openqa.selenium.remote.RemoteWebDriver.findElement(RemoteWebDriver.java:315)
at org.openqa.selenium.By$BaseW3CLocator.findElement(By.java:399)
at org.openqa.selenium.By$ByCssSelector.findElement(By.java:322)
at org.openqa.selenium.remote.RemoteWebDriver.findElement(RemoteWebDriver.java:315)
at org.openqa.selenium.By$BaseW3CLocator.findElement(By.java:399)
at org.openqa.selenium.By$ByCssSelector.findElement(By.java:322)
at org.openqa.selenium.remote.RemoteWebDriver.findElement(RemoteWebDriver.java:315)
at org.openqa.selenium.By$BaseW3CLocator.findElement(By.java:399)
at org.openqa.selenium.By$ByCssSelector.findElement(By.java:322)
at org.openqa.selenium.remote.RemoteWebDriver.findElement(RemoteWebDriver.java:315)
at org.openqa.selenium.By$BaseW3CLocator.findElement(By.java:399)
at org.openqa.selenium.By$ByCssSelector.findElement(By.java:322)
at org.openqa.selenium.remote.RemoteWebDriver.findElement(RemoteWebDriver.java:315)
at org.openqa.selenium.By$BaseW3CLocator.findElement(By.java:399)
at org.openqa.selenium.By$ByCssSelector.findElement(By.java:322)
at org.openqa.selenium.remote.RemoteWebDriver.findElement(RemoteWebDriver.java:315)
at org.openqa.selenium.By$BaseW3CLocator.findElement(By.java:399)
at org.openqa.selenium.By$ByCssSelector.findElement(By.java:322)
at org.openqa.selenium.remote.RemoteWebDriver.findElement(RemoteWebDriver.java:315)
at org.openqa.selenium.By$BaseW3CLocator.findElement(By.java:399)
at org.openqa.selenium.By$ByCssSelector.findElement(By.java:322)
at org.openqa.selenium.remote.RemoteWebDriver.findElement(RemoteWebDriver.java:315)
at org.openqa.selenium.By$BaseW3CLocator.findElement(By.java:399)
at org.openqa.selenium.By$ByCssSelector.findElement(By.java:322)
at org.openqa.selenium.remote.RemoteWebDriver.findElement(RemoteWebDriver.java:315)
at org.openqa.selenium.By$BaseW3CLocator.findElement(By.java:399)
at org.openqa.selenium.By$ByCssSelector.findElement(By.java:322)
at org.openqa.selenium.remote.RemoteWebDriver.findElement(RemoteWebDriver.java:315)
at org.openqa.selenium.By$BaseW3CLocator.findElement(By.java:399)
at org.openqa.selenium.By$ByCssSelector.findElement(By.java:322)
at org.openqa.selenium.remote.RemoteWebDriver.findElement(RemoteWebDriver.java:315)
at org.openqa.selenium.By$BaseW3CLocator.findElement(By.java:399)
at org.openqa.selenium.By$ByCssSelector.findElement(By.java:322)
at org.openqa.selenium.remote.RemoteWebDriver.findElement(RemoteWebDriver.java:315)
at org.openqa.selenium.By$BaseW3CLocator.findElement(By.java:399)
at org.openqa.selenium.By$ByCssSelector.findElement(By.java:322)
at org.openqa.selenium.remote.RemoteWebDriver.findElement(RemoteWebDriver.java:315)
at org.openqa.selenium.By$BaseW3CLocator.findElement(By.java:399)
at org.openqa.selenium.By$ByCssSelector.findElement(By.java:322)
at org.openqa.selenium.remote.RemoteWebDriver.findElement(RemoteWebDriver.java:315)
at org.openqa.selenium.By$BaseW3CLocator.findElement(By.java:399)
at org.openqa.selenium.By$ByCssSelector.findElement(By.java:322)
at org.openqa.selenium.remote.RemoteWebDriver.findElement(RemoteWebDriver.java:315)
at org.openqa.selenium.By$BaseW3CLocator.findElement(By.java:399)
at org.openqa.selenium.By$ByCssSelector.findElement(By.java:322)
at org.openqa.selenium.remote.RemoteWebDriver.findElement(RemoteWebDriver.java:315)
at org.openqa.selenium.By$BaseW3CLocator.findElement(By.java:399)
at org.openqa.selenium.By$ByCssSelector.findElement(By.java:322)
at org.openqa.selenium.remote.RemoteWebDriver.findElement(RemoteWebDriver.java:315)
at org.openqa.selenium.By$BaseW3CLocator.findElement(By.java:399)
at org.openqa.selenium.By$ByCssSelector.findElement(By.java:322)
at org.openqa.selenium.remote.RemoteWebDriver.findElement(RemoteWebDriver.java:315)
at org.openqa.selenium.By$BaseW3CLocator.findElement(By.java:399)
at org.openqa.selenium.By$ByCssSelector.findElement(By.java:322)
at org.openqa.selenium.remote.RemoteWebDriver.findElement(RemoteWebDriver.java:315)
at org.openqa.selenium.By$BaseW3CLocator.findElement(By.java:399)
at org.openqa.selenium.By$ByCssSelector.findElement(By.java:322)
at org.openqa.selenium.remote.RemoteWebDriver.findElement(RemoteWebDriver.java:315)
at org.openqa.selenium.By$BaseW3CLocator.findElement(By.java:399)
at org.openqa.selenium.By$ByCssSelector.findElement(By.java:322)
at org.openqa.selenium.remote.RemoteWebDriver.findElement(RemoteWebDriver.java:315)
at org.openqa.selenium.By$BaseW3CLocator.findElement(By.java:399)
at org.openqa.selenium.By$ByCssSelector.findElement(By.java:322)
at org.openqa.selenium.remote.RemoteWebDriver.findElement(RemoteWebDriver.java:315)
at org.openqa.selenium.By$BaseW3CLocator.findElement(By.java:399)
at org.openqa.selenium.By$ByCssSelector.findElement(By.java:322)
at org.openqa.selenium.remote.RemoteWebDriver.findElement(RemoteWebDriver.java:315)
at org.openqa.selenium.By$BaseW3CLocator.findElement(By.java:399)
at org.openqa.selenium.By$ByCssSelector.findElement(By.java:322)
at org.openqa.selenium.remote.RemoteWebDriver.findElement(RemoteWebDriver.java:315)
at org.openqa.selenium.By$BaseW3CLocator.findElement(By.java:399)
at org.openqa.selenium.By$ByCssSelector.findElement(By.java:322)
at org.openqa.selenium.remote.RemoteWebDriver.findElement(RemoteWebDriver.java:315)
at org.openqa.selenium.By$BaseW3CLocator.findElement(By.java:399)
at org.openqa.selenium.By$ByCssSelector.findElement(By.java:322)
at org.openqa.selenium.remote.RemoteWebDriver.findElement(RemoteWebDriver.java:315)
at org.openqa.selenium.By$BaseW3CLocator.findElement(By.java:399)
at org.openqa.selenium.By$ByCssSelector.findElement(By.java:322)
at org.openqa.selenium.remote.RemoteWebDriver.findElement(RemoteWebDriver.java:315)
at org.openqa.selenium.By$BaseW3CLocator.findElement(By.java:399)
at org.openqa.selenium.By$ByCssSelector.findElement(By.java:322)
at org.openqa.selenium.remote.RemoteWebDriver.findElement(RemoteWebDriver.java:315)
at org.openqa.selenium.By$BaseW3CLocator.findElement(By.java:399)
at org.openqa.selenium.By$ByCssSelector.findElement(By.java:322)
at org.openqa.selenium.remote.RemoteWebDriver.findElement(RemoteWebDriver.java:315)
at org.openqa.selenium.By$BaseW3CLocator.findElement(By.java:399)
at org.openqa.selenium.By$ByCssSelector.findElement(By.java:322)
at org.openqa.selenium.remote.RemoteWebDriver.findElement(RemoteWebDriver.java:315)
at org.openqa.selenium.By$BaseW3CLocator.findElement(By.java:399)
at org.openqa.selenium.By$ByCssSelector.findElement(By.java:322)
at org.openqa.selenium.remote.RemoteWebDriver.findElement(RemoteWebDriver.java:315)
at org.openqa.selenium.By$BaseW3CLocator.findElement(By.java:399)
at org.openqa.selenium.By$ByCssSelector.findElement(By.java:322)
at org.openqa.selenium.remote.RemoteWebDriver.findElement(RemoteWebDriver.java:315)
at org.openqa.selenium.By$BaseW3CLocator.findElement(By.java:399)
at org.openqa.selenium.By$ByCssSelector.findElement(By.java:322)
at org.openqa.selenium.remote.RemoteWebDriver.findElement(RemoteWebDriver.java:315)
at org.openqa.selenium.By$BaseW3CLocator.findElement(By.java:399)
at org.openqa.selenium.By$ByCssSelector.findElement(By.java:322)
at org.openqa.selenium.remote.RemoteWebDriver.findElement(RemoteWebDriver.java:315)
at org.openqa.selenium.By$BaseW3CLocator.findElement(By.java:399)
at org.openqa.selenium.By$ByCssSelector.findElement(By.java:322)
at org.openqa.selenium.remote.RemoteWebDriver.findElement(RemoteWebDriver.java:315)
at org.openqa.selenium.By$BaseW3CLocator.findElement(By.java:399)
at org.openqa.selenium.By$ByCssSelector.findElement(By.java:322)
at org.openqa.selenium.remote.RemoteWebDriver.findElement(RemoteWebDriver.java:315)
at org.openqa.selenium.By$BaseW3CLocator.findElement(By.java:399)
at org.openqa.selenium.By$ByCssSelector.findElement(By.java:322)
at org.openqa.selenium.remote.RemoteWebDriver.findElement(RemoteWebDriver.java:315)
at org.openqa.selenium.By$BaseW3CLocator.findElement(By.java:399)
at org.openqa.selenium.By$ByCssSelector.findElement(By.java:322)
at org.openqa.selenium.remote.RemoteWebDriver.findElement(RemoteWebDriver.java:315)
at org.openqa.selenium.By$BaseW3CLocator.findElement(By.java:399)
at org.openqa.selenium.By$ByCssSelector.findElement(By.java:322)
at org.openqa.selenium.remote.RemoteWebDriver.findElement(RemoteWebDriver.java:315)
at org.openqa.selenium.By$BaseW3CLocator.findElement(By.java:399)
at org.openqa.selenium.By$ByCssSelector.findElement(By.java:322)
at org.openqa.selenium.remote.RemoteWebDriver.findElement(RemoteWebDriver.java:315)
at org.openqa.selenium.By$BaseW3CLocator.findElement(By.java:399)
at org.openqa.selenium.By$ByCssSelector.findElement(By.java:322)
at org.openqa.selenium.remote.RemoteWebDriver.findElement(RemoteWebDriver.java:315)
at org.openqa.selenium.By$BaseW3CLocator.findElement(By.java:399)
at org.openqa.selenium.By$ByCssSelector.findElement(By.java:322)
at org.openqa.selenium.remote.RemoteWebDriver.findElement(RemoteWebDriver.java:315)
at org.openqa.selenium.By$BaseW3CLocator.findElement(By.java:399)
at org.openqa.selenium.By$ByCssSelector.findElement(By.java:322)
at org.openqa.selenium.remote.RemoteWebDriver.findElement(RemoteWebDriver.java:315)
at org.openqa.selenium.By$BaseW3CLocator.findElement(By.java:399)
at org.openqa.selenium.By$ByCssSelector.findElement(By.java:322)
at org.openqa.selenium.remote.RemoteWebDriver.findElement(RemoteWebDriver.java:315)
at org.openqa.selenium.By$BaseW3CLocator.findElement(By.java:399)
at org.openqa.selenium.By$ByCssSelector.findElement(By.java:322)
at org.openqa.selenium.remote.RemoteWebDriver.findElement(RemoteWebDriver.java:315)
at org.openqa.selenium.By$BaseW3CLocator.findElement(By.java:399)
at org.openqa.selenium.By$ByCssSelector.findElement(By.java:322)
at org.openqa.selenium.remote.RemoteWebDriver.findElement(RemoteWebDriver.java:315)
at org.openqa.selenium.By$BaseW3CLocator.findElement(By.java:399)
at org.openqa.selenium.By$ByCssSelector.findElement(By.java:322)
at org.openqa.selenium.remote.RemoteWebDriver.findElement(RemoteWebDriver.java:315)
at org.openqa.selenium.By$BaseW3CLocator.findElement(By.java:399)
at org.openqa.selenium.By$ByCssSelector.findElement(By.java:322)
at org.openqa.selenium.remote.RemoteWebDriver.findElement(RemoteWebDriver.java:315)
at org.openqa.selenium.By$BaseW3CLocator.findElement(By.java:399)
at org.openqa.selenium.By$ByCssSelector.findElement(By.java:322)
at org.openqa.selenium.remote.RemoteWebDriver.findElement(RemoteWebDriver.java:315)
at org.openqa.selenium.By$BaseW3CLocator.findElement(By.java:399)
at org.openqa.selenium.By$ByCssSelector.findElement(By.java:322)
at org.openqa.selenium.remote.RemoteWebDriver.findElement(RemoteWebDriver.java:315)
at org.openqa.selenium.By$BaseW3CLocator.findElement(By.java:399)
at org.openqa.selenium.By$ByCssSelector.findElement(By.java:322)
at org.openqa.selenium.remote.RemoteWebDriver.findElement(RemoteWebDriver.java:315)
at org.openqa.selenium.By$BaseW3CLocator.findElement(By.java:399)
at org.openqa.selenium.By$ByCssSelector.findElement(By.java:322)
at org.openqa.selenium.remote.RemoteWebDriver.findElement(RemoteWebDriver.java:315)
at org.openqa.selenium.By$BaseW3CLocator.findElement(By.java:399)
at org.openqa.selenium.By$ByCssSelector.findElement(By.java:322)
at org.openqa.selenium.remote.RemoteWebDriver.findElement(RemoteWebDriver.java:315)
at org.openqa.selenium.By$BaseW3CLocator.findElement(By.java:399)
at org.openqa.selenium.By$ByCssSelector.findElement(By.java:322)
at org.openqa.selenium.remote.RemoteWebDriver.findElement(RemoteWebDriver.java:315)
at org.openqa.selenium.By$BaseW3CLocator.findElement(By.java:399)
at org.openqa.selenium.By$ByCssSelector.findElement(By.java:322)
at org.openqa.selenium.remote.RemoteWebDriver.findElement(RemoteWebDriver.java:315)
at org.openqa.selenium.By$BaseW3CLocator.findElement(By.java:399)
at org.openqa.selenium.By$ByCssSelector.findElement(By.java:322)
at org.openqa.selenium.remote.RemoteWebDriver.findElement(RemoteWebDriver.java:315)
at org.openqa.selenium.By$BaseW3CLocator.findElement(By.java:399)
at org.openqa.selenium.By$ByCssSelector.findElement(By.java:322)
at org.openqa.selenium.remote.RemoteWebDriver.findElement(RemoteWebDriver.java:315)
at org.openqa.selenium.By$BaseW3CLocator.findElement(By.java:399)
at org.openqa.selenium.By$ByCssSelector.findElement(By.java:322)
at org.openqa.selenium.remote.RemoteWebDriver.findElement(RemoteWebDriver.java:315)
at org.openqa.selenium.By$BaseW3CLocator.findElement(By.java:399)
at org.openqa.selenium.By$ByCssSelector.findElement(By.java:322)
at org.openqa.selenium.remote.RemoteWebDriver.findElement(RemoteWebDriver.java:315)
at org.openqa.selenium.By$BaseW3CLocator.findElement(By.java:399)
at org.openqa.selenium.By$ByCssSelector.findElement(By.java:322)
at org.openqa.selenium.remote.RemoteWebDriver.findElement(RemoteWebDriver.java:315)
at org.openqa.selenium.By$BaseW3CLocator.findElement(By.java:399)
at org.openqa.selenium.By$ByCssSelector.findElement(By.java:322)
at org.openqa.selenium.remote.RemoteWebDriver.findElement(RemoteWebDriver.java:315)
at org.openqa.selenium.By$BaseW3CLocator.findElement(By.java:399)
at org.openqa.selenium.By$ByCssSelector.findElement(By.java:322)
at org.openqa.selenium.remote.RemoteWebDriver.findElement(RemoteWebDriver.java:315)
at org.openqa.selenium.By$BaseW3CLocator.findElement(By.java:399)
at org.openqa.selenium.By$ByCssSelector.findElement(By.java:322)
at org.openqa.selenium.remote.RemoteWebDriver.findElement(RemoteWebDriver.java:315)
at org.openqa.selenium.By$BaseW3CLocator.findElement(By.java:399)
at org.openqa.selenium.By$ByCssSelector.findElement(By.java:322)
at org.openqa.selenium.remote.RemoteWebDriver.findElement(RemoteWebDriver.java:315)
at org.openqa.selenium.By$BaseW3CLocator.findElement(By.java:399)
at org.openqa.selenium.By$ByCssSelector.findElement(By.java:322)
at org.openqa.selenium.remote.RemoteWebDriver.findElement(RemoteWebDriver.java:315)
at org.openqa.selenium.By$BaseW3CLocator.findElement(By.java:399)
at org.openqa.selenium.By$ByCssSelector.findElement(By.java:322)
at org.openqa.selenium.remote.RemoteWebDriver.findElement(RemoteWebDriver.java:315)
at org.openqa.selenium.By$BaseW3CLocator.findElement(By.java:399)
at org.openqa.selenium.By$ByCssSelector.findElement(By.java:322)
at org.openqa.selenium.remote.RemoteWebDriver.findElement(RemoteWebDriver.java:315)
at org.openqa.selenium.By$BaseW3CLocator.findElement(By.java:399)
at org.openqa.selenium.By$ByCssSelector.findElement(By.java:322)
at org.openqa.selenium.remote.RemoteWebDriver.findElement(RemoteWebDriver.java:315)
at org.openqa.selenium.By$BaseW3CLocator.findElement(By.java:399)
at org.openqa.selenium.By$ByCssSelector.findElement(By.java:322)
at org.openqa.selenium.remote.RemoteWebDriver.findElement(RemoteWebDriver.java:315)
at org.openqa.selenium.By$BaseW3CLocator.findElement(By.java:399)
at org.openqa.selenium.By$ByCssSelector.findElement(By.java:322)
at org.openqa.selenium.remote.RemoteWebDriver.findElement(RemoteWebDriver.java:315)
at org.openqa.selenium.By$BaseW3CLocator.findElement(By.java:399)
at org.openqa.selenium.By$ByCssSelector.findElement(By.java:322)
at org.openqa.selenium.remote.RemoteWebDriver.findElement(RemoteWebDriver.java:315)
at org.openqa.selenium.By$BaseW3CLocator.findElement(By.java:399)
at org.openqa.selenium.By$ByCssSelector.findElement(By.java:322)
at org.openqa.selenium.remote.RemoteWebDriver.findElement(RemoteWebDriver.java:315)
at org.openqa.selenium.By$BaseW3CLocator.findElement(By.java:399)
at org.openqa.selenium.By$ByCssSelector.findElement(By.java:322)
at org.openqa.selenium.remote.RemoteWebDriver.findElement(RemoteWebDriver.java:315)
at org.openqa.selenium.By$BaseW3CLocator.findElement(By.java:399)
at org.openqa.selenium.By$ByCssSelector.findElement(By.java:322)
at org.openqa.selenium.remote.RemoteWebDriver.findElement(RemoteWebDriver.java:315)
at org.openqa.selenium.By$BaseW3CLocator.findElement(By.java:399)
at org.openqa.selenium.By$ByCssSelector.findElement(By.java:322)
at org.openqa.selenium.remote.RemoteWebDriver.findElement(RemoteWebDriver.java:315)
at org.openqa.selenium.By$BaseW3CLocator.findElement(By.java:399)
at org.openqa.selenium.By$ByCssSelector.findElement(By.java:322)
at org.openqa.selenium.remote.RemoteWebDriver.findElement(RemoteWebDriver.java:315)
at org.openqa.selenium.By$BaseW3CLocator.findElement(By.java:399)
at org.openqa.selenium.By$ByCssSelector.findElement(By.java:322)
at org.openqa.selenium.remote.RemoteWebDriver.findElement(RemoteWebDriver.java:315)
at org.openqa.selenium.By$BaseW3CLocator.findElement(By.java:399)
at org.openqa.selenium.By$ByCssSelector.findElement(By.java:322)
at org.openqa.selenium.remote.RemoteWebDriver.findElement(RemoteWebDriver.java:315)
at org.openqa.selenium.By$BaseW3CLocator.findElement(By.java:399)
at org.openqa.selenium.By$ByCssSelector.findElement(By.java:322)
at org.openqa.selenium.remote.RemoteWebDriver.findElement(RemoteWebDriver.java:315)
at org.openqa.selenium.By$BaseW3CLocator.findElement(By.java:399)
at org.openqa.selenium.By$ByCssSelector.findElement(By.java:322)
at org.openqa.selenium.remote.RemoteWebDriver.findElement(RemoteWebDriver.java:315)
at org.openqa.selenium.By$BaseW3CLocator.findElement(By.java:399)
at org.openqa.selenium.By$ByCssSelector.findElement(By.java:322)
at org.openqa.selenium.remote.RemoteWebDriver.findElement(RemoteWebDriver.java:315)
at org.openqa.selenium.By$BaseW3CLocator.findElement(By.java:399)
at org.openqa.selenium.By$ByCssSelector.findElement(By.java:322)
at org.openqa.selenium.remote.RemoteWebDriver.findElement(RemoteWebDriver.java:315)
at org.openqa.selenium.By$BaseW3CLocator.findElement(By.java:399)
at org.openqa.selenium.By$ByCssSelector.findElement(By.java:322)
at org.openqa.selenium.remote.RemoteWebDriver.findElement(RemoteWebDriver.java:315)
at org.openqa.selenium.By$BaseW3CLocator.findElement(By.java:399)
at org.openqa.selenium.By$ByCssSelector.findElement(By.java:322)
at org.openqa.selenium.remote.RemoteWebDriver.findElement(RemoteWebDriver.java:315)
at org.openqa.selenium.By$BaseW3CLocator.findElement(By.java:399)
at org.openqa.selenium.By$ByCssSelector.findElement(By.java:322)
at org.openqa.selenium.remote.RemoteWebDriver.findElement(RemoteWebDriver.java:315)
at org.openqa.selenium.By$BaseW3CLocator.findElement(By.java:399)
at org.openqa.selenium.By$ByCssSelector.findElement(By.java:322)
at org.openqa.selenium.remote.RemoteWebDriver.findElement(RemoteWebDriver.java:315)
at org.openqa.selenium.By$BaseW3CLocator.findElement(By.java:399)
at org.openqa.selenium.By$ByCssSelector.findElement(By.java:322)
at org.openqa.selenium.remote.RemoteWebDriver.findElement(RemoteWebDriver.java:315)
at org.openqa.selenium.By$BaseW3CLocator.findElement(By.java:399)
at org.openqa.selenium.By$ByCssSelector.findElement(By.java:322)
at org.openqa.selenium.remote.RemoteWebDriver.findElement(RemoteWebDriver.java:315)
at org.openqa.selenium.By$BaseW3CLocator.findElement(By.java:399)
at org.openqa.selenium.By$ByCssSelector.findElement(By.java:322)
at org.openqa.selenium.remote.RemoteWebDriver.findElement(RemoteWebDriver.java:315)
at org.openqa.selenium.By$BaseW3CLocator.findElement(By.java:399)
at org.openqa.selenium.By$ByCssSelector.findElement(By.java:322)
at org.openqa.selenium.remote.RemoteWebDriver.findElement(RemoteWebDriver.java:315)
at org.openqa.selenium.By$BaseW3CLocator.findElement(By.java:399)
at org.openqa.selenium.By$ByCssSelector.findElement(By.java:322)
at org.openqa.selenium.remote.RemoteWebDriver.findElement(RemoteWebDriver.java:315)
at org.openqa.selenium.By$BaseW3CLocator.findElement(By.java:399)
at org.openqa.selenium.By$ByCssSelector.findElement(By.java:322)
at org.openqa.selenium.remote.RemoteWebDriver.findElement(RemoteWebDriver.java:315)
at org.openqa.selenium.By$BaseW3CLocator.findElement(By.java:399)
at org.openqa.selenium.By$ByCssSelector.findElement(By.java:322)
at org.openqa.selenium.remote.RemoteWebDriver.findElement(RemoteWebDriver.java:315)
at org.openqa.selenium.By$BaseW3CLocator.findElement(By.java:399)
at org.openqa.selenium.By$ByCssSelector.findElement(By.java:322)
at org.openqa.selenium.remote.RemoteWebDriver.findElement(RemoteWebDriver.java:315)
at org.openqa.selenium.By$BaseW3CLocator.findElement(By.java:399)
at org.openqa.selenium.By$ByCssSelector.findElement(By.java:322)
at org.openqa.selenium.remote.RemoteWebDriver.findElement(RemoteWebDriver.java:315)
at org.openqa.selenium.By$BaseW3CLocator.findElement(By.java:399)
at org.openqa.selenium.By$ByCssSelector.findElement(By.java:322)
at org.openqa.selenium.remote.RemoteWebDriver.findElement(RemoteWebDriver.java:315)
at org.openqa.selenium.By$BaseW3CLocator.findElement(By.java:399)
at org.openqa.selenium.By$ByCssSelector.findElement(By.java:322)
at org.openqa.selenium.remote.RemoteWebDriver.findElement(RemoteWebDriver.java:315)
at org.openqa.selenium.By$BaseW3CLocator.findElement(By.java:399)
at org.openqa.selenium.By$ByCssSelector.findElement(By.java:322)
at org.openqa.selenium.remote.RemoteWebDriver.findElement(RemoteWebDriver.java:315)
at org.openqa.selenium.By$BaseW3CLocator.findElement(By.java:399)
at org.openqa.selenium.By$ByCssSelector.findElement(By.java:322)
at org.openqa.selenium.remote.RemoteWebDriver.findElement(RemoteWebDriver.java:315)
at org.openqa.selenium.By$BaseW3CLocator.findElement(By.java:399)
at org.openqa.selenium.By$ByCssSelector.findElement(By.java:322)
at org.openqa.selenium.remote.RemoteWebDriver.findElement(RemoteWebDriver.java:315)
at org.openqa.selenium.By$BaseW3CLocator.findElement(By.java:399)
at org.openqa.selenium.By$ByCssSelector.findElement(By.java:322)
at org.openqa.selenium.remote.RemoteWebDriver.findElement(RemoteWebDriver.java:315)
at org.openqa.selenium.By$BaseW3CLocator.findElement(By.java:399)
at org.openqa.selenium.By$ByCssSelector.findElement(By.java:322)
at org.openqa.selenium.remote.RemoteWebDriver.findElement(RemoteWebDriver.java:315)
at org.openqa.selenium.By$BaseW3CLocator.findElement(By.java:399)
at org.openqa.selenium.By$ByCssSelector.findElement(By.java:322)
at org.openqa.selenium.remote.RemoteWebDriver.findElement(RemoteWebDriver.java:315)
at org.openqa.selenium.By$BaseW3CLocator.findElement(By.java:399)
at org.openqa.selenium.By$ByCssSelector.findElement(By.java:322)
at org.openqa.selenium.remote.RemoteWebDriver.findElement(RemoteWebDriver.java:315)
at org.openqa.selenium.By$BaseW3CLocator.findElement(By.java:399)
at org.openqa.selenium.By$ByCssSelector.findElement(By.java:322)
at org.openqa.selenium.remote.RemoteWebDriver.findElement(RemoteWebDriver.java:315)
at org.openqa.selenium.By$BaseW3CLocator.findElement(By.java:399)
at org.openqa.selenium.By$ByCssSelector.findElement(By.java:322)
at org.openqa.selenium.remote.RemoteWebDriver.findElement(RemoteWebDriver.java:315)
at org.openqa.selenium.By$BaseW3CLocator.findElement(By.java:399)
at org.openqa.selenium.By$ByCssSelector.findElement(By.java:322)
at org.openqa.selenium.remote.RemoteWebDriver.findElement(RemoteWebDriver.java:315)
at org.openqa.selenium.By$BaseW3CLocator.findElement(By.java:399)
at org.openqa.selenium.By$ByCssSelector.findElement(By.java:322)
at org.openqa.selenium.remote.RemoteWebDriver.findElement(RemoteWebDriver.java:315)
at org.openqa.selenium.By$BaseW3CLocator.findElement(By.java:399)
at org.openqa.selenium.By$ByCssSelector.findElement(By.java:322)
at org.openqa.selenium.remote.RemoteWebDriver.findElement(RemoteWebDriver.java:315)
at org.openqa.selenium.By$BaseW3CLocator.findElement(By.java:399)
at org.openqa.selenium.By$ByCssSelector.findElement(By.java:322)
at org.openqa.selenium.remote.RemoteWebDriver.findElement(RemoteWebDriver.java:315)
at org.openqa.selenium.By$BaseW3CLocator.findElement(By.java:399)
at org.openqa.selenium.By$ByCssSelector.findElement(By.java:322)
at org.openqa.selenium.remote.RemoteWebDriver.findElement(RemoteWebDriver.java:315)
at org.openqa.selenium.By$BaseW3CLocator.findElement(By.java:399)
at org.openqa.selenium.By$ByCssSelector.findElement(By.java:322)
at org.openqa.selenium.remote.RemoteWebDriver.findElement(RemoteWebDriver.java:315)
at org.openqa.selenium.By$BaseW3CLocator.findElement(By.java:399)
at org.openqa.selenium.By$ByCssSelector.findElement(By.java:322)
at org.openqa.selenium.remote.RemoteWebDriver.findElement(RemoteWebDriver.java:315)
at org.openqa.selenium.By$BaseW3CLocator.findElement(By.java:399)
at org.openqa.selenium.By$ByCssSelector.findElement(By.java:322)
at org.openqa.selenium.remote.RemoteWebDriver.findElement(RemoteWebDriver.java:315)
at org.openqa.selenium.By$BaseW3CLocator.findElement(By.java:399)
at org.openqa.selenium.By$ByCssSelector.findElement(By.java:322)
at org.openqa.selenium.remote.RemoteWebDriver.findElement(RemoteWebDriver.java:315)
at org.openqa.selenium.By$BaseW3CLocator.findElement(By.java:399)
at org.openqa.selenium.By$ByCssSelector.findElement(By.java:322)
at org.openqa.selenium.remote.RemoteWebDriver.findElement(RemoteWebDriver.java:315)
at org.openqa.selenium.By$BaseW3CLocator.findElement(By.java:399)
at org.openqa.selenium.By$ByCssSelector.findElement(By.java:322)
at org.openqa.selenium.remote.RemoteWebDriver.findElement(RemoteWebDriver.java:315)
at org.openqa.selenium.By$BaseW3CLocator.findElement(By.java:399)
at org.openqa.selenium.By$ByCssSelector.findElement(By.java:322)
at org.openqa.selenium.remote.RemoteWebDriver.findElement(RemoteWebDriver.java:315)
at org.openqa.selenium.By$BaseW3CLocator.findElement(By.java:399)
at org.openqa.selenium.By$ByCssSelector.findElement(By.java:322)
at org.openqa.selenium.remote.RemoteWebDriver.findElement(RemoteWebDriver.java:315)
at org.openqa.selenium.By$BaseW3CLocator.findElement(By.java:399)
at org.openqa.selenium.By$ByCssSelector.findElement(By.java:322)
at org.openqa.selenium.remote.RemoteWebDriver.findElement(RemoteWebDriver.java:315)
at org.openqa.selenium.By$BaseW3CLocator.findElement(By.java:399)
at org.openqa.selenium.By$ByCssSelector.findElement(By.java:322)
at org.openqa.selenium.remote.RemoteWebDriver.findElement(RemoteWebDriver.java:315)
at org.openqa.selenium.By$BaseW3CLocator.findElement(By.java:399)
at org.openqa.selenium.By$ByCssSelector.findElement(By.java:322)
at org.openqa.selenium.remote.RemoteWebDriver.findElement(RemoteWebDriver.java:315)
at org.openqa.selenium.By$BaseW3CLocator.findElement(By.java:399)
at org.openqa.selenium.By$ByCssSelector.findElement(By.java:322)
at org.openqa.selenium.remote.RemoteWebDriver.findElement(RemoteWebDriver.java:315)
at org.openqa.selenium.By$BaseW3CLocator.findElement(By.java:399)
at org.openqa.selenium.By$ByCssSelector.findElement(By.java:322)
at org.openqa.selenium.remote.RemoteWebDriver.findElement(RemoteWebDriver.java:315)
at org.openqa.selenium.By$BaseW3CLocator.findElement(By.java:399)
at org.openqa.selenium.By$ByCssSelector.findElement(By.java:322)
at org.openqa.selenium.remote.RemoteWebDriver.findElement(RemoteWebDriver.java:315)
at org.openqa.selenium.By$BaseW3CLocator.findElement(By.java:399)
at org.openqa.selenium.By$ByCssSelector.findElement(By.java:322)
at org.openqa.selenium.remote.RemoteWebDriver.findElement(RemoteWebDriver.java:315)
at org.openqa.selenium.By$BaseW3CLocator.findElement(By.java:399)
at org.openqa.selenium.By$ByCssSelector.findElement(By.java:322)
at org.openqa.selenium.remote.RemoteWebDriver.findElement(RemoteWebDriver.java:315)
at org.openqa.selenium.By$BaseW3CLocator.findElement(By.java:399)
at org.openqa.selenium.By$ByCssSelector.findElement(By.java:322)
at org.openqa.selenium.remote.RemoteWebDriver.findElement(RemoteWebDriver.java:315)
at org.openqa.selenium.By$BaseW3CLocator.findElement(By.java:399)
at org.openqa.selenium.By$ByCssSelector.findElement(By.java:322)
at org.openqa.selenium.remote.RemoteWebDriver.findElement(RemoteWebDriver.java:315)
at org.openqa.selenium.By$BaseW3CLocator.findElement(By.java:399)
at org.openqa.selenium.By$ByCssSelector.findElement(By.java:322)
at org.openqa.selenium.remote.RemoteWebDriver.findElement(RemoteWebDriver.java:315)
at org.openqa.selenium.By$BaseW3CLocator.findElement(By.java:399)
at org.openqa.selenium.By$ByCssSelector.findElement(By.java:322)
at org.openqa.selenium.remote.RemoteWebDriver.findElement(RemoteWebDriver.java:315)
at org.openqa.selenium.By$BaseW3CLocator.findElement(By.java:399)
at org.openqa.selenium.By$ByCssSelector.findElement(By.java:322)
at org.openqa.selenium.remote.RemoteWebDriver.findElement(RemoteWebDriver.java:315)
at org.openqa.selenium.By$BaseW3CLocator.findElement(By.java:399)
at org.openqa.selenium.By$ByCssSelector.findElement(By.java:322)
at org.openqa.selenium.remote.RemoteWebDriver.findElement(RemoteWebDriver.java:315)
at org.openqa.selenium.By$BaseW3CLocator.findElement(By.java:399)
at org.openqa.selenium.By$ByCssSelector.findElement(By.java:322)
at org.openqa.selenium.remote.RemoteWebDriver.findElement(RemoteWebDriver.java:315)
at org.openqa.selenium.By$BaseW3CLocator.findElement(By.java:399)
at org.openqa.selenium.By$ByCssSelector.findElement(By.java:322)
at org.openqa.selenium.remote.RemoteWebDriver.findElement(RemoteWebDriver.java:315)
at org.openqa.selenium.By$BaseW3CLocator.findElement(By.java:399)
at org.openqa.selenium.By$ByCssSelector.findElement(By.java:322)
at org.openqa.selenium.remote.RemoteWebDriver.findElement(RemoteWebDriver.java:315)
at org.openqa.selenium.By$BaseW3CLocator.findElement(By.java:399)
at org.openqa.selenium.By$ByCssSelector.findElement(By.java:322)
at org.openqa.selenium.remote.RemoteWebDriver.findElement(RemoteWebDriver.java:315)
at org.openqa.selenium.By$BaseW3CLocator.findElement(By.java:399)
at org.openqa.selenium.By$ByCssSelector.findElement(By.java:322)
at org.openqa.selenium.remote.RemoteWebDriver.findElement(RemoteWebDriver.java:315)
at org.openqa.selenium.By$BaseW3CLocator.findElement(By.java:399)
at org.openqa.selenium.By$ByCssSelector.findElement(By.java:322)
at org.openqa.selenium.remote.RemoteWebDriver.findElement(RemoteWebDriver.java:315)
at org.openqa.selenium.By$BaseW3CLocator.findElement(By.java:399)
at org.openqa.selenium.By$ByCssSelector.findElement(By.java:322)
at org.openqa.selenium.remote.RemoteWebDriver.findElement(RemoteWebDriver.java:315)
at org.openqa.selenium.By$BaseW3CLocator.findElement(By.java:399)
at org.openqa.selenium.By$ByCssSelector.findElement(By.java:322)
at org.openqa.selenium.remote.RemoteWebDriver.findElement(RemoteWebDriver.java:315)
at org.openqa.selenium.By$BaseW3CLocator.findElement(By.java:399)
at org.openqa.selenium.By$ByCssSelector.findElement(By.java:322)
at org.openqa.selenium.remote.RemoteWebDriver.findElement(RemoteWebDriver.java:315)
at org.openqa.selenium.By$BaseW3CLocator.findElement(By.java:399)
at org.openqa.selenium.By$ByCssSelector.findElement(By.java:322)
at org.openqa.selenium.remote.RemoteWebDriver.findElement(RemoteWebDriver.java:315)
at org.openqa.selenium.By$BaseW3CLocator.findElement(By.java:399)
at org.openqa.selenium.By$ByCssSelector.findElement(By.java:322)
at org.openqa.selenium.remote.RemoteWebDriver.findElement(RemoteWebDriver.java:315)
at org.openqa.selenium.By$BaseW3CLocator.findElement(By.java:399)
at org.openqa.selenium.By$ByCssSelector.findElement(By.java:322)
at org.openqa.selenium.remote.RemoteWebDriver.findElement(RemoteWebDriver.java:315)
at org.openqa.selenium.By$BaseW3CLocator.findElement(By.java:399)
at org.openqa.selenium.By$ByCssSelector.findElement(By.java:322)
at org.openqa.selenium.remote.RemoteWebDriver.findElement(RemoteWebDriver.java:315)
at org.openqa.selenium.By$BaseW3CLocator.findElement(By.java:399)
at org.openqa.selenium.By$ByCssSelector.findElement(By.java:322)
at org.openqa.selenium.remote.RemoteWebDriver.findElement(RemoteWebDriver.java:315)
at org.openqa.selenium.By$BaseW3CLocator.findElement(By.java:399)
at org.openqa.selenium.By$ByCssSelector.findElement(By.java:322)
at org.openqa.selenium.remote.RemoteWebDriver.findElement(RemoteWebDriver.java:315)
at org.openqa.selenium.By$BaseW3CLocator.findElement(By.java:399)
at org.openqa.selenium.By$ByCssSelector.findElement(By.java:322)
at org.openqa.selenium.remote.RemoteWebDriver.findElement(RemoteWebDriver.java:315)
at org.openqa.selenium.By$BaseW3CLocator.findElement(By.java:399)
at org.openqa.selenium.By$ByCssSelector.findElement(By.java:322)
at org.openqa.selenium.remote.RemoteWebDriver.findElement(RemoteWebDriver.java:315)
at org.openqa.selenium.By$BaseW3CLocator.findElement(By.java:399)
at org.openqa.selenium.By$ByCssSelector.findElement(By.java:322)
at org.openqa.selenium.remote.RemoteWebDriver.findElement(RemoteWebDriver.java:315)
at org.openqa.selenium.By$BaseW3CLocator.findElement(By.java:399)
at org.openqa.selenium.By$ByCssSelector.findElement(By.java:322)
at org.openqa.selenium.remote.RemoteWebDriver.findElement(RemoteWebDriver.java:315)
at org.openqa.selenium.By$BaseW3CLocator.findElement(By.java:399)
at org.openqa.selenium.By$ByCssSelector.findElement(By.java:322)
at org.openqa.selenium.remote.RemoteWebDriver.findElement(RemoteWebDriver.java:315)
at org.openqa.selenium.By$BaseW3CLocator.findElement(By.java:399)
at org.openqa.selenium.By$ByCssSelector.findElement(By.java:322)
at org.openqa.selenium.remote.RemoteWebDriver.findElement(RemoteWebDriver.java:315)
at org.openqa.selenium.By$BaseW3CLocator.findElement(By.java:399)
at org.openqa.selenium.By$ByCssSelector.findElement(By.java:322)
at org.openqa.selenium.remote.RemoteWebDriver.findElement(RemoteWebDriver.java:315)
at org.openqa.selenium.By$BaseW3CLocator.findElement(By.java:399)
at org.openqa.selenium.By$ByCssSelector.findElement(By.java:322)
at org.openqa.selenium.remote.RemoteWebDriver.findElement(RemoteWebDriver.java:315)
at org.openqa.selenium.By$BaseW3CLocator.findElement(By.java:399)
at org.openqa.selenium.By$ByCssSelector.findElement(By.java:322)
at org.openqa.selenium.remote.RemoteWebDriver.findElement(RemoteWebDriver.java:315)
at org.openqa.selenium.By$BaseW3CLocator.findElement(By.java:399)
at org.openqa.selenium.By$ByCssSelector.findElement(By.java:322)
at org.openqa.selenium.remote.RemoteWebDriver.findElement(RemoteWebDriver.java:315)
at org.openqa.selenium.By$BaseW3CLocator.findElement(By.java:399)
at org.openqa.selenium.By$ByCssSelector.findElement(By.java:322)
at org.openqa.selenium.remote.RemoteWebDriver.findElement(RemoteWebDriver.java:315)
at org.openqa.selenium.By$BaseW3CLocator.findElement(By.java:399)
at org.openqa.selenium.By$ByCssSelector.findElement(By.java:322)
at org.openqa.selenium.remote.RemoteWebDriver.findElement(RemoteWebDriver.java:315)
at org.openqa.selenium.By$BaseW3CLocator.findElement(By.java:399)
at org.openqa.selenium.By$ByCssSelector.findElement(By.java:322)
at org.openqa.selenium.remote.RemoteWebDriver.findElement(RemoteWebDriver.java:315)
at org.openqa.selenium.By$BaseW3CLocator.findElement(By.java:399)
at org.openqa.selenium.By$ByCssSelector.findElement(By.java:322)
at org.openqa.selenium.remote.RemoteWebDriver.findElement(RemoteWebDriver.java:315)
at org.openqa.selenium.By$BaseW3CLocator.findElement(By.java:399)
at org.openqa.selenium.By$ByCssSelector.findElement(By.java:322)
at org.openqa.selenium.remote.RemoteWebDriver.findElement(RemoteWebDriver.java:315)
at org.openqa.selenium.By$BaseW3CLocator.findElement(By.java:399)
at org.openqa.selenium.By$ByCssSelector.findElement(By.java:322)
at org.openqa.selenium.remote.RemoteWebDriver.findElement(RemoteWebDriver.java:315)
at org.openqa.selenium.By$BaseW3CLocator.findElement(By.java:399)
at org.openqa.selenium.By$ByCssSelector.findElement(By.java:322)
at org.openqa.selenium.remote.RemoteWebDriver.findElement(RemoteWebDriver.java:315)
at org.openqa.selenium.By$BaseW3CLocator.findElement(By.java:399)
at org.openqa.selenium.By$ByCssSelector.findElement(By.java:322)
at org.openqa.selenium.remote.RemoteWebDriver.findElement(RemoteWebDriver.java:315)
at org.openqa.selenium.By$BaseW3CLocator.findElement(By.java:399)
at org.openqa.selenium.By$ByCssSelector.findElement(By.java:322)
at org.openqa.selenium.remote.RemoteWebDriver.findElement(RemoteWebDriver.java:315)
at org.openqa.selenium.By$BaseW3CLocator.findElement(By.java:399)
at org.openqa.selenium.By$ByCssSelector.findElement(By.java:322)
at org.openqa.selenium.remote.RemoteWebDriver.findElement(RemoteWebDriver.java:315)
at org.openqa.selenium.By$BaseW3CLocator.findElement(By.java:399)
at org.openqa.selenium.By$ByCssSelector.findElement(By.java:322)
at org.openqa.selenium.remote.RemoteWebDriver.findElement(RemoteWebDriver.java:315)
at org.openqa.selenium.By$BaseW3CLocator.findElement(By.java:399)
at org.openqa.selenium.By$ByCssSelector.findElement(By.java:322)
at org.openqa.selenium.remote.RemoteWebDriver.findElement(RemoteWebDriver.java:315)
at org.openqa.selenium.By$BaseW3CLocator.findElement(By.java:399)
at org.openqa.selenium.By$ByCssSelector.findElement(By.java:322)
at org.openqa.selenium.remote.RemoteWebDriver.findElement(RemoteWebDriver.java:315)
at org.openqa.selenium.By$BaseW3CLocator.findElement(By.java:399)
at org.openqa.selenium.By$ByCssSelector.findElement(By.java:322)
at org.openqa.selenium.remote.RemoteWebDriver.findElement(RemoteWebDriver.java:315)
at org.openqa.selenium.By$BaseW3CLocator.findElement(By.java:399)
at org.openqa.selenium.By$ByCssSelector.findElement(By.java:322)
at org.openqa.selenium.remote.RemoteWebDriver.findElement(RemoteWebDriver.java:315)
at org.openqa.selenium.By$BaseW3CLocator.findElement(By.java:399)
at org.openqa.selenium.By$ByCssSelector.findElement(By.java:322)
at org.openqa.selenium.remote.RemoteWebDriver.findElement(RemoteWebDriver.java:315)
at org.openqa.selenium.By$BaseW3CLocator.findElement(By.java:399)
at org.openqa.selenium.By$ByCssSelector.findElement(By.java:322)
at org.openqa.selenium.remote.RemoteWebDriver.findElement(RemoteWebDriver.java:315)
at org.openqa.selenium.By$BaseW3CLocator.findElement(By.java:399)
at org.openqa.selenium.By$ByCssSelector.findElement(By.java:322)
at org.openqa.selenium.remote.RemoteWebDriver.findElement(RemoteWebDriver.java:315)
at org.openqa.selenium.By$BaseW3CLocator.findElement(By.java:399)
at org.openqa.selenium.By$ByCssSelector.findElement(By.java:322)
at org.openqa.selenium.remote.RemoteWebDriver.findElement(RemoteWebDriver.java:315)
at org.openqa.selenium.By$BaseW3CLocator.findElement(By.java:399)
at org.openqa.selenium.By$ByCssSelector.findElement(By.java:322)
at org.openqa.selenium.remote.RemoteWebDriver.findElement(RemoteWebDriver.java:315)
at org.openqa.selenium.By$BaseW3CLocator.findElement(By.java:399)
at org.openqa.selenium.By$ByCssSelector.findElement(By.java:322)
at org.openqa.selenium.remote.RemoteWebDriver.findElement(RemoteWebDriver.java:315)
at org.openqa.selenium.By$BaseW3CLocator.findElement(By.java:399)
at org.openqa.selenium.By$ByCssSelector.findElement(By.java:322)
at org.openqa.selenium.remote.RemoteWebDriver.findElement(RemoteWebDriver.java:315)
at org.openqa.selenium.By$BaseW3CLocator.findElement(By.java:399)
at org.openqa.selenium.By$ByCssSelector.findElement(By.java:322)
at org.openqa.selenium.remote.RemoteWebDriver.findElement(RemoteWebDriver.java:315)
at org.openqa.selenium.By$BaseW3CLocator.findElement(By.java:399)
at org.openqa.selenium.By$ByCssSelector.findElement(By.java:322)
at org.openqa.selenium.remote.RemoteWebDriver.findElement(RemoteWebDriver.java:315)
at org.openqa.selenium.By$BaseW3CLocator.findElement(By.java:399)
at org.openqa.selenium.By$ByCssSelector.findElement(By.java:322)
at org.openqa.selenium.remote.RemoteWebDriver.findElement(RemoteWebDriver.java:315)
at org.openqa.selenium.By$BaseW3CLocator.findElement(By.java:399)
at org.openqa.selenium.By$ByCssSelector.findElement(By.java:322)
at org.openqa.selenium.remote.RemoteWebDriver.findElement(RemoteWebDriver.java:315)
at org.openqa.selenium.By$BaseW3CLocator.findElement(By.java:399)
at org.openqa.selenium.By$ByCssSelector.findElement(By.java:322)
at org.openqa.selenium.remote.RemoteWebDriver.findElement(RemoteWebDriver.java:315)
at org.openqa.selenium.By$BaseW3CLocator.findElement(By.java:399)
at org.openqa.selenium.By$ByCssSelector.findElement(By.java:322)
at org.openqa.selenium.remote.RemoteWebDriver.findElement(RemoteWebDriver.java:315)
at org.openqa.selenium.By$BaseW3CLocator.findElement(By.java:399)
at org.openqa.selenium.By$ByCssSelector.findElement(By.java:322)
at org.openqa.selenium.remote.RemoteWebDriver.findElement(RemoteWebDriver.java:315)
at org.openqa.selenium.By$BaseW3CLocator.findElement(By.java:399)
at org.openqa.selenium.By$ByCssSelector.findElement(By.java:322)
at org.openqa.selenium.remote.RemoteWebDriver.findElement(RemoteWebDriver.java:315)
at org.openqa.selenium.By$BaseW3CLocator.findElement(By.java:399)
at org.openqa.selenium.By$ByCssSelector.findElement(By.java:322)
at org.openqa.selenium.remote.RemoteWebDriver.findElement(RemoteWebDriver.java:315)
at org.openqa.selenium.By$BaseW3CLocator.findElement(By.java:399)
at org.openqa.selenium.By$ByCssSelector.findElement(By.java:322)
at org.openqa.selenium.remote.RemoteWebDriver.findElement(RemoteWebDriver.java:315)
at org.openqa.selenium.By$BaseW3CLocator.findElement(By.java:399)
at org.openqa.selenium.By$ByCssSelector.findElement(By.java:322)
at org.openqa.selenium.remote.RemoteWebDriver.findElement(RemoteWebDriver.java:315)
at org.openqa.selenium.By$BaseW3CLocator.findElement(By.java:399)
at org.openqa.selenium.By$ByCssSelector.findElement(By.java:322)
at org.openqa.selenium.remote.RemoteWebDriver.findElement(RemoteWebDriver.java:315)
at org.openqa.selenium.By$BaseW3CLocator.findElement(By.java:399)
at org.openqa.selenium.By$ByCssSelector.findElement(By.java:322)
at org.openqa.selenium.remote.RemoteWebDriver.findElement(RemoteWebDriver.java:315)
at org.openqa.selenium.By$BaseW3CLocator.findElement(By.java:399)
at org.openqa.selenium.By$ByCssSelector.findElement(By.java:322)
at org.openqa.selenium.remote.RemoteWebDriver.findElement(RemoteWebDriver.java:315)
at org.openqa.selenium.By$BaseW3CLocator.findElement(By.java:399)
at org.openqa.selenium.By$ByCssSelector.findElement(By.java:322)
at org.openqa.selenium.remote.RemoteWebDriver.findElement(RemoteWebDriver.java:315)
at org.openqa.selenium.By$BaseW3CLocator.findElement(By.java:399)
at org.openqa.selenium.By$ByCssSelector.findElement(By.java:322)
at org.openqa.selenium.remote.RemoteWebDriver.findElement(RemoteWebDriver.java:315)
at org.openqa.selenium.By$BaseW3CLocator.findElement(By.java:399)
at org.openqa.selenium.By$ByCssSelector.findElement(By.java:322)
at org.openqa.selenium.remote.RemoteWebDriver.findElement(RemoteWebDriver.java:315)
at org.openqa.selenium.By$BaseW3CLocator.findElement(By.java:399)
at org.openqa.selenium.By$ByCssSelector.findElement(By.java:322)
at org.openqa.selenium.remote.RemoteWebDriver.findElement(RemoteWebDriver.java:315)
at org.openqa.selenium.By$BaseW3CLocator.findElement(By.java:399)
at org.openqa.selenium.By$ByCssSelector.findElement(By.java:322)
at org.openqa.selenium.remote.RemoteWebDriver.findElement(RemoteWebDriver.java:315)
at org.openqa.selenium.By$BaseW3CLocator.findElement(By.java:399)
at org.openqa.selenium.By$ByCssSelector.findElement(By.java:322)
at org.openqa.selenium.remote.RemoteWebDriver.findElement(RemoteWebDriver.java:315)
at org.openqa.selenium.By$BaseW3CLocator.findElement(By.java:399)
at org.openqa.selenium.By$ByCssSelector.findElement(By.java:322)
at org.openqa.selenium.remote.RemoteWebDriver.findElement(RemoteWebDriver.java:315)
at org.openqa.selenium.By$BaseW3CLocator.findElement(By.java:399)
at org.openqa.selenium.By$ByCssSelector.findElement(By.java:322)
at org.openqa.selenium.remote.RemoteWebDriver.findElement(RemoteWebDriver.java:315)
at org.openqa.selenium.By$BaseW3CLocator.findElement(By.java:399)
at org.openqa.selenium.By$ByCssSelector.findElement(By.java:322)
at org.openqa.selenium.remote.RemoteWebDriver.findElement(RemoteWebDriver.java:315)
at org.openqa.selenium.By$BaseW3CLocator.findElement(By.java:399)
at org.openqa.selenium.By$ByCssSelector.findElement(By.java:322)
at org.openqa.selenium.remote.RemoteWebDriver.findElement(RemoteWebDriver.java:315)
at org.openqa.selenium.By$BaseW3CLocator.findElement(By.java:399)
at org.openqa.selenium.By$ByCssSelector.findElement(By.java:322)
at org.openqa.selenium.remote.RemoteWebDriver.findElement(RemoteWebDriver.java:315)
at org.openqa.selenium.By$BaseW3CLocator.findElement(By.java:399)
at org.openqa.selenium.By$ByCssSelector.findElement(By.java:322)
at org.openqa.selenium.remote.RemoteWebDriver.findElement(RemoteWebDriver.java:315)
at org.openqa.selenium.By$BaseW3CLocator.findElement(By.java:399)
at org.openqa.selenium.By$ByCssSelector.findElement(By.java:322)
at org.openqa.selenium.remote.RemoteWebDriver.findElement(RemoteWebDriver.java:315)
at org.openqa.selenium.By$BaseW3CLocator.findElement(By.java:399)
at org.openqa.selenium.By$ByCssSelector.findElement(By.java:322)
at org.openqa.selenium.remote.RemoteWebDriver.findElement(RemoteWebDriver.java:315)
at org.openqa.selenium.By$BaseW3CLocator.findElement(By.java:399)
at org.openqa.selenium.By$ByCssSelector.findElement(By.java:322)
at org.openqa.selenium.remote.RemoteWebDriver.findElement(RemoteWebDriver.java:315)
at org.openqa.selenium.By$BaseW3CLocator.findElement(By.java:399)
at org.openqa.selenium.By$ByCssSelector.findElement(By.java:322)
at org.openqa.selenium.remote.RemoteWebDriver.findElement(RemoteWebDriver.java:315)
at org.openqa.selenium.By$BaseW3CLocator.findElement(By.java:399)
at org.openqa.selenium.By$ByCssSelector.findElement(By.java:322)
at org.openqa.selenium.remote.RemoteWebDriver.findElement(RemoteWebDriver.java:315)
at org.openqa.selenium.By$BaseW3CLocator.findElement(By.java:399)
at org.openqa.selenium.By$ByCssSelector.findElement(By.java:322)
at org.openqa.selenium.remote.RemoteWebDriver.findElement(RemoteWebDriver.java:315)
at org.openqa.selenium.By$BaseW3CLocator.findElement(By.java:399)
at org.openqa.selenium.By$ByCssSelector.findElement(By.java:322)
at org.openqa.selenium.remote.RemoteWebDriver.findElement(RemoteWebDriver.java:315)
at org.openqa.selenium.By$BaseW3CLocator.findElement(By.java:399)
at org.openqa.selenium.By$ByCssSelector.findElement(By.java:322)
at org.openqa.selenium.remote.RemoteWebDriver.findElement(RemoteWebDriver.java:315)
at org.openqa.selenium.By$BaseW3CLocator.findElement(By.java:399)
at org.openqa.selenium.By$ByCssSelector.findElement(By.java:322)
at org.openqa.selenium.remote.RemoteWebDriver.findElement(RemoteWebDriver.java:315)
at org.openqa.selenium.By$BaseW3CLocator.findElement(By.java:399)
at org.openqa.selenium.By$ByCssSelector.findElement(By.java:322)
at org.openqa.selenium.remote.RemoteWebDriver.findElement(RemoteWebDriver.java:315)
at org.openqa.selenium.By$BaseW3CLocator.findElement(By.java:399)
at org.openqa.selenium.By$ByCssSelector.findElement(By.java:322)
at org.openqa.selenium.remote.RemoteWebDriver.findElement(RemoteWebDriver.java:315)
at org.openqa.selenium.By$BaseW3CLocator.findElement(By.java:399)
at org.openqa.selenium.By$ByCssSelector.findElement(By.java:322)
at org.openqa.selenium.remote.RemoteWebDriver.findElement(RemoteWebDriver.java:315)
at org.openqa.selenium.By$BaseW3CLocator.findElement(By.java:399)
at org.openqa.selenium.By$ByCssSelector.findElement(By.java:322)
at org.openqa.selenium.remote.RemoteWebDriver.findElement(RemoteWebDriver.java:315)
at org.openqa.selenium.By$BaseW3CLocator.findElement(By.java:399)
at org.openqa.selenium.By$ByCssSelector.findElement(By.java:322)
at org.openqa.selenium.remote.RemoteWebDriver.findElement(RemoteWebDriver.java:315)
at org.openqa.selenium.By$BaseW3CLocator.findElement(By.java:399)
at org.openqa.selenium.By$ByCssSelector.findElement(By.java:322)
at org.openqa.selenium.remote.RemoteWebDriver.findElement(RemoteWebDriver.java:315)
at org.openqa.selenium.By$BaseW3CLocator.findElement(By.java:399)
]]>
    </failure>
  </testcase> <!-- @BeforeSuite base -->
  <testcase classname="base.BaseInit" name="@BeforeMethod testMethodName" time="-1.661150148098E9">
    <skipped/>
  </testcase> <!-- @BeforeMethod testMethodName -->
  <testcase classname="base.BaseInit" name="@AfterMethod getResult" time="-1.661150148118E9">
    <skipped/>
  </testcase> <!-- @AfterMethod getResult -->
  <testcase classname="base.ServiceDetail" name="SvcDetail" time="0.0">
    <skipped/>
  </testcase> <!-- SvcDetail -->
</testsuite> <!-- ServiceDetail -->
