<?xml version="1.0" encoding="UTF-8"?>
<testng-results ignored="0" total="1" passed="0" failed="0" skipped="1">
  <reporter-output>
  </reporter-output>
  <suite started-at="2022-08-22T12:05:48 IST" name="Connect_order" finished-at="2022-08-22T12:05:48 IST" duration-ms="58">
    <groups>
    </groups>
    <test started-at="2022-08-22T12:05:48 IST" name="ServiceDetail" finished-at="2022-08-22T12:05:48 IST" duration-ms="58">
      <class name="base.ServiceDetail">
        <test-method is-config="true" signature="base()[pri:0, instance:base.ServiceDetail@368247b9]" started-at="2022-08-22T12:05:33 IST" name="base" finished-at="2022-08-22T12:05:48 IST" duration-ms="14585" status="FAIL">
          <exception class="java.lang.StackOverflowError">
            <full-stacktrace>
              <![CDATA[java.lang.StackOverflowError
at org.openqa.selenium.By$BaseW3CLocator.findElement(By.java:398)
at org.openqa.selenium.By$ByCssSelector.findElement(By.java:322)
at org.openqa.selenium.remote.RemoteWebDriver.findElement(RemoteWebDriver.java:315)
at org.openqa.selenium.By$BaseW3CLocator.findElement(By.java:399)
at org.openqa.selenium.By$ByCssSelector.findElement(By.java:322)
at org.openqa.selenium.remote.RemoteWebDriver.findElement(RemoteWebDriver.java:315)
at org.openqa.selenium.By$BaseW3CLocator.findElement(By.java:399)
at org.openqa.selenium.By$ByCssSelector.findElement(By.java:322)
at org.openqa.selenium.remote.RemoteWebDriver.findElement(RemoteWebDriver.java:315)
at org.openqa.selenium.By$BaseW3CLocator.findElement(By.java:399)
at org.openqa.selenium.By$ByCssSelector.findElement(By.java:322)
at org.openqa.selenium.remote.RemoteWebDriver.findElement(RemoteWebDriver.java:315)
at org.openqa.selenium.By$BaseW3CLocator.findElement(By.java:399)
at org.openqa.selenium.By$ByCssSelector.findElement(By.java:322)
at org.openqa.selenium.remote.RemoteWebDriver.findElement(RemoteWebDriver.java:315)
at org.openqa.selenium.By$BaseW3CLocator.findElement(By.java:399)
at org.openqa.selenium.By$ByCssSelector.findElement(By.java:322)
at org.openqa.selenium.remote.RemoteWebDriver.findElement(RemoteWebDriver.java:315)
at org.openqa.selenium.By$BaseW3CLocator.findElement(By.java:399)
at org.openqa.selenium.By$ByCssSelector.findElement(By.java:322)
at org.openqa.selenium.remote.RemoteWebDriver.findElement(RemoteWebDriver.java:315)
at org.openqa.selenium.By$BaseW3CLocator.findElement(By.java:399)
at org.openqa.selenium.By$ByCssSelector.findElement(By.java:322)
at org.openqa.selenium.remote.RemoteWebDriver.findElement(RemoteWebDriver.java:315)
at org.openqa.selenium.By$BaseW3CLocator.findElement(By.java:399)
at org.openqa.selenium.By$ByCssSelector.findElement(By.java:322)
at org.openqa.selenium.remote.RemoteWebDriver.findElement(RemoteWebDriver.java:315)
at org.openqa.selenium.By$BaseW3CLocator.findElement(By.java:399)
at org.openqa.selenium.By$ByCssSelector.findElement(By.java:322)
at org.openqa.selenium.remote.RemoteWebDriver.findElement(RemoteWebDriver.java:315)
at org.openqa.selenium.By$BaseW3CLocator.findElement(By.java:399)
at org.openqa.selenium.By$ByCssSelector.findElement(By.java:322)
at org.openqa.selenium.remote.RemoteWebDriver.findElement(RemoteWebDriver.java:315)
at org.openqa.selenium.By$BaseW3CLocator.findElement(By.java:399)
at org.openqa.selenium.By$ByCssSelector.findElement(By.java:322)
at org.openqa.selenium.remote.RemoteWebDriver.findElement(RemoteWebDriver.java:315)
at org.openqa.selenium.By$BaseW3CLocator.findElement(By.java:399)
at org.openqa.selenium.By$ByCssSelector.findElement(By.java:322)
at org.openqa.selenium.remote.RemoteWebDriver.findElement(RemoteWebDriver.java:315)
at org.openqa.selenium.By$BaseW3CLocator.findElement(By.java:399)
at org.openqa.selenium.By$ByCssSelector.findElement(By.java:322)
at org.openqa.selenium.remote.RemoteWebDriver.findElement(RemoteWebDriver.java:315)
at org.openqa.selenium.By$BaseW3CLocator.findElement(By.java:399)
at org.openqa.selenium.By$ByCssSelector.findElement(By.java:322)
at org.openqa.selenium.remote.RemoteWebDriver.findElement(RemoteWebDriver.java:315)
at org.openqa.selenium.By$BaseW3CLocator.findElement(By.java:399)
at org.openqa.selenium.By$ByCssSelector.findElement(By.java:322)
at org.openqa.selenium.remote.RemoteWebDriver.findElement(RemoteWebDriver.java:315)
at org.openqa.selenium.By$BaseW3CLocator.findElement(By.java:399)
at org.openqa.selenium.By$ByCssSelector.findElement(By.java:322)
at org.openqa.selenium.remote.RemoteWebDriver.findElement(RemoteWebDriver.java:315)
at org.openqa.selenium.By$BaseW3CLocator.findElement(By.java:399)
at org.openqa.selenium.By$ByCssSelector.findElement(By.java:322)
at org.openqa.selenium.remote.RemoteWebDriver.findElement(RemoteWebDriver.java:315)
at org.openqa.selenium.By$BaseW3CLocator.findElement(By.java:399)
at org.openqa.selenium.By$ByCssSelector.findElement(By.java:322)
at org.openqa.selenium.remote.RemoteWebDriver.findElement(RemoteWebDriver.java:315)
at org.openqa.selenium.By$BaseW3CLocator.findElement(By.java:399)
at org.openqa.selenium.By$ByCssSelector.findElement(By.java:322)
at org.openqa.selenium.remote.RemoteWebDriver.findElement(RemoteWebDriver.java:315)
at org.openqa.selenium.By$BaseW3CLocator.findElement(By.java:399)
at org.openqa.selenium.By$ByCssSelector.findElement(By.java:322)
at org.openqa.selenium.remote.RemoteWebDriver.findElement(RemoteWebDriver.java:315)
at org.openqa.selenium.By$BaseW3CLocator.findElement(By.java:399)
at org.openqa.selenium.By$ByCssSelector.findElement(By.java:322)
at org.openqa.selenium.remote.RemoteWebDriver.findElement(RemoteWebDriver.java:315)
at org.openqa.selenium.By$BaseW3CLocator.findElement(By.java:399)
at org.openqa.selenium.By$ByCssSelector.findElement(By.java:322)
at org.openqa.selenium.remote.RemoteWebDriver.findElement(RemoteWebDriver.java:315)
at org.openqa.selenium.By$BaseW3CLocator.findElement(By.java:399)
at org.openqa.selenium.By$ByCssSelector.findElement(By.java:322)
at org.openqa.selenium.remote.RemoteWebDriver.findElement(RemoteWebDriver.java:315)
at org.openqa.selenium.By$BaseW3CLocator.findElement(By.java:399)
at org.openqa.selenium.By$ByCssSelector.findElement(By.java:322)
at org.openqa.selenium.remote.RemoteWebDriver.findElement(RemoteWebDriver.java:315)
at org.openqa.selenium.By$BaseW3CLocator.findElement(By.java:399)
at org.openqa.selenium.By$ByCssSelector.findElement(By.java:322)
at org.openqa.selenium.remote.RemoteWebDriver.findElement(RemoteWebDriver.java:315)
at org.openqa.selenium.By$BaseW3CLocator.findElement(By.java:399)
at org.openqa.selenium.By$ByCssSelector.findElement(By.java:322)
at org.openqa.selenium.remote.RemoteWebDriver.findElement(RemoteWebDriver.java:315)
at org.openqa.selenium.By$BaseW3CLocator.findElement(By.java:399)
at org.openqa.selenium.By$ByCssSelector.findElement(By.java:322)
at org.openqa.selenium.remote.RemoteWebDriver.findElement(RemoteWebDriver.java:315)
at org.openqa.selenium.By$BaseW3CLocator.findElement(By.java:399)
at org.openqa.selenium.By$ByCssSelector.findElement(By.java:322)
at org.openqa.selenium.remote.RemoteWebDriver.findElement(RemoteWebDriver.java:315)
at org.openqa.selenium.By$BaseW3CLocator.findElement(By.java:399)
at org.openqa.selenium.By$ByCssSelector.findElement(By.java:322)
at org.openqa.selenium.remote.RemoteWebDriver.findElement(RemoteWebDriver.java:315)
at org.openqa.selenium.By$BaseW3CLocator.findElement(By.java:399)
at org.openqa.selenium.By$ByCssSelector.findElement(By.java:322)
at org.openqa.selenium.remote.RemoteWebDriver.findElement(RemoteWebDriver.java:315)
at org.openqa.selenium.By$BaseW3CLocator.findElement(By.java:399)
at org.openqa.selenium.By$ByCssSelector.findElement(By.java:322)
at org.openqa.selenium.remote.RemoteWebDriver.findElement(RemoteWebDriver.java:315)
at org.openqa.selenium.By$BaseW3CLocator.findElement(By.java:399)
at org.openqa.selenium.By$ByCssSelector.findElement(By.java:322)
at org.openqa.selenium.remote.RemoteWebDriver.findElement(RemoteWebDriver.java:315)
at org.openqa.selenium.By$BaseW3CLocator.findElement(By.java:399)
at org.openqa.selenium.By$ByCssSelector.findElement(By.java:322)
at org.openqa.selenium.remote.RemoteWebDriver.findElement(RemoteWebDriver.java:315)
at org.openqa.selenium.By$BaseW3CLocator.findElement(By.java:399)
at org.openqa.selenium.By$ByCssSelector.findElement(By.java:322)
at org.openqa.selenium.remote.RemoteWebDriver.findElement(RemoteWebDriver.java:315)
at org.openqa.selenium.By$BaseW3CLocator.findElement(By.java:399)
at org.openqa.selenium.By$ByCssSelector.findElement(By.java:322)
at org.openqa.selenium.remote.RemoteWebDriver.findElement(RemoteWebDriver.java:315)
at org.openqa.selenium.By$BaseW3CLocator.findElement(By.java:399)
at org.openqa.selenium.By$ByCssSelector.findElement(By.java:322)
at org.openqa.selenium.remote.RemoteWebDriver.findElement(RemoteWebDriver.java:315)
at org.openqa.selenium.By$BaseW3CLocator.findElement(By.java:399)
at org.openqa.selenium.By$ByCssSelector.findElement(By.java:322)
at org.openqa.selenium.remote.RemoteWebDriver.findElement(RemoteWebDriver.java:315)
at org.openqa.selenium.By$BaseW3CLocator.findElement(By.java:399)
at org.openqa.selenium.By$ByCssSelector.findElement(By.java:322)
at org.openqa.selenium.remote.RemoteWebDriver.findElement(RemoteWebDriver.java:315)
at org.openqa.selenium.By$BaseW3CLocator.findElement(By.java:399)
at org.openqa.selenium.By$ByCssSelector.findElement(By.java:322)
at org.openqa.selenium.remote.RemoteWebDriver.findElement(RemoteWebDriver.java:315)
at org.openqa.selenium.By$BaseW3CLocator.findElement(By.java:399)
at org.openqa.selenium.By$ByCssSelector.findElement(By.java:322)
at org.openqa.selenium.remote.RemoteWebDriver.findElement(RemoteWebDriver.java:315)
at org.openqa.selenium.By$BaseW3CLocator.findElement(By.java:399)
at org.openqa.selenium.By$ByCssSelector.findElement(By.java:322)
at org.openqa.selenium.remote.RemoteWebDriver.findElement(RemoteWebDriver.java:315)
at org.openqa.selenium.By$BaseW3CLocator.findElement(By.java:399)
at org.openqa.selenium.By$ByCssSelector.findElement(By.java:322)
at org.openqa.selenium.remote.RemoteWebDriver.findElement(RemoteWebDriver.java:315)
at org.openqa.selenium.By$BaseW3CLocator.findElement(By.java:399)
at org.openqa.selenium.By$ByCssSelector.findElement(By.java:322)
at org.openqa.selenium.remote.RemoteWebDriver.findElement(RemoteWebDriver.java:315)
at org.openqa.selenium.By$BaseW3CLocator.findElement(By.java:399)
at org.openqa.selenium.By$ByCssSelector.findElement(By.java:322)
at org.openqa.selenium.remote.RemoteWebDriver.findElement(RemoteWebDriver.java:315)
at org.openqa.selenium.By$BaseW3CLocator.findElement(By.java:399)
at org.openqa.selenium.By$ByCssSelector.findElement(By.java:322)
at org.openqa.selenium.remote.RemoteWebDriver.findElement(RemoteWebDriver.java:315)
at org.openqa.selenium.By$BaseW3CLocator.findElement(By.java:399)
at org.openqa.selenium.By$ByCssSelector.findElement(By.java:322)
at org.openqa.selenium.remote.RemoteWebDriver.findElement(RemoteWebDriver.java:315)
at org.openqa.selenium.By$BaseW3CLocator.findElement(By.java:399)
at org.openqa.selenium.By$ByCssSelector.findElement(By.java:322)
at org.openqa.selenium.remote.RemoteWebDriver.findElement(RemoteWebDriver.java:315)
at org.openqa.selenium.By$BaseW3CLocator.findElement(By.java:399)
at org.openqa.selenium.By$ByCssSelector.findElement(By.java:322)
at org.openqa.selenium.remote.RemoteWebDriver.findElement(RemoteWebDriver.java:315)
at org.openqa.selenium.By$BaseW3CLocator.findElement(By.java:399)
at org.openqa.selenium.By$ByCssSelector.findElement(By.java:322)
at org.openqa.selenium.remote.RemoteWebDriver.findElement(RemoteWebDriver.java:315)
at org.openqa.selenium.By$BaseW3CLocator.findElement(By.java:399)
at org.openqa.selenium.By$ByCssSelector.findElement(By.java:322)
at org.openqa.selenium.remote.RemoteWebDriver.findElement(RemoteWebDriver.java:315)
at org.openqa.selenium.By$BaseW3CLocator.findElement(By.java:399)
at org.openqa.selenium.By$ByCssSelector.findElement(By.java:322)
at org.openqa.selenium.remote.RemoteWebDriver.findElement(RemoteWebDriver.java:315)
at org.openqa.selenium.By$BaseW3CLocator.findElement(By.java:399)
at org.openqa.selenium.By$ByCssSelector.findElement(By.java:322)
at org.openqa.selenium.remote.RemoteWebDriver.findElement(RemoteWebDriver.java:315)
at org.openqa.selenium.By$BaseW3CLocator.findElement(By.java:399)
at org.openqa.selenium.By$ByCssSelector.findElement(By.java:322)
at org.openqa.selenium.remote.RemoteWebDriver.findElement(RemoteWebDriver.java:315)
at org.openqa.selenium.By$BaseW3CLocator.findElement(By.java:399)
at org.openqa.selenium.By$ByCssSelector.findElement(By.java:322)
at org.openqa.selenium.remote.RemoteWebDriver.findElement(RemoteWebDriver.java:315)
at org.openqa.selenium.By$BaseW3CLocator.findElement(By.java:399)
at org.openqa.selenium.By$ByCssSelector.findElement(By.java:322)
at org.openqa.selenium.remote.RemoteWebDriver.findElement(RemoteWebDriver.java:315)
at org.openqa.selenium.By$BaseW3CLocator.findElement(By.java:399)
at org.openqa.selenium.By$ByCssSelector.findElement(By.java:322)
at org.openqa.selenium.remote.RemoteWebDriver.findElement(RemoteWebDriver.java:315)
at org.openqa.selenium.By$BaseW3CLocator.findElement(By.java:399)
at org.openqa.selenium.By$ByCssSelector.findElement(By.java:322)
at org.openqa.selenium.remote.RemoteWebDriver.findElement(RemoteWebDriver.java:315)
at org.openqa.selenium.By$BaseW3CLocator.findElement(By.java:399)
at org.openqa.selenium.By$ByCssSelector.findElement(By.java:322)
at org.openqa.selenium.remote.RemoteWebDriver.findElement(RemoteWebDriver.java:315)
at org.openqa.selenium.By$BaseW3CLocator.findElement(By.java:399)
at org.openqa.selenium.By$ByCssSelector.findElement(By.java:322)
at org.openqa.selenium.remote.RemoteWebDriver.findElement(RemoteWebDriver.java:315)
at org.openqa.selenium.By$BaseW3CLocator.findElement(By.java:399)
at org.openqa.selenium.By$ByCssSelector.findElement(By.java:322)
at org.openqa.selenium.remote.RemoteWebDriver.findElement(RemoteWebDriver.java:315)
at org.openqa.selenium.By$BaseW3CLocator.findElement(By.java:399)
at org.openqa.selenium.By$ByCssSelector.findElement(By.java:322)
at org.openqa.selenium.remote.RemoteWebDriver.findElement(RemoteWebDriver.java:315)
at org.openqa.selenium.By$BaseW3CLocator.findElement(By.java:399)
at org.openqa.selenium.By$ByCssSelector.findElement(By.java:322)
at org.openqa.selenium.remote.RemoteWebDriver.findElement(RemoteWebDriver.java:315)
at org.openqa.selenium.By$BaseW3CLocator.findElement(By.java:399)
at org.openqa.selenium.By$ByCssSelector.findElement(By.java:322)
at org.openqa.selenium.remote.RemoteWebDriver.findElement(RemoteWebDriver.java:315)
at org.openqa.selenium.By$BaseW3CLocator.findElement(By.java:399)
at org.openqa.selenium.By$ByCssSelector.findElement(By.java:322)
at org.openqa.selenium.remote.RemoteWebDriver.findElement(RemoteWebDriver.java:315)
at org.openqa.selenium.By$BaseW3CLocator.findElement(By.java:399)
at org.openqa.selenium.By$ByCssSelector.findElement(By.java:322)
at org.openqa.selenium.remote.RemoteWebDriver.findElement(RemoteWebDriver.java:315)
at org.openqa.selenium.By$BaseW3CLocator.findElement(By.java:399)
at org.openqa.selenium.By$ByCssSelector.findElement(By.java:322)
at org.openqa.selenium.remote.RemoteWebDriver.findElement(RemoteWebDriver.java:315)
at org.openqa.selenium.By$BaseW3CLocator.findElement(By.java:399)
at org.openqa.selenium.By$ByCssSelector.findElement(By.java:322)
at org.openqa.selenium.remote.RemoteWebDriver.findElement(RemoteWebDriver.java:315)
at org.openqa.selenium.By$BaseW3CLocator.findElement(By.java:399)
at org.openqa.selenium.By$ByCssSelector.findElement(By.java:322)
at org.openqa.selenium.remote.RemoteWebDriver.findElement(RemoteWebDriver.java:315)
at org.openqa.selenium.By$BaseW3CLocator.findElement(By.java:399)
at org.openqa.selenium.By$ByCssSelector.findElement(By.java:322)
at org.openqa.selenium.remote.RemoteWebDriver.findElement(RemoteWebDriver.java:315)
at org.openqa.selenium.By$BaseW3CLocator.findElement(By.java:399)
at org.openqa.selenium.By$ByCssSelector.findElement(By.java:322)
at org.openqa.selenium.remote.RemoteWebDriver.findElement(RemoteWebDriver.java:315)
at org.openqa.selenium.By$BaseW3CLocator.findElement(By.java:399)
at org.openqa.selenium.By$ByCssSelector.findElement(By.java:322)
at org.openqa.selenium.remote.RemoteWebDriver.findElement(RemoteWebDriver.java:315)
at org.openqa.selenium.By$BaseW3CLocator.findElement(By.java:399)
at org.openqa.selenium.By$ByCssSelector.findElement(By.java:322)
at org.openqa.selenium.remote.RemoteWebDriver.findElement(RemoteWebDriver.java:315)
at org.openqa.selenium.By$BaseW3CLocator.findElement(By.java:399)
at org.openqa.selenium.By$ByCssSelector.findElement(By.java:322)
at org.openqa.selenium.remote.RemoteWebDriver.findElement(RemoteWebDriver.java:315)
at org.openqa.selenium.By$BaseW3CLocator.findElement(By.java:399)
at org.openqa.selenium.By$ByCssSelector.findElement(By.java:322)
at org.openqa.selenium.remote.RemoteWebDriver.findElement(RemoteWebDriver.java:315)
at org.openqa.selenium.By$BaseW3CLocator.findElement(By.java:399)
at org.openqa.selenium.By$ByCssSelector.findElement(By.java:322)
at org.openqa.selenium.remote.RemoteWebDriver.findElement(RemoteWebDriver.java:315)
at org.openqa.selenium.By$BaseW3CLocator.findElement(By.java:399)
at org.openqa.selenium.By$ByCssSelector.findElement(By.java:322)
at org.openqa.selenium.remote.RemoteWebDriver.findElement(RemoteWebDriver.java:315)
at org.openqa.selenium.By$BaseW3CLocator.findElement(By.java:399)
at org.openqa.selenium.By$ByCssSelector.findElement(By.java:322)
at org.openqa.selenium.remote.RemoteWebDriver.findElement(RemoteWebDriver.java:315)
at org.openqa.selenium.By$BaseW3CLocator.findElement(By.java:399)
at org.openqa.selenium.By$ByCssSelector.findElement(By.java:322)
at org.openqa.selenium.remote.RemoteWebDriver.findElement(RemoteWebDriver.java:315)
at org.openqa.selenium.By$BaseW3CLocator.findElement(By.java:399)
at org.openqa.selenium.By$ByCssSelector.findElement(By.java:322)
at org.openqa.selenium.remote.RemoteWebDriver.findElement(RemoteWebDriver.java:315)
at org.openqa.selenium.By$BaseW3CLocator.findElement(By.java:399)
at org.openqa.selenium.By$ByCssSelector.findElement(By.java:322)
at org.openqa.selenium.remote.RemoteWebDriver.findElement(RemoteWebDriver.java:315)
at org.openqa.selenium.By$BaseW3CLocator.findElement(By.java:399)
at org.openqa.selenium.By$ByCssSelector.findElement(By.java:322)
at org.openqa.selenium.remote.RemoteWebDriver.findElement(RemoteWebDriver.java:315)
at org.openqa.selenium.By$BaseW3CLocator.findElement(By.java:399)
at org.openqa.selenium.By$ByCssSelector.findElement(By.java:322)
at org.openqa.selenium.remote.RemoteWebDriver.findElement(RemoteWebDriver.java:315)
at org.openqa.selenium.By$BaseW3CLocator.findElement(By.java:399)
at org.openqa.selenium.By$ByCssSelector.findElement(By.java:322)
at org.openqa.selenium.remote.RemoteWebDriver.findElement(RemoteWebDriver.java:315)
at org.openqa.selenium.By$BaseW3CLocator.findElement(By.java:399)
at org.openqa.selenium.By$ByCssSelector.findElement(By.java:322)
at org.openqa.selenium.remote.RemoteWebDriver.findElement(RemoteWebDriver.java:315)
at org.openqa.selenium.By$BaseW3CLocator.findElement(By.java:399)
at org.openqa.selenium.By$ByCssSelector.findElement(By.java:322)
at org.openqa.selenium.remote.RemoteWebDriver.findElement(RemoteWebDriver.java:315)
at org.openqa.selenium.By$BaseW3CLocator.findElement(By.java:399)
at org.openqa.selenium.By$ByCssSelector.findElement(By.java:322)
at org.openqa.selenium.remote.RemoteWebDriver.findElement(RemoteWebDriver.java:315)
at org.openqa.selenium.By$BaseW3CLocator.findElement(By.java:399)
at org.openqa.selenium.By$ByCssSelector.findElement(By.java:322)
at org.openqa.selenium.remote.RemoteWebDriver.findElement(RemoteWebDriver.java:315)
at org.openqa.selenium.By$BaseW3CLocator.findElement(By.java:399)
at org.openqa.selenium.By$ByCssSelector.findElement(By.java:322)
at org.openqa.selenium.remote.RemoteWebDriver.findElement(RemoteWebDriver.java:315)
at org.openqa.selenium.By$BaseW3CLocator.findElement(By.java:399)
at org.openqa.selenium.By$ByCssSelector.findElement(By.java:322)
at org.openqa.selenium.remote.RemoteWebDriver.findElement(RemoteWebDriver.java:315)
at org.openqa.selenium.By$BaseW3CLocator.findElement(By.java:399)
at org.openqa.selenium.By$ByCssSelector.findElement(By.java:322)
at org.openqa.selenium.remote.RemoteWebDriver.findElement(RemoteWebDriver.java:315)
at org.openqa.selenium.By$BaseW3CLocator.findElement(By.java:399)
at org.openqa.selenium.By$ByCssSelector.findElement(By.java:322)
at org.openqa.selenium.remote.RemoteWebDriver.findElement(RemoteWebDriver.java:315)
at org.openqa.selenium.By$BaseW3CLocator.findElement(By.java:399)
at org.openqa.selenium.By$ByCssSelector.findElement(By.java:322)
at org.openqa.selenium.remote.RemoteWebDriver.findElement(RemoteWebDriver.java:315)
at org.openqa.selenium.By$BaseW3CLocator.findElement(By.java:399)
at org.openqa.selenium.By$ByCssSelector.findElement(By.java:322)
at org.openqa.selenium.remote.RemoteWebDriver.findElement(RemoteWebDriver.java:315)
at org.openqa.selenium.By$BaseW3CLocator.findElement(By.java:399)
at org.openqa.selenium.By$ByCssSelector.findElement(By.java:322)
at org.openqa.selenium.remote.RemoteWebDriver.findElement(RemoteWebDriver.java:315)
at org.openqa.selenium.By$BaseW3CLocator.findElement(By.java:399)
at org.openqa.selenium.By$ByCssSelector.findElement(By.java:322)
at org.openqa.selenium.remote.RemoteWebDriver.findElement(RemoteWebDriver.java:315)
at org.openqa.selenium.By$BaseW3CLocator.findElement(By.java:399)
at org.openqa.selenium.By$ByCssSelector.findElement(By.java:322)
at org.openqa.selenium.remote.RemoteWebDriver.findElement(RemoteWebDriver.java:315)
at org.openqa.selenium.By$BaseW3CLocator.findElement(By.java:399)
at org.openqa.selenium.By$ByCssSelector.findElement(By.java:322)
at org.openqa.selenium.remote.RemoteWebDriver.findElement(RemoteWebDriver.java:315)
at org.openqa.selenium.By$BaseW3CLocator.findElement(By.java:399)
at org.openqa.selenium.By$ByCssSelector.findElement(By.java:322)
at org.openqa.selenium.remote.RemoteWebDriver.findElement(RemoteWebDriver.java:315)
at org.openqa.selenium.By$BaseW3CLocator.findElement(By.java:399)
at org.openqa.selenium.By$ByCssSelector.findElement(By.java:322)
at org.openqa.selenium.remote.RemoteWebDriver.findElement(RemoteWebDriver.java:315)
at org.openqa.selenium.By$BaseW3CLocator.findElement(By.java:399)
at org.openqa.selenium.By$ByCssSelector.findElement(By.java:322)
at org.openqa.selenium.remote.RemoteWebDriver.findElement(RemoteWebDriver.java:315)
at org.openqa.selenium.By$BaseW3CLocator.findElement(By.java:399)
at org.openqa.selenium.By$ByCssSelector.findElement(By.java:322)
at org.openqa.selenium.remote.RemoteWebDriver.findElement(RemoteWebDriver.java:315)
at org.openqa.selenium.By$BaseW3CLocator.findElement(By.java:399)
at org.openqa.selenium.By$ByCssSelector.findElement(By.java:322)
at org.openqa.selenium.remote.RemoteWebDriver.findElement(RemoteWebDriver.java:315)
at org.openqa.selenium.By$BaseW3CLocator.findElement(By.java:399)
at org.openqa.selenium.By$ByCssSelector.findElement(By.java:322)
at org.openqa.selenium.remote.RemoteWebDriver.findElement(RemoteWebDriver.java:315)
at org.openqa.selenium.By$BaseW3CLocator.findElement(By.java:399)
at org.openqa.selenium.By$ByCssSelector.findElement(By.java:322)
at org.openqa.selenium.remote.RemoteWebDriver.findElement(RemoteWebDriver.java:315)
at org.openqa.selenium.By$BaseW3CLocator.findElement(By.java:399)
at org.openqa.selenium.By$ByCssSelector.findElement(By.java:322)
at org.openqa.selenium.remote.RemoteWebDriver.findElement(RemoteWebDriver.java:315)
at org.openqa.selenium.By$BaseW3CLocator.findElement(By.java:399)
at org.openqa.selenium.By$ByCssSelector.findElement(By.java:322)
at org.openqa.selenium.remote.RemoteWebDriver.findElement(RemoteWebDriver.java:315)
at org.openqa.selenium.By$BaseW3CLocator.findElement(By.java:399)
at org.openqa.selenium.By$ByCssSelector.findElement(By.java:322)
at org.openqa.selenium.remote.RemoteWebDriver.findElement(RemoteWebDriver.java:315)
at org.openqa.selenium.By$BaseW3CLocator.findElement(By.java:399)
at org.openqa.selenium.By$ByCssSelector.findElement(By.java:322)
at org.openqa.selenium.remote.RemoteWebDriver.findElement(RemoteWebDriver.java:315)
at org.openqa.selenium.By$BaseW3CLocator.findElement(By.java:399)
at org.openqa.selenium.By$ByCssSelector.findElement(By.java:322)
at org.openqa.selenium.remote.RemoteWebDriver.findElement(RemoteWebDriver.java:315)
at org.openqa.selenium.By$BaseW3CLocator.findElement(By.java:399)
at org.openqa.selenium.By$ByCssSelector.findElement(By.java:322)
at org.openqa.selenium.remote.RemoteWebDriver.findElement(RemoteWebDriver.java:315)
at org.openqa.selenium.By$BaseW3CLocator.findElement(By.java:399)
at org.openqa.selenium.By$ByCssSelector.findElement(By.java:322)
at org.openqa.selenium.remote.RemoteWebDriver.findElement(RemoteWebDriver.java:315)
at org.openqa.selenium.By$BaseW3CLocator.findElement(By.java:399)
at org.openqa.selenium.By$ByCssSelector.findElement(By.java:322)
at org.openqa.selenium.remote.RemoteWebDriver.findElement(RemoteWebDriver.java:315)
at org.openqa.selenium.By$BaseW3CLocator.findElement(By.java:399)
at org.openqa.selenium.By$ByCssSelector.findElement(By.java:322)
at org.openqa.selenium.remote.RemoteWebDriver.findElement(RemoteWebDriver.java:315)
at org.openqa.selenium.By$BaseW3CLocator.findElement(By.java:399)
at org.openqa.selenium.By$ByCssSelector.findElement(By.java:322)
at org.openqa.selenium.remote.RemoteWebDriver.findElement(RemoteWebDriver.java:315)
at org.openqa.selenium.By$BaseW3CLocator.findElement(By.java:399)
at org.openqa.selenium.By$ByCssSelector.findElement(By.java:322)
at org.openqa.selenium.remote.RemoteWebDriver.findElement(RemoteWebDriver.java:315)
at org.openqa.selenium.By$BaseW3CLocator.findElement(By.java:399)
at org.openqa.selenium.By$ByCssSelector.findElement(By.java:322)
at org.openqa.selenium.remote.RemoteWebDriver.findElement(RemoteWebDriver.java:315)
at org.openqa.selenium.By$BaseW3CLocator.findElement(By.java:399)
at org.openqa.selenium.By$ByCssSelector.findElement(By.java:322)
at org.openqa.selenium.remote.RemoteWebDriver.findElement(RemoteWebDriver.java:315)
at org.openqa.selenium.By$BaseW3CLocator.findElement(By.java:399)
at org.openqa.selenium.By$ByCssSelector.findElement(By.java:322)
at org.openqa.selenium.remote.RemoteWebDriver.findElement(RemoteWebDriver.java:315)
at org.openqa.selenium.By$BaseW3CLocator.findElement(By.java:399)
at org.openqa.selenium.By$ByCssSelector.findElement(By.java:322)
at org.openqa.selenium.remote.RemoteWebDriver.findElement(RemoteWebDriver.java:315)
at org.openqa.selenium.By$BaseW3CLocator.findElement(By.java:399)
at org.openqa.selenium.By$ByCssSelector.findElement(By.java:322)
at org.openqa.selenium.remote.RemoteWebDriver.findElement(RemoteWebDriver.java:315)
at org.openqa.selenium.By$BaseW3CLocator.findElement(By.java:399)
at org.openqa.selenium.By$ByCssSelector.findElement(By.java:322)
at org.openqa.selenium.remote.RemoteWebDriver.findElement(RemoteWebDriver.java:315)
at org.openqa.selenium.By$BaseW3CLocator.findElement(By.java:399)
at org.openqa.selenium.By$ByCssSelector.findElement(By.java:322)
at org.openqa.selenium.remote.RemoteWebDriver.findElement(RemoteWebDriver.java:315)
at org.openqa.selenium.By$BaseW3CLocator.findElement(By.java:399)
at org.openqa.selenium.By$ByCssSelector.findElement(By.java:322)
at org.openqa.selenium.remote.RemoteWebDriver.findElement(RemoteWebDriver.java:315)
at org.openqa.selenium.By$BaseW3CLocator.findElement(By.java:399)
at org.openqa.selenium.By$ByCssSelector.findElement(By.java:322)
at org.openqa.selenium.remote.RemoteWebDriver.findElement(RemoteWebDriver.java:315)
at org.openqa.selenium.By$BaseW3CLocator.findElement(By.java:399)
at org.openqa.selenium.By$ByCssSelector.findElement(By.java:322)
at org.openqa.selenium.remote.RemoteWebDriver.findElement(RemoteWebDriver.java:315)
at org.openqa.selenium.By$BaseW3CLocator.findElement(By.java:399)
at org.openqa.selenium.By$ByCssSelector.findElement(By.java:322)
at org.openqa.selenium.remote.RemoteWebDriver.findElement(RemoteWebDriver.java:315)
at org.openqa.selenium.By$BaseW3CLocator.findElement(By.java:399)
at org.openqa.selenium.By$ByCssSelector.findElement(By.java:322)
at org.openqa.selenium.remote.RemoteWebDriver.findElement(RemoteWebDriver.java:315)
at org.openqa.selenium.By$BaseW3CLocator.findElement(By.java:399)
at org.openqa.selenium.By$ByCssSelector.findElement(By.java:322)
at org.openqa.selenium.remote.RemoteWebDriver.findElement(RemoteWebDriver.java:315)
at org.openqa.selenium.By$BaseW3CLocator.findElement(By.java:399)
at org.openqa.selenium.By$ByCssSelector.findElement(By.java:322)
at org.openqa.selenium.remote.RemoteWebDriver.findElement(RemoteWebDriver.java:315)
at org.openqa.selenium.By$BaseW3CLocator.findElement(By.java:399)
at org.openqa.selenium.By$ByCssSelector.findElement(By.java:322)
at org.openqa.selenium.remote.RemoteWebDriver.findElement(RemoteWebDriver.java:315)
at org.openqa.selenium.By$BaseW3CLocator.findElement(By.java:399)
at org.openqa.selenium.By$ByCssSelector.findElement(By.java:322)
at org.openqa.selenium.remote.RemoteWebDriver.findElement(RemoteWebDriver.java:315)
at org.openqa.selenium.By$BaseW3CLocator.findElement(By.java:399)
at org.openqa.selenium.By$ByCssSelector.findElement(By.java:322)
at org.openqa.selenium.remote.RemoteWebDriver.findElement(RemoteWebDriver.java:315)
at org.openqa.selenium.By$BaseW3CLocator.findElement(By.java:399)
at org.openqa.selenium.By$ByCssSelector.findElement(By.java:322)
at org.openqa.selenium.remote.RemoteWebDriver.findElement(RemoteWebDriver.java:315)
at org.openqa.selenium.By$BaseW3CLocator.findElement(By.java:399)
at org.openqa.selenium.By$ByCssSelector.findElement(By.java:322)
at org.openqa.selenium.remote.RemoteWebDriver.findElement(RemoteWebDriver.java:315)
at org.openqa.selenium.By$BaseW3CLocator.findElement(By.java:399)
at org.openqa.selenium.By$ByCssSelector.findElement(By.java:322)
at org.openqa.selenium.remote.RemoteWebDriver.findElement(RemoteWebDriver.java:315)
at org.openqa.selenium.By$BaseW3CLocator.findElement(By.java:399)
at org.openqa.selenium.By$ByCssSelector.findElement(By.java:322)
at org.openqa.selenium.remote.RemoteWebDriver.findElement(RemoteWebDriver.java:315)
at org.openqa.selenium.By$BaseW3CLocator.findElement(By.java:399)
at org.openqa.selenium.By$ByCssSelector.findElement(By.java:322)
at org.openqa.selenium.remote.RemoteWebDriver.findElement(RemoteWebDriver.java:315)
at org.openqa.selenium.By$BaseW3CLocator.findElement(By.java:399)
at org.openqa.selenium.By$ByCssSelector.findElement(By.java:322)
at org.openqa.selenium.remote.RemoteWebDriver.findElement(RemoteWebDriver.java:315)
at org.openqa.selenium.By$BaseW3CLocator.findElement(By.java:399)
at org.openqa.selenium.By$ByCssSelector.findElement(By.java:322)
at org.openqa.selenium.remote.RemoteWebDriver.findElement(RemoteWebDriver.java:315)
at org.openqa.selenium.By$BaseW3CLocator.findElement(By.java:399)
at org.openqa.selenium.By$ByCssSelector.findElement(By.java:322)
at org.openqa.selenium.remote.RemoteWebDriver.findElement(RemoteWebDriver.java:315)
at org.openqa.selenium.By$BaseW3CLocator.findElement(By.java:399)
at org.openqa.selenium.By$ByCssSelector.findElement(By.java:322)
at org.openqa.selenium.remote.RemoteWebDriver.findElement(RemoteWebDriver.java:315)
at org.openqa.selenium.By$BaseW3CLocator.findElement(By.java:399)
at org.openqa.selenium.By$ByCssSelector.findElement(By.java:322)
at org.openqa.selenium.remote.RemoteWebDriver.findElement(RemoteWebDriver.java:315)
at org.openqa.selenium.By$BaseW3CLocator.findElement(By.java:399)
at org.openqa.selenium.By$ByCssSelector.findElement(By.java:322)
at org.openqa.selenium.remote.RemoteWebDriver.findElement(RemoteWebDriver.java:315)
at org.openqa.selenium.By$BaseW3CLocator.findElement(By.java:399)
at org.openqa.selenium.By$ByCssSelector.findElement(By.java:322)
at org.openqa.selenium.remote.RemoteWebDriver.findElement(RemoteWebDriver.java:315)
at org.openqa.selenium.By$BaseW3CLocator.findElement(By.java:399)
at org.openqa.selenium.By$ByCssSelector.findElement(By.java:322)
at org.openqa.selenium.remote.RemoteWebDriver.findElement(RemoteWebDriver.java:315)
at org.openqa.selenium.By$BaseW3CLocator.findElement(By.java:399)
at org.openqa.selenium.By$ByCssSelector.findElement(By.java:322)
at org.openqa.selenium.remote.RemoteWebDriver.findElement(RemoteWebDriver.java:315)
at org.openqa.selenium.By$BaseW3CLocator.findElement(By.java:399)
at org.openqa.selenium.By$ByCssSelector.findElement(By.java:322)
at org.openqa.selenium.remote.RemoteWebDriver.findElement(RemoteWebDriver.java:315)
at org.openqa.selenium.By$BaseW3CLocator.findElement(By.java:399)
at org.openqa.selenium.By$ByCssSelector.findElement(By.java:322)
at org.openqa.selenium.remote.RemoteWebDriver.findElement(RemoteWebDriver.java:315)
at org.openqa.selenium.By$BaseW3CLocator.findElement(By.java:399)
at org.openqa.selenium.By$ByCssSelector.findElement(By.java:322)
at org.openqa.selenium.remote.RemoteWebDriver.findElement(RemoteWebDriver.java:315)
at org.openqa.selenium.By$BaseW3CLocator.findElement(By.java:399)
at org.openqa.selenium.By$ByCssSelector.findElement(By.java:322)
at org.openqa.selenium.remote.RemoteWebDriver.findElement(RemoteWebDriver.java:315)
at org.openqa.selenium.By$BaseW3CLocator.findElement(By.java:399)
at org.openqa.selenium.By$ByCssSelector.findElement(By.java:322)
at org.openqa.selenium.remote.RemoteWebDriver.findElement(RemoteWebDriver.java:315)
at org.openqa.selenium.By$BaseW3CLocator.findElement(By.java:399)
at org.openqa.selenium.By$ByCssSelector.findElement(By.java:322)
at org.openqa.selenium.remote.RemoteWebDriver.findElement(RemoteWebDriver.java:315)
at org.openqa.selenium.By$BaseW3CLocator.findElement(By.java:399)
at org.openqa.selenium.By$ByCssSelector.findElement(By.java:322)
at org.openqa.selenium.remote.RemoteWebDriver.findElement(RemoteWebDriver.java:315)
at org.openqa.selenium.By$BaseW3CLocator.findElement(By.java:399)
at org.openqa.selenium.By$ByCssSelector.findElement(By.java:322)
at org.openqa.selenium.remote.RemoteWebDriver.findElement(RemoteWebDriver.java:315)
at org.openqa.selenium.By$BaseW3CLocator.findElement(By.java:399)
at org.openqa.selenium.By$ByCssSelector.findElement(By.java:322)
at org.openqa.selenium.remote.RemoteWebDriver.findElement(RemoteWebDriver.java:315)
at org.openqa.selenium.By$BaseW3CLocator.findElement(By.java:399)
at org.openqa.selenium.By$ByCssSelector.findElement(By.java:322)
at org.openqa.selenium.remote.RemoteWebDriver.findElement(RemoteWebDriver.java:315)
at org.openqa.selenium.By$BaseW3CLocator.findElement(By.java:399)
at org.openqa.selenium.By$ByCssSelector.findElement(By.java:322)
at org.openqa.selenium.remote.RemoteWebDriver.findElement(RemoteWebDriver.java:315)
at org.openqa.selenium.By$BaseW3CLocator.findElement(By.java:399)
at org.openqa.selenium.By$ByCssSelector.findElement(By.java:322)
at org.openqa.selenium.remote.RemoteWebDriver.findElement(RemoteWebDriver.java:315)
at org.openqa.selenium.By$BaseW3CLocator.findElement(By.java:399)
at org.openqa.selenium.By$ByCssSelector.findElement(By.java:322)
at org.openqa.selenium.remote.RemoteWebDriver.findElement(RemoteWebDriver.java:315)
at org.openqa.selenium.By$BaseW3CLocator.findElement(By.java:399)
at org.openqa.selenium.By$ByCssSelector.findElement(By.java:322)
at org.openqa.selenium.remote.RemoteWebDriver.findElement(RemoteWebDriver.java:315)
at org.openqa.selenium.By$BaseW3CLocator.findElement(By.java:399)
at org.openqa.selenium.By$ByCssSelector.findElement(By.java:322)
at org.openqa.selenium.remote.RemoteWebDriver.findElement(RemoteWebDriver.java:315)
at org.openqa.selenium.By$BaseW3CLocator.findElement(By.java:399)
at org.openqa.selenium.By$ByCssSelector.findElement(By.java:322)
at org.openqa.selenium.remote.RemoteWebDriver.findElement(RemoteWebDriver.java:315)
at org.openqa.selenium.By$BaseW3CLocator.findElement(By.java:399)
at org.openqa.selenium.By$ByCssSelector.findElement(By.java:322)
at org.openqa.selenium.remote.RemoteWebDriver.findElement(RemoteWebDriver.java:315)
at org.openqa.selenium.By$BaseW3CLocator.findElement(By.java:399)
at org.openqa.selenium.By$ByCssSelector.findElement(By.java:322)
at org.openqa.selenium.remote.RemoteWebDriver.findElement(RemoteWebDriver.java:315)
at org.openqa.selenium.By$BaseW3CLocator.findElement(By.java:399)
at org.openqa.selenium.By$ByCssSelector.findElement(By.java:322)
at org.openqa.selenium.remote.RemoteWebDriver.findElement(RemoteWebDriver.java:315)
at org.openqa.selenium.By$BaseW3CLocator.findElement(By.java:399)
at org.openqa.selenium.By$ByCssSelector.findElement(By.java:322)
at org.openqa.selenium.remote.RemoteWebDriver.findElement(RemoteWebDriver.java:315)
at org.openqa.selenium.By$BaseW3CLocator.findElement(By.java:399)
at org.openqa.selenium.By$ByCssSelector.findElement(By.java:322)
at org.openqa.selenium.remote.RemoteWebDriver.findElement(RemoteWebDriver.java:315)
at org.openqa.selenium.By$BaseW3CLocator.findElement(By.java:399)
at org.openqa.selenium.By$ByCssSelector.findElement(By.java:322)
at org.openqa.selenium.remote.RemoteWebDriver.findElement(RemoteWebDriver.java:315)
at org.openqa.selenium.By$BaseW3CLocator.findElement(By.java:399)
at org.openqa.selenium.By$ByCssSelector.findElement(By.java:322)
at org.openqa.selenium.remote.RemoteWebDriver.findElement(RemoteWebDriver.java:315)
at org.openqa.selenium.By$BaseW3CLocator.findElement(By.java:399)
at org.openqa.selenium.By$ByCssSelector.findElement(By.java:322)
at org.openqa.selenium.remote.RemoteWebDriver.findElement(RemoteWebDriver.java:315)
at org.openqa.selenium.By$BaseW3CLocator.findElement(By.java:399)
at org.openqa.selenium.By$ByCssSelector.findElement(By.java:322)
at org.openqa.selenium.remote.RemoteWebDriver.findElement(RemoteWebDriver.java:315)
at org.openqa.selenium.By$BaseW3CLocator.findElement(By.java:399)
at org.openqa.selenium.By$ByCssSelector.findElement(By.java:322)
at org.openqa.selenium.remote.RemoteWebDriver.findElement(RemoteWebDriver.java:315)
at org.openqa.selenium.By$BaseW3CLocator.findElement(By.java:399)
at org.openqa.selenium.By$ByCssSelector.findElement(By.java:322)
at org.openqa.selenium.remote.RemoteWebDriver.findElement(RemoteWebDriver.java:315)
at org.openqa.selenium.By$BaseW3CLocator.findElement(By.java:399)
at org.openqa.selenium.By$ByCssSelector.findElement(By.java:322)
at org.openqa.selenium.remote.RemoteWebDriver.findElement(RemoteWebDriver.java:315)
at org.openqa.selenium.By$BaseW3CLocator.findElement(By.java:399)
at org.openqa.selenium.By$ByCssSelector.findElement(By.java:322)
at org.openqa.selenium.remote.RemoteWebDriver.findElement(RemoteWebDriver.java:315)
at org.openqa.selenium.By$BaseW3CLocator.findElement(By.java:399)
at org.openqa.selenium.By$ByCssSelector.findElement(By.java:322)
at org.openqa.selenium.remote.RemoteWebDriver.findElement(RemoteWebDriver.java:315)
at org.openqa.selenium.By$BaseW3CLocator.findElement(By.java:399)
at org.openqa.selenium.By$ByCssSelector.findElement(By.java:322)
at org.openqa.selenium.remote.RemoteWebDriver.findElement(RemoteWebDriver.java:315)
at org.openqa.selenium.By$BaseW3CLocator.findElement(By.java:399)
at org.openqa.selenium.By$ByCssSelector.findElement(By.java:322)
at org.openqa.selenium.remote.RemoteWebDriver.findElement(RemoteWebDriver.java:315)
at org.openqa.selenium.By$BaseW3CLocator.findElement(By.java:399)
at org.openqa.selenium.By$ByCssSelector.findElement(By.java:322)
at org.openqa.selenium.remote.RemoteWebDriver.findElement(RemoteWebDriver.java:315)
at org.openqa.selenium.By$BaseW3CLocator.findElement(By.java:399)
at org.openqa.selenium.By$ByCssSelector.findElement(By.java:322)
at org.openqa.selenium.remote.RemoteWebDriver.findElement(RemoteWebDriver.java:315)
at org.openqa.selenium.By$BaseW3CLocator.findElement(By.java:399)
at org.openqa.selenium.By$ByCssSelector.findElement(By.java:322)
at org.openqa.selenium.remote.RemoteWebDriver.findElement(RemoteWebDriver.java:315)
at org.openqa.selenium.By$BaseW3CLocator.findElement(By.java:399)
at org.openqa.selenium.By$ByCssSelector.findElement(By.java:322)
at org.openqa.selenium.remote.RemoteWebDriver.findElement(RemoteWebDriver.java:315)
at org.openqa.selenium.By$BaseW3CLocator.findElement(By.java:399)
at org.openqa.selenium.By$ByCssSelector.findElement(By.java:322)
at org.openqa.selenium.remote.RemoteWebDriver.findElement(RemoteWebDriver.java:315)
at org.openqa.selenium.By$BaseW3CLocator.findElement(By.java:399)
at org.openqa.selenium.By$ByCssSelector.findElement(By.java:322)
at org.openqa.selenium.remote.RemoteWebDriver.findElement(RemoteWebDriver.java:315)
at org.openqa.selenium.By$BaseW3CLocator.findElement(By.java:399)
at org.openqa.selenium.By$ByCssSelector.findElement(By.java:322)
at org.openqa.selenium.remote.RemoteWebDriver.findElement(RemoteWebDriver.java:315)
at org.openqa.selenium.By$BaseW3CLocator.findElement(By.java:399)
at org.openqa.selenium.By$ByCssSelector.findElement(By.java:322)
at org.openqa.selenium.remote.RemoteWebDriver.findElement(RemoteWebDriver.java:315)
at org.openqa.selenium.By$BaseW3CLocator.findElement(By.java:399)
at org.openqa.selenium.By$ByCssSelector.findElement(By.java:322)
at org.openqa.selenium.remote.RemoteWebDriver.findElement(RemoteWebDriver.java:315)
at org.openqa.selenium.By$BaseW3CLocator.findElement(By.java:399)
at org.openqa.selenium.By$ByCssSelector.findElement(By.java:322)
at org.openqa.selenium.remote.RemoteWebDriver.findElement(RemoteWebDriver.java:315)
at org.openqa.selenium.By$BaseW3CLocator.findElement(By.java:399)
at org.openqa.selenium.By$ByCssSelector.findElement(By.java:322)
at org.openqa.selenium.remote.RemoteWebDriver.findElement(RemoteWebDriver.java:315)
at org.openqa.selenium.By$BaseW3CLocator.findElement(By.java:399)
at org.openqa.selenium.By$ByCssSelector.findElement(By.java:322)
at org.openqa.selenium.remote.RemoteWebDriver.findElement(RemoteWebDriver.java:315)
at org.openqa.selenium.By$BaseW3CLocator.findElement(By.java:399)
at org.openqa.selenium.By$ByCssSelector.findElement(By.java:322)
at org.openqa.selenium.remote.RemoteWebDriver.findElement(RemoteWebDriver.java:315)
at org.openqa.selenium.By$BaseW3CLocator.findElement(By.java:399)
at org.openqa.selenium.By$ByCssSelector.findElement(By.java:322)
at org.openqa.selenium.remote.RemoteWebDriver.findElement(RemoteWebDriver.java:315)
at org.openqa.selenium.By$BaseW3CLocator.findElement(By.java:399)
at org.openqa.selenium.By$ByCssSelector.findElement(By.java:322)
at org.openqa.selenium.remote.RemoteWebDriver.findElement(RemoteWebDriver.java:315)
at org.openqa.selenium.By$BaseW3CLocator.findElement(By.java:399)
at org.openqa.selenium.By$ByCssSelector.findElement(By.java:322)
at org.openqa.selenium.remote.RemoteWebDriver.findElement(RemoteWebDriver.java:315)
at org.openqa.selenium.By$BaseW3CLocator.findElement(By.java:399)
at org.openqa.selenium.By$ByCssSelector.findElement(By.java:322)
at org.openqa.selenium.remote.RemoteWebDriver.findElement(RemoteWebDriver.java:315)
at org.openqa.selenium.By$BaseW3CLocator.findElement(By.java:399)
at org.openqa.selenium.By$ByCssSelector.findElement(By.java:322)
at org.openqa.selenium.remote.RemoteWebDriver.findElement(RemoteWebDriver.java:315)
at org.openqa.selenium.By$BaseW3CLocator.findElement(By.java:399)
at org.openqa.selenium.By$ByCssSelector.findElement(By.java:322)
at org.openqa.selenium.remote.RemoteWebDriver.findElement(RemoteWebDriver.java:315)
at org.openqa.selenium.By$BaseW3CLocator.findElement(By.java:399)
at org.openqa.selenium.By$ByCssSelector.findElement(By.java:322)
at org.openqa.selenium.remote.RemoteWebDriver.findElement(RemoteWebDriver.java:315)
at org.openqa.selenium.By$BaseW3CLocator.findElement(By.java:399)
at org.openqa.selenium.By$ByCssSelector.findElement(By.java:322)
at org.openqa.selenium.remote.RemoteWebDriver.findElement(RemoteWebDriver.java:315)
at org.openqa.selenium.By$BaseW3CLocator.findElement(By.java:399)
at org.openqa.selenium.By$ByCssSelector.findElement(By.java:322)
at org.openqa.selenium.remote.RemoteWebDriver.findElement(RemoteWebDriver.java:315)
at org.openqa.selenium.By$BaseW3CLocator.findElement(By.java:399)
at org.openqa.selenium.By$ByCssSelector.findElement(By.java:322)
at org.openqa.selenium.remote.RemoteWebDriver.findElement(RemoteWebDriver.java:315)
at org.openqa.selenium.By$BaseW3CLocator.findElement(By.java:399)
at org.openqa.selenium.By$ByCssSelector.findElement(By.java:322)
at org.openqa.selenium.remote.RemoteWebDriver.findElement(RemoteWebDriver.java:315)
at org.openqa.selenium.By$BaseW3CLocator.findElement(By.java:399)
at org.openqa.selenium.By$ByCssSelector.findElement(By.java:322)
at org.openqa.selenium.remote.RemoteWebDriver.findElement(RemoteWebDriver.java:315)
at org.openqa.selenium.By$BaseW3CLocator.findElement(By.java:399)
at org.openqa.selenium.By$ByCssSelector.findElement(By.java:322)
at org.openqa.selenium.remote.RemoteWebDriver.findElement(RemoteWebDriver.java:315)
at org.openqa.selenium.By$BaseW3CLocator.findElement(By.java:399)
at org.openqa.selenium.By$ByCssSelector.findElement(By.java:322)
at org.openqa.selenium.remote.RemoteWebDriver.findElement(RemoteWebDriver.java:315)
at org.openqa.selenium.By$BaseW3CLocator.findElement(By.java:399)
at org.openqa.selenium.By$ByCssSelector.findElement(By.java:322)
at org.openqa.selenium.remote.RemoteWebDriver.findElement(RemoteWebDriver.java:315)
at org.openqa.selenium.By$BaseW3CLocator.findElement(By.java:399)
at org.openqa.selenium.By$ByCssSelector.findElement(By.java:322)
at org.openqa.selenium.remote.RemoteWebDriver.findElement(RemoteWebDriver.java:315)
at org.openqa.selenium.By$BaseW3CLocator.findElement(By.java:399)
at org.openqa.selenium.By$ByCssSelector.findElement(By.java:322)
at org.openqa.selenium.remote.RemoteWebDriver.findElement(RemoteWebDriver.java:315)
at org.openqa.selenium.By$BaseW3CLocator.findElement(By.java:399)
at org.openqa.selenium.By$ByCssSelector.findElement(By.java:322)
at org.openqa.selenium.remote.RemoteWebDriver.findElement(RemoteWebDriver.java:315)
at org.openqa.selenium.By$BaseW3CLocator.findElement(By.java:399)
at org.openqa.selenium.By$ByCssSelector.findElement(By.java:322)
at org.openqa.selenium.remote.RemoteWebDriver.findElement(RemoteWebDriver.java:315)
at org.openqa.selenium.By$BaseW3CLocator.findElement(By.java:399)
at org.openqa.selenium.By$ByCssSelector.findElement(By.java:322)
at org.openqa.selenium.remote.RemoteWebDriver.findElement(RemoteWebDriver.java:315)
at org.openqa.selenium.By$BaseW3CLocator.findElement(By.java:399)
at org.openqa.selenium.By$ByCssSelector.findElement(By.java:322)
at org.openqa.selenium.remote.RemoteWebDriver.findElement(RemoteWebDriver.java:315)
at org.openqa.selenium.By$BaseW3CLocator.findElement(By.java:399)
at org.openqa.selenium.By$ByCssSelector.findElement(By.java:322)
at org.openqa.selenium.remote.RemoteWebDriver.findElement(RemoteWebDriver.java:315)
at org.openqa.selenium.By$BaseW3CLocator.findElement(By.java:399)
at org.openqa.selenium.By$ByCssSelector.findElement(By.java:322)
at org.openqa.selenium.remote.RemoteWebDriver.findElement(RemoteWebDriver.java:315)
at org.openqa.selenium.By$BaseW3CLocator.findElement(By.java:399)
at org.openqa.selenium.By$ByCssSelector.findElement(By.java:322)
at org.openqa.selenium.remote.RemoteWebDriver.findElement(RemoteWebDriver.java:315)
at org.openqa.selenium.By$BaseW3CLocator.findElement(By.java:399)
at org.openqa.selenium.By$ByCssSelector.findElement(By.java:322)
at org.openqa.selenium.remote.RemoteWebDriver.findElement(RemoteWebDriver.java:315)
at org.openqa.selenium.By$BaseW3CLocator.findElement(By.java:399)
at org.openqa.selenium.By$ByCssSelector.findElement(By.java:322)
at org.openqa.selenium.remote.RemoteWebDriver.findElement(RemoteWebDriver.java:315)
at org.openqa.selenium.By$BaseW3CLocator.findElement(By.java:399)
at org.openqa.selenium.By$ByCssSelector.findElement(By.java:322)
at org.openqa.selenium.remote.RemoteWebDriver.findElement(RemoteWebDriver.java:315)
at org.openqa.selenium.By$BaseW3CLocator.findElement(By.java:399)
at org.openqa.selenium.By$ByCssSelector.findElement(By.java:322)
at org.openqa.selenium.remote.RemoteWebDriver.findElement(RemoteWebDriver.java:315)
at org.openqa.selenium.By$BaseW3CLocator.findElement(By.java:399)
at org.openqa.selenium.By$ByCssSelector.findElement(By.java:322)
at org.openqa.selenium.remote.RemoteWebDriver.findElement(RemoteWebDriver.java:315)
at org.openqa.selenium.By$BaseW3CLocator.findElement(By.java:399)
at org.openqa.selenium.By$ByCssSelector.findElement(By.java:322)
at org.openqa.selenium.remote.RemoteWebDriver.findElement(RemoteWebDriver.java:315)
at org.openqa.selenium.By$BaseW3CLocator.findElement(By.java:399)
at org.openqa.selenium.By$ByCssSelector.findElement(By.java:322)
at org.openqa.selenium.remote.RemoteWebDriver.findElement(RemoteWebDriver.java:315)
at org.openqa.selenium.By$BaseW3CLocator.findElement(By.java:399)
at org.openqa.selenium.By$ByCssSelector.findElement(By.java:322)
at org.openqa.selenium.remote.RemoteWebDriver.findElement(RemoteWebDriver.java:315)
at org.openqa.selenium.By$BaseW3CLocator.findElement(By.java:399)
at org.openqa.selenium.By$ByCssSelector.findElement(By.java:322)
at org.openqa.selenium.remote.RemoteWebDriver.findElement(RemoteWebDriver.java:315)
at org.openqa.selenium.By$BaseW3CLocator.findElement(By.java:399)
at org.openqa.selenium.By$ByCssSelector.findElement(By.java:322)
at org.openqa.selenium.remote.RemoteWebDriver.findElement(RemoteWebDriver.java:315)
at org.openqa.selenium.By$BaseW3CLocator.findElement(By.java:399)
at org.openqa.selenium.By$ByCssSelector.findElement(By.java:322)
at org.openqa.selenium.remote.RemoteWebDriver.findElement(RemoteWebDriver.java:315)
at org.openqa.selenium.By$BaseW3CLocator.findElement(By.java:399)
at org.openqa.selenium.By$ByCssSelector.findElement(By.java:322)
at org.openqa.selenium.remote.RemoteWebDriver.findElement(RemoteWebDriver.java:315)
at org.openqa.selenium.By$BaseW3CLocator.findElement(By.java:399)
at org.openqa.selenium.By$ByCssSelector.findElement(By.java:322)
at org.openqa.selenium.remote.RemoteWebDriver.findElement(RemoteWebDriver.java:315)
at org.openqa.selenium.By$BaseW3CLocator.findElement(By.java:399)
at org.openqa.selenium.By$ByCssSelector.findElement(By.java:322)
at org.openqa.selenium.remote.RemoteWebDriver.findElement(RemoteWebDriver.java:315)
at org.openqa.selenium.By$BaseW3CLocator.findElement(By.java:399)
at org.openqa.selenium.By$ByCssSelector.findElement(By.java:322)
at org.openqa.selenium.remote.RemoteWebDriver.findElement(RemoteWebDriver.java:315)
at org.openqa.selenium.By$BaseW3CLocator.findElement(By.java:399)
at org.openqa.selenium.By$ByCssSelector.findElement(By.java:322)
at org.openqa.selenium.remote.RemoteWebDriver.findElement(RemoteWebDriver.java:315)
at org.openqa.selenium.By$BaseW3CLocator.findElement(By.java:399)
at org.openqa.selenium.By$ByCssSelector.findElement(By.java:322)
at org.openqa.selenium.remote.RemoteWebDriver.findElement(RemoteWebDriver.java:315)
at org.openqa.selenium.By$BaseW3CLocator.findElement(By.java:399)
at org.openqa.selenium.By$ByCssSelector.findElement(By.java:322)
at org.openqa.selenium.remote.RemoteWebDriver.findElement(RemoteWebDriver.java:315)
at org.openqa.selenium.By$BaseW3CLocator.findElement(By.java:399)
at org.openqa.selenium.By$ByCssSelector.findElement(By.java:322)
at org.openqa.selenium.remote.RemoteWebDriver.findElement(RemoteWebDriver.java:315)
at org.openqa.selenium.By$BaseW3CLocator.findElement(By.java:399)
at org.openqa.selenium.By$ByCssSelector.findElement(By.java:322)
at org.openqa.selenium.remote.RemoteWebDriver.findElement(RemoteWebDriver.java:315)
at org.openqa.selenium.By$BaseW3CLocator.findElement(By.java:399)
at org.openqa.selenium.By$ByCssSelector.findElement(By.java:322)
at org.openqa.selenium.remote.RemoteWebDriver.findElement(RemoteWebDriver.java:315)
at org.openqa.selenium.By$BaseW3CLocator.findElement(By.java:399)
at org.openqa.selenium.By$ByCssSelector.findElement(By.java:322)
at org.openqa.selenium.remote.RemoteWebDriver.findElement(RemoteWebDriver.java:315)
at org.openqa.selenium.By$BaseW3CLocator.findElement(By.java:399)
at org.openqa.selenium.By$ByCssSelector.findElement(By.java:322)
at org.openqa.selenium.remote.RemoteWebDriver.findElement(RemoteWebDriver.java:315)
at org.openqa.selenium.By$BaseW3CLocator.findElement(By.java:399)
at org.openqa.selenium.By$ByCssSelector.findElement(By.java:322)
at org.openqa.selenium.remote.RemoteWebDriver.findElement(RemoteWebDriver.java:315)
at org.openqa.selenium.By$BaseW3CLocator.findElement(By.java:399)
at org.openqa.selenium.By$ByCssSelector.findElement(By.java:322)
at org.openqa.selenium.remote.RemoteWebDriver.findElement(RemoteWebDriver.java:315)
at org.openqa.selenium.By$BaseW3CLocator.findElement(By.java:399)
at org.openqa.selenium.By$ByCssSelector.findElement(By.java:322)
at org.openqa.selenium.remote.RemoteWebDriver.findElement(RemoteWebDriver.java:315)
at org.openqa.selenium.By$BaseW3CLocator.findElement(By.java:399)
at org.openqa.selenium.By$ByCssSelector.findElement(By.java:322)
at org.openqa.selenium.remote.RemoteWebDriver.findElement(RemoteWebDriver.java:315)
at org.openqa.selenium.By$BaseW3CLocator.findElement(By.java:399)
at org.openqa.selenium.By$ByCssSelector.findElement(By.java:322)
at org.openqa.selenium.remote.RemoteWebDriver.findElement(RemoteWebDriver.java:315)
at org.openqa.selenium.By$BaseW3CLocator.findElement(By.java:399)
at org.openqa.selenium.By$ByCssSelector.findElement(By.java:322)
at org.openqa.selenium.remote.RemoteWebDriver.findElement(RemoteWebDriver.java:315)
at org.openqa.selenium.By$BaseW3CLocator.findElement(By.java:399)
at org.openqa.selenium.By$ByCssSelector.findElement(By.java:322)
at org.openqa.selenium.remote.RemoteWebDriver.findElement(RemoteWebDriver.java:315)
at org.openqa.selenium.By$BaseW3CLocator.findElement(By.java:399)
at org.openqa.selenium.By$ByCssSelector.findElement(By.java:322)
at org.openqa.selenium.remote.RemoteWebDriver.findElement(RemoteWebDriver.java:315)
at org.openqa.selenium.By$BaseW3CLocator.findElement(By.java:399)
at org.openqa.selenium.By$ByCssSelector.findElement(By.java:322)
at org.openqa.selenium.remote.RemoteWebDriver.findElement(RemoteWebDriver.java:315)
at org.openqa.selenium.By$BaseW3CLocator.findElement(By.java:399)
at org.openqa.selenium.By$ByCssSelector.findElement(By.java:322)
at org.openqa.selenium.remote.RemoteWebDriver.findElement(RemoteWebDriver.java:315)
at org.openqa.selenium.By$BaseW3CLocator.findElement(By.java:399)
at org.openqa.selenium.By$ByCssSelector.findElement(By.java:322)
at org.openqa.selenium.remote.RemoteWebDriver.findElement(RemoteWebDriver.java:315)
at org.openqa.selenium.By$BaseW3CLocator.findElement(By.java:399)
at org.openqa.selenium.By$ByCssSelector.findElement(By.java:322)
at org.openqa.selenium.remote.RemoteWebDriver.findElement(RemoteWebDriver.java:315)
at org.openqa.selenium.By$BaseW3CLocator.findElement(By.java:399)
at org.openqa.selenium.By$ByCssSelector.findElement(By.java:322)
at org.openqa.selenium.remote.RemoteWebDriver.findElement(RemoteWebDriver.java:315)
at org.openqa.selenium.By$BaseW3CLocator.findElement(By.java:399)
at org.openqa.selenium.By$ByCssSelector.findElement(By.java:322)
at org.openqa.selenium.remote.RemoteWebDriver.findElement(RemoteWebDriver.java:315)
at org.openqa.selenium.By$BaseW3CLocator.findElement(By.java:399)
at org.openqa.selenium.By$ByCssSelector.findElement(By.java:322)
at org.openqa.selenium.remote.RemoteWebDriver.findElement(RemoteWebDriver.java:315)
at org.openqa.selenium.By$BaseW3CLocator.findElement(By.java:399)
at org.openqa.selenium.By$ByCssSelector.findElement(By.java:322)
at org.openqa.selenium.remote.RemoteWebDriver.findElement(RemoteWebDriver.java:315)
at org.openqa.selenium.By$BaseW3CLocator.findElement(By.java:399)
at org.openqa.selenium.By$ByCssSelector.findElement(By.java:322)
at org.openqa.selenium.remote.RemoteWebDriver.findElement(RemoteWebDriver.java:315)
at org.openqa.selenium.By$BaseW3CLocator.findElement(By.java:399)
at org.openqa.selenium.By$ByCssSelector.findElement(By.java:322)
at org.openqa.selenium.remote.RemoteWebDriver.findElement(RemoteWebDriver.java:315)
at org.openqa.selenium.By$BaseW3CLocator.findElement(By.java:399)
at org.openqa.selenium.By$ByCssSelector.findElement(By.java:322)
at org.openqa.selenium.remote.RemoteWebDriver.findElement(RemoteWebDriver.java:315)
at org.openqa.selenium.By$BaseW3CLocator.findElement(By.java:399)
at org.openqa.selenium.By$ByCssSelector.findElement(By.java:322)
at org.openqa.selenium.remote.RemoteWebDriver.findElement(RemoteWebDriver.java:315)
at org.openqa.selenium.By$BaseW3CLocator.findElement(By.java:399)
at org.openqa.selenium.By$ByCssSelector.findElement(By.java:322)
at org.openqa.selenium.remote.RemoteWebDriver.findElement(RemoteWebDriver.java:315)
at org.openqa.selenium.By$BaseW3CLocator.findElement(By.java:399)
at org.openqa.selenium.By$ByCssSelector.findElement(By.java:322)
at org.openqa.selenium.remote.RemoteWebDriver.findElement(RemoteWebDriver.java:315)
at org.openqa.selenium.By$BaseW3CLocator.findElement(By.java:399)
at org.openqa.selenium.By$ByCssSelector.findElement(By.java:322)
at org.openqa.selenium.remote.RemoteWebDriver.findElement(RemoteWebDriver.java:315)
at org.openqa.selenium.By$BaseW3CLocator.findElement(By.java:399)
at org.openqa.selenium.By$ByCssSelector.findElement(By.java:322)
at org.openqa.selenium.remote.RemoteWebDriver.findElement(RemoteWebDriver.java:315)
at org.openqa.selenium.By$BaseW3CLocator.findElement(By.java:399)
at org.openqa.selenium.By$ByCssSelector.findElement(By.java:322)
at org.openqa.selenium.remote.RemoteWebDriver.findElement(RemoteWebDriver.java:315)
at org.openqa.selenium.By$BaseW3CLocator.findElement(By.java:399)
at org.openqa.selenium.By$ByCssSelector.findElement(By.java:322)
at org.openqa.selenium.remote.RemoteWebDriver.findElement(RemoteWebDriver.java:315)
at org.openqa.selenium.By$BaseW3CLocator.findElement(By.java:399)
at org.openqa.selenium.By$ByCssSelector.findElement(By.java:322)
at org.openqa.selenium.remote.RemoteWebDriver.findElement(RemoteWebDriver.java:315)
at org.openqa.selenium.By$BaseW3CLocator.findElement(By.java:399)
at org.openqa.selenium.By$ByCssSelector.findElement(By.java:322)
at org.openqa.selenium.remote.RemoteWebDriver.findElement(RemoteWebDriver.java:315)
at org.openqa.selenium.By$BaseW3CLocator.findElement(By.java:399)
at org.openqa.selenium.By$ByCssSelector.findElement(By.java:322)
at org.openqa.selenium.remote.RemoteWebDriver.findElement(RemoteWebDriver.java:315)
at org.openqa.selenium.By$BaseW3CLocator.findElement(By.java:399)
at org.openqa.selenium.By$ByCssSelector.findElement(By.java:322)
at org.openqa.selenium.remote.RemoteWebDriver.findElement(RemoteWebDriver.java:315)
at org.openqa.selenium.By$BaseW3CLocator.findElement(By.java:399)
at org.openqa.selenium.By$ByCssSelector.findElement(By.java:322)
at org.openqa.selenium.remote.RemoteWebDriver.findElement(RemoteWebDriver.java:315)
at org.openqa.selenium.By$BaseW3CLocator.findElement(By.java:399)
at org.openqa.selenium.By$ByCssSelector.findElement(By.java:322)
at org.openqa.selenium.remote.RemoteWebDriver.findElement(RemoteWebDriver.java:315)
at org.openqa.selenium.By$BaseW3CLocator.findElement(By.java:399)
at org.openqa.selenium.By$ByCssSelector.findElement(By.java:322)
at org.openqa.selenium.remote.RemoteWebDriver.findElement(RemoteWebDriver.java:315)
at org.openqa.selenium.By$BaseW3CLocator.findElement(By.java:399)
at org.openqa.selenium.By$ByCssSelector.findElement(By.java:322)
at org.openqa.selenium.remote.RemoteWebDriver.findElement(RemoteWebDriver.java:315)
at org.openqa.selenium.By$BaseW3CLocator.findElement(By.java:399)
at org.openqa.selenium.By$ByCssSelector.findElement(By.java:322)
at org.openqa.selenium.remote.RemoteWebDriver.findElement(RemoteWebDriver.java:315)
at org.openqa.selenium.By$BaseW3CLocator.findElement(By.java:399)
at org.openqa.selenium.By$ByCssSelector.findElement(By.java:322)
at org.openqa.selenium.remote.RemoteWebDriver.findElement(RemoteWebDriver.java:315)
at org.openqa.selenium.By$BaseW3CLocator.findElement(By.java:399)
at org.openqa.selenium.By$ByCssSelector.findElement(By.java:322)
at org.openqa.selenium.remote.RemoteWebDriver.findElement(RemoteWebDriver.java:315)
at org.openqa.selenium.By$BaseW3CLocator.findElement(By.java:399)
at org.openqa.selenium.By$ByCssSelector.findElement(By.java:322)
at org.openqa.selenium.remote.RemoteWebDriver.findElement(RemoteWebDriver.java:315)
at org.openqa.selenium.By$BaseW3CLocator.findElement(By.java:399)
at org.openqa.selenium.By$ByCssSelector.findElement(By.java:322)
at org.openqa.selenium.remote.RemoteWebDriver.findElement(RemoteWebDriver.java:315)
at org.openqa.selenium.By$BaseW3CLocator.findElement(By.java:399)
at org.openqa.selenium.By$ByCssSelector.findElement(By.java:322)
at org.openqa.selenium.remote.RemoteWebDriver.findElement(RemoteWebDriver.java:315)
at org.openqa.selenium.By$BaseW3CLocator.findElement(By.java:399)
at org.openqa.selenium.By$ByCssSelector.findElement(By.java:322)
at org.openqa.selenium.remote.RemoteWebDriver.findElement(RemoteWebDriver.java:315)
at org.openqa.selenium.By$BaseW3CLocator.findElement(By.java:399)
at org.openqa.selenium.By$ByCssSelector.findElement(By.java:322)
at org.openqa.selenium.remote.RemoteWebDriver.findElement(RemoteWebDriver.java:315)
at org.openqa.selenium.By$BaseW3CLocator.findElement(By.java:399)
at org.openqa.selenium.By$ByCssSelector.findElement(By.java:322)
at org.openqa.selenium.remote.RemoteWebDriver.findElement(RemoteWebDriver.java:315)
at org.openqa.selenium.By$BaseW3CLocator.findElement(By.java:399)
at org.openqa.selenium.By$ByCssSelector.findElement(By.java:322)
at org.openqa.selenium.remote.RemoteWebDriver.findElement(RemoteWebDriver.java:315)
at org.openqa.selenium.By$BaseW3CLocator.findElement(By.java:399)
at org.openqa.selenium.By$ByCssSelector.findElement(By.java:322)
at org.openqa.selenium.remote.RemoteWebDriver.findElement(RemoteWebDriver.java:315)
at org.openqa.selenium.By$BaseW3CLocator.findElement(By.java:399)
at org.openqa.selenium.By$ByCssSelector.findElement(By.java:322)
at org.openqa.selenium.remote.RemoteWebDriver.findElement(RemoteWebDriver.java:315)
at org.openqa.selenium.By$BaseW3CLocator.findElement(By.java:399)
at org.openqa.selenium.By$ByCssSelector.findElement(By.java:322)
at org.openqa.selenium.remote.RemoteWebDriver.findElement(RemoteWebDriver.java:315)
at org.openqa.selenium.By$BaseW3CLocator.findElement(By.java:399)
at org.openqa.selenium.By$ByCssSelector.findElement(By.java:322)
at org.openqa.selenium.remote.RemoteWebDriver.findElement(RemoteWebDriver.java:315)
at org.openqa.selenium.By$BaseW3CLocator.findElement(By.java:399)
at org.openqa.selenium.By$ByCssSelector.findElement(By.java:322)
at org.openqa.selenium.remote.RemoteWebDriver.findElement(RemoteWebDriver.java:315)
at org.openqa.selenium.By$BaseW3CLocator.findElement(By.java:399)
at org.openqa.selenium.By$ByCssSelector.findElement(By.java:322)
at org.openqa.selenium.remote.RemoteWebDriver.findElement(RemoteWebDriver.java:315)
at org.openqa.selenium.By$BaseW3CLocator.findElement(By.java:399)
at org.openqa.selenium.By$ByCssSelector.findElement(By.java:322)
at org.openqa.selenium.remote.RemoteWebDriver.findElement(RemoteWebDriver.java:315)
at org.openqa.selenium.By$BaseW3CLocator.findElement(By.java:399)
at org.openqa.selenium.By$ByCssSelector.findElement(By.java:322)
at org.openqa.selenium.remote.RemoteWebDriver.findElement(RemoteWebDriver.java:315)
at org.openqa.selenium.By$BaseW3CLocator.findElement(By.java:399)
at org.openqa.selenium.By$ByCssSelector.findElement(By.java:322)
at org.openqa.selenium.remote.RemoteWebDriver.findElement(RemoteWebDriver.java:315)
at org.openqa.selenium.By$BaseW3CLocator.findElement(By.java:399)
at org.openqa.selenium.By$ByCssSelector.findElement(By.java:322)
at org.openqa.selenium.remote.RemoteWebDriver.findElement(RemoteWebDriver.java:315)
at org.openqa.selenium.By$BaseW3CLocator.findElement(By.java:399)
at org.openqa.selenium.By$ByCssSelector.findElement(By.java:322)
at org.openqa.selenium.remote.RemoteWebDriver.findElement(RemoteWebDriver.java:315)
at org.openqa.selenium.By$BaseW3CLocator.findElement(By.java:399)
at org.openqa.selenium.By$ByCssSelector.findElement(By.java:322)
at org.openqa.selenium.remote.RemoteWebDriver.findElement(RemoteWebDriver.java:315)
at org.openqa.selenium.By$BaseW3CLocator.findElement(By.java:399)
at org.openqa.selenium.By$ByCssSelector.findElement(By.java:322)
at org.openqa.selenium.remote.RemoteWebDriver.findElement(RemoteWebDriver.java:315)
at org.openqa.selenium.By$BaseW3CLocator.findElement(By.java:399)
at org.openqa.selenium.By$ByCssSelector.findElement(By.java:322)
at org.openqa.selenium.remote.RemoteWebDriver.findElement(RemoteWebDriver.java:315)
at org.openqa.selenium.By$BaseW3CLocator.findElement(By.java:399)
at org.openqa.selenium.By$ByCssSelector.findElement(By.java:322)
at org.openqa.selenium.remote.RemoteWebDriver.findElement(RemoteWebDriver.java:315)
at org.openqa.selenium.By$BaseW3CLocator.findElement(By.java:399)
at org.openqa.selenium.By$ByCssSelector.findElement(By.java:322)
at org.openqa.selenium.remote.RemoteWebDriver.findElement(RemoteWebDriver.java:315)
at org.openqa.selenium.By$BaseW3CLocator.findElement(By.java:399)
at org.openqa.selenium.By$ByCssSelector.findElement(By.java:322)
at org.openqa.selenium.remote.RemoteWebDriver.findElement(RemoteWebDriver.java:315)
at org.openqa.selenium.By$BaseW3CLocator.findElement(By.java:399)
at org.openqa.selenium.By$ByCssSelector.findElement(By.java:322)
at org.openqa.selenium.remote.RemoteWebDriver.findElement(RemoteWebDriver.java:315)
at org.openqa.selenium.By$BaseW3CLocator.findElement(By.java:399)
at org.openqa.selenium.By$ByCssSelector.findElement(By.java:322)
at org.openqa.selenium.remote.RemoteWebDriver.findElement(RemoteWebDriver.java:315)
at org.openqa.selenium.By$BaseW3CLocator.findElement(By.java:399)
at org.openqa.selenium.By$ByCssSelector.findElement(By.java:322)
at org.openqa.selenium.remote.RemoteWebDriver.findElement(RemoteWebDriver.java:315)
at org.openqa.selenium.By$BaseW3CLocator.findElement(By.java:399)
at org.openqa.selenium.By$ByCssSelector.findElement(By.java:322)
at org.openqa.selenium.remote.RemoteWebDriver.findElement(RemoteWebDriver.java:315)
at org.openqa.selenium.By$BaseW3CLocator.findElement(By.java:399)
at org.openqa.selenium.By$ByCssSelector.findElement(By.java:322)
at org.openqa.selenium.remote.RemoteWebDriver.findElement(RemoteWebDriver.java:315)
at org.openqa.selenium.By$BaseW3CLocator.findElement(By.java:399)
at org.openqa.selenium.By$ByCssSelector.findElement(By.java:322)
at org.openqa.selenium.remote.RemoteWebDriver.findElement(RemoteWebDriver.java:315)
at org.openqa.selenium.By$BaseW3CLocator.findElement(By.java:399)
at org.openqa.selenium.By$ByCssSelector.findElement(By.java:322)
at org.openqa.selenium.remote.RemoteWebDriver.findElement(RemoteWebDriver.java:315)
at org.openqa.selenium.By$BaseW3CLocator.findElement(By.java:399)
at org.openqa.selenium.By$ByCssSelector.findElement(By.java:322)
at org.openqa.selenium.remote.RemoteWebDriver.findElement(RemoteWebDriver.java:315)
at org.openqa.selenium.By$BaseW3CLocator.findElement(By.java:399)
at org.openqa.selenium.By$ByCssSelector.findElement(By.java:322)
at org.openqa.selenium.remote.RemoteWebDriver.findElement(RemoteWebDriver.java:315)
at org.openqa.selenium.By$BaseW3CLocator.findElement(By.java:399)
at org.openqa.selenium.By$ByCssSelector.findElement(By.java:322)
at org.openqa.selenium.remote.RemoteWebDriver.findElement(RemoteWebDriver.java:315)
at org.openqa.selenium.By$BaseW3CLocator.findElement(By.java:399)
at org.openqa.selenium.By$ByCssSelector.findElement(By.java:322)
at org.openqa.selenium.remote.RemoteWebDriver.findElement(RemoteWebDriver.java:315)
at org.openqa.selenium.By$BaseW3CLocator.findElement(By.java:399)
at org.openqa.selenium.By$ByCssSelector.findElement(By.java:322)
at org.openqa.selenium.remote.RemoteWebDriver.findElement(RemoteWebDriver.java:315)
at org.openqa.selenium.By$BaseW3CLocator.findElement(By.java:399)
at org.openqa.selenium.By$ByCssSelector.findElement(By.java:322)
at org.openqa.selenium.remote.RemoteWebDriver.findElement(RemoteWebDriver.java:315)
at org.openqa.selenium.By$BaseW3CLocator.findElement(By.java:399)
at org.openqa.selenium.By$ByCssSelector.findElement(By.java:322)
at org.openqa.selenium.remote.RemoteWebDriver.findElement(RemoteWebDriver.java:315)
at org.openqa.selenium.By$BaseW3CLocator.findElement(By.java:399)
at org.openqa.selenium.By$ByCssSelector.findElement(By.java:322)
at org.openqa.selenium.remote.RemoteWebDriver.findElement(RemoteWebDriver.java:315)
at org.openqa.selenium.By$BaseW3CLocator.findElement(By.java:399)
at org.openqa.selenium.By$ByCssSelector.findElement(By.java:322)
at org.openqa.selenium.remote.RemoteWebDriver.findElement(RemoteWebDriver.java:315)
at org.openqa.selenium.By$BaseW3CLocator.findElement(By.java:399)
at org.openqa.selenium.By$ByCssSelector.findElement(By.java:322)
at org.openqa.selenium.remote.RemoteWebDriver.findElement(RemoteWebDriver.java:315)
at org.openqa.selenium.By$BaseW3CLocator.findElement(By.java:399)
at org.openqa.selenium.By$ByCssSelector.findElement(By.java:322)
at org.openqa.selenium.remote.RemoteWebDriver.findElement(RemoteWebDriver.java:315)
at org.openqa.selenium.By$BaseW3CLocator.findElement(By.java:399)
at org.openqa.selenium.By$ByCssSelector.findElement(By.java:322)
at org.openqa.selenium.remote.RemoteWebDriver.findElement(RemoteWebDriver.java:315)
at org.openqa.selenium.By$BaseW3CLocator.findElement(By.java:399)
at org.openqa.selenium.By$ByCssSelector.findElement(By.java:322)
at org.openqa.selenium.remote.RemoteWebDriver.findElement(RemoteWebDriver.java:315)
at org.openqa.selenium.By$BaseW3CLocator.findElement(By.java:399)
at org.openqa.selenium.By$ByCssSelector.findElement(By.java:322)
at org.openqa.selenium.remote.RemoteWebDriver.findElement(RemoteWebDriver.java:315)
at org.openqa.selenium.By$BaseW3CLocator.findElement(By.java:399)
at org.openqa.selenium.By$ByCssSelector.findElement(By.java:322)
at org.openqa.selenium.remote.RemoteWebDriver.findElement(RemoteWebDriver.java:315)
at org.openqa.selenium.By$BaseW3CLocator.findElement(By.java:399)
at org.openqa.selenium.By$ByCssSelector.findElement(By.java:322)
at org.openqa.selenium.remote.RemoteWebDriver.findElement(RemoteWebDriver.java:315)
at org.openqa.selenium.By$BaseW3CLocator.findElement(By.java:399)
at org.openqa.selenium.By$ByCssSelector.findElement(By.java:322)
at org.openqa.selenium.remote.RemoteWebDriver.findElement(RemoteWebDriver.java:315)
at org.openqa.selenium.By$BaseW3CLocator.findElement(By.java:399)
at org.openqa.selenium.By$ByCssSelector.findElement(By.java:322)
at org.openqa.selenium.remote.RemoteWebDriver.findElement(RemoteWebDriver.java:315)
at org.openqa.selenium.By$BaseW3CLocator.findElement(By.java:399)
at org.openqa.selenium.By$ByCssSelector.findElement(By.java:322)
at org.openqa.selenium.remote.RemoteWebDriver.findElement(RemoteWebDriver.java:315)
at org.openqa.selenium.By$BaseW3CLocator.findElement(By.java:399)
at org.openqa.selenium.By$ByCssSelector.findElement(By.java:322)
at org.openqa.selenium.remote.RemoteWebDriver.findElement(RemoteWebDriver.java:315)
at org.openqa.selenium.By$BaseW3CLocator.findElement(By.java:399)
at org.openqa.selenium.By$ByCssSelector.findElement(By.java:322)
at org.openqa.selenium.remote.RemoteWebDriver.findElement(RemoteWebDriver.java:315)
at org.openqa.selenium.By$BaseW3CLocator.findElement(By.java:399)
at org.openqa.selenium.By$ByCssSelector.findElement(By.java:322)
at org.openqa.selenium.remote.RemoteWebDriver.findElement(RemoteWebDriver.java:315)
at org.openqa.selenium.By$BaseW3CLocator.findElement(By.java:399)
at org.openqa.selenium.By$ByCssSelector.findElement(By.java:322)
at org.openqa.selenium.remote.RemoteWebDriver.findElement(RemoteWebDriver.java:315)
at org.openqa.selenium.By$BaseW3CLocator.findElement(By.java:399)
at org.openqa.selenium.By$ByCssSelector.findElement(By.java:322)
at org.openqa.selenium.remote.RemoteWebDriver.findElement(RemoteWebDriver.java:315)
at org.openqa.selenium.By$BaseW3CLocator.findElement(By.java:399)
at org.openqa.selenium.By$ByCssSelector.findElement(By.java:322)
at org.openqa.selenium.remote.RemoteWebDriver.findElement(RemoteWebDriver.java:315)
at org.openqa.selenium.By$BaseW3CLocator.findElement(By.java:399)
at org.openqa.selenium.By$ByCssSelector.findElement(By.java:322)
at org.openqa.selenium.remote.RemoteWebDriver.findElement(RemoteWebDriver.java:315)
at org.openqa.selenium.By$BaseW3CLocator.findElement(By.java:399)
at org.openqa.selenium.By$ByCssSelector.findElement(By.java:322)
at org.openqa.selenium.remote.RemoteWebDriver.findElement(RemoteWebDriver.java:315)
at org.openqa.selenium.By$BaseW3CLocator.findElement(By.java:399)
at org.openqa.selenium.By$ByCssSelector.findElement(By.java:322)
at org.openqa.selenium.remote.RemoteWebDriver.findElement(RemoteWebDriver.java:315)
at org.openqa.selenium.By$BaseW3CLocator.findElement(By.java:399)
at org.openqa.selenium.By$ByCssSelector.findElement(By.java:322)
at org.openqa.selenium.remote.RemoteWebDriver.findElement(RemoteWebDriver.java:315)
at org.openqa.selenium.By$BaseW3CLocator.findElement(By.java:399)
at org.openqa.selenium.By$ByCssSelector.findElement(By.java:322)
at org.openqa.selenium.remote.RemoteWebDriver.findElement(RemoteWebDriver.java:315)
at org.openqa.selenium.By$BaseW3CLocator.findElement(By.java:399)
at org.openqa.selenium.By$ByCssSelector.findElement(By.java:322)
at org.openqa.selenium.remote.RemoteWebDriver.findElement(RemoteWebDriver.java:315)
at org.openqa.selenium.By$BaseW3CLocator.findElement(By.java:399)
at org.openqa.selenium.By$ByCssSelector.findElement(By.java:322)
at org.openqa.selenium.remote.RemoteWebDriver.findElement(RemoteWebDriver.java:315)
at org.openqa.selenium.By$BaseW3CLocator.findElement(By.java:399)
at org.openqa.selenium.By$ByCssSelector.findElement(By.java:322)
at org.openqa.selenium.remote.RemoteWebDriver.findElement(RemoteWebDriver.java:315)
at org.openqa.selenium.By$BaseW3CLocator.findElement(By.java:399)
at org.openqa.selenium.By$ByCssSelector.findElement(By.java:322)
at org.openqa.selenium.remote.RemoteWebDriver.findElement(RemoteWebDriver.java:315)
at org.openqa.selenium.By$BaseW3CLocator.findElement(By.java:399)
]]>
            </full-stacktrace>
          </exception> <!-- java.lang.StackOverflowError -->
          <reporter-output>
          </reporter-output>
        </test-method> <!-- base -->
        <test-method is-config="true" signature="testMethodName(java.lang.reflect.Method)[pri:0, instance:base.ServiceDetail@368247b9]" started-at="2022-08-22T12:05:48 IST" name="testMethodName" finished-at="1970-01-01T05:30:00 IST" duration-ms="-1661150148098" status="SKIP">
          <reporter-output>
          </reporter-output>
        </test-method> <!-- testMethodName -->
        <test-method signature="SvcDetail()[pri:0, instance:base.ServiceDetail@368247b9]" started-at="2022-08-22T12:05:48 IST" name="SvcDetail" finished-at="2022-08-22T12:05:48 IST" duration-ms="0" status="SKIP">
          <exception class="java.lang.StackOverflowError">
            <full-stacktrace>
              <![CDATA[java.lang.StackOverflowError
at org.openqa.selenium.By$BaseW3CLocator.findElement(By.java:398)
at org.openqa.selenium.By$ByCssSelector.findElement(By.java:322)
at org.openqa.selenium.remote.RemoteWebDriver.findElement(RemoteWebDriver.java:315)
at org.openqa.selenium.By$BaseW3CLocator.findElement(By.java:399)
at org.openqa.selenium.By$ByCssSelector.findElement(By.java:322)
at org.openqa.selenium.remote.RemoteWebDriver.findElement(RemoteWebDriver.java:315)
at org.openqa.selenium.By$BaseW3CLocator.findElement(By.java:399)
at org.openqa.selenium.By$ByCssSelector.findElement(By.java:322)
at org.openqa.selenium.remote.RemoteWebDriver.findElement(RemoteWebDriver.java:315)
at org.openqa.selenium.By$BaseW3CLocator.findElement(By.java:399)
at org.openqa.selenium.By$ByCssSelector.findElement(By.java:322)
at org.openqa.selenium.remote.RemoteWebDriver.findElement(RemoteWebDriver.java:315)
at org.openqa.selenium.By$BaseW3CLocator.findElement(By.java:399)
at org.openqa.selenium.By$ByCssSelector.findElement(By.java:322)
at org.openqa.selenium.remote.RemoteWebDriver.findElement(RemoteWebDriver.java:315)
at org.openqa.selenium.By$BaseW3CLocator.findElement(By.java:399)
at org.openqa.selenium.By$ByCssSelector.findElement(By.java:322)
at org.openqa.selenium.remote.RemoteWebDriver.findElement(RemoteWebDriver.java:315)
at org.openqa.selenium.By$BaseW3CLocator.findElement(By.java:399)
at org.openqa.selenium.By$ByCssSelector.findElement(By.java:322)
at org.openqa.selenium.remote.RemoteWebDriver.findElement(RemoteWebDriver.java:315)
at org.openqa.selenium.By$BaseW3CLocator.findElement(By.java:399)
at org.openqa.selenium.By$ByCssSelector.findElement(By.java:322)
at org.openqa.selenium.remote.RemoteWebDriver.findElement(RemoteWebDriver.java:315)
at org.openqa.selenium.By$BaseW3CLocator.findElement(By.java:399)
at org.openqa.selenium.By$ByCssSelector.findElement(By.java:322)
at org.openqa.selenium.remote.RemoteWebDriver.findElement(RemoteWebDriver.java:315)
at org.openqa.selenium.By$BaseW3CLocator.findElement(By.java:399)
at org.openqa.selenium.By$ByCssSelector.findElement(By.java:322)
at org.openqa.selenium.remote.RemoteWebDriver.findElement(RemoteWebDriver.java:315)
at org.openqa.selenium.By$BaseW3CLocator.findElement(By.java:399)
at org.openqa.selenium.By$ByCssSelector.findElement(By.java:322)
at org.openqa.selenium.remote.RemoteWebDriver.findElement(RemoteWebDriver.java:315)
at org.openqa.selenium.By$BaseW3CLocator.findElement(By.java:399)
at org.openqa.selenium.By$ByCssSelector.findElement(By.java:322)
at org.openqa.selenium.remote.RemoteWebDriver.findElement(RemoteWebDriver.java:315)
at org.openqa.selenium.By$BaseW3CLocator.findElement(By.java:399)
at org.openqa.selenium.By$ByCssSelector.findElement(By.java:322)
at org.openqa.selenium.remote.RemoteWebDriver.findElement(RemoteWebDriver.java:315)
at org.openqa.selenium.By$BaseW3CLocator.findElement(By.java:399)
at org.openqa.selenium.By$ByCssSelector.findElement(By.java:322)
at org.openqa.selenium.remote.RemoteWebDriver.findElement(RemoteWebDriver.java:315)
at org.openqa.selenium.By$BaseW3CLocator.findElement(By.java:399)
at org.openqa.selenium.By$ByCssSelector.findElement(By.java:322)
at org.openqa.selenium.remote.RemoteWebDriver.findElement(RemoteWebDriver.java:315)
at org.openqa.selenium.By$BaseW3CLocator.findElement(By.java:399)
at org.openqa.selenium.By$ByCssSelector.findElement(By.java:322)
at org.openqa.selenium.remote.RemoteWebDriver.findElement(RemoteWebDriver.java:315)
at org.openqa.selenium.By$BaseW3CLocator.findElement(By.java:399)
at org.openqa.selenium.By$ByCssSelector.findElement(By.java:322)
at org.openqa.selenium.remote.RemoteWebDriver.findElement(RemoteWebDriver.java:315)
at org.openqa.selenium.By$BaseW3CLocator.findElement(By.java:399)
at org.openqa.selenium.By$ByCssSelector.findElement(By.java:322)
at org.openqa.selenium.remote.RemoteWebDriver.findElement(RemoteWebDriver.java:315)
at org.openqa.selenium.By$BaseW3CLocator.findElement(By.java:399)
at org.openqa.selenium.By$ByCssSelector.findElement(By.java:322)
at org.openqa.selenium.remote.RemoteWebDriver.findElement(RemoteWebDriver.java:315)
at org.openqa.selenium.By$BaseW3CLocator.findElement(By.java:399)
at org.openqa.selenium.By$ByCssSelector.findElement(By.java:322)
at org.openqa.selenium.remote.RemoteWebDriver.findElement(RemoteWebDriver.java:315)
at org.openqa.selenium.By$BaseW3CLocator.findElement(By.java:399)
at org.openqa.selenium.By$ByCssSelector.findElement(By.java:322)
at org.openqa.selenium.remote.RemoteWebDriver.findElement(RemoteWebDriver.java:315)
at org.openqa.selenium.By$BaseW3CLocator.findElement(By.java:399)
at org.openqa.selenium.By$ByCssSelector.findElement(By.java:322)
at org.openqa.selenium.remote.RemoteWebDriver.findElement(RemoteWebDriver.java:315)
at org.openqa.selenium.By$BaseW3CLocator.findElement(By.java:399)
at org.openqa.selenium.By$ByCssSelector.findElement(By.java:322)
[...]
at org.openqa.selenium.By$ByCssSelector.findElement(By.java:322)
at org.openqa.selenium.remote.RemoteWebDriver.findElement(RemoteWebDriver.java:315)
at org.openqa.selenium.By$BaseW3CLocator.findElement(By.java:399)
at org.openqa.selenium.By$ByCssSelector.findElement(By.java:322)
at org.openqa.selenium.remote.RemoteWebDriver.findElement(RemoteWebDriver.java:315)
at org.openqa.selenium.By$BaseW3CLocator.findElement(By.java:399)
at org.openqa.selenium.By$ByCssSelector.findElement(By.java:322)
at org.openqa.selenium.remote.RemoteWebDriver.findElement(RemoteWebDriver.java:315)
at org.openqa.selenium.By$BaseW3CLocator.findElement(By.java:399)
at org.openqa.selenium.By$ByCssSelector.findElement(By.java:322)
at org.openqa.selenium.remote.RemoteWebDriver.findElement(RemoteWebDriver.java:315)
at org.openqa.selenium.By$BaseW3CLocator.findElement(By.java:399)
at org.openqa.selenium.By$ByCssSelector.findElement(By.java:322)
at org.openqa.selenium.remote.RemoteWebDriver.findElement(RemoteWebDriver.java:315)
at org.openqa.selenium.By$BaseW3CLocator.findElement(By.java:399)
at org.openqa.selenium.By$ByCssSelector.findElement(By.java:322)
at org.openqa.selenium.remote.RemoteWebDriver.findElement(RemoteWebDriver.java:315)
at org.openqa.selenium.By$BaseW3CLocator.findElement(By.java:399)
at org.openqa.selenium.By$ByCssSelector.findElement(By.java:322)
at org.openqa.selenium.remote.RemoteWebDriver.findElement(RemoteWebDriver.java:315)
at org.openqa.selenium.By$BaseW3CLocator.findElement(By.java:399)
at org.openqa.selenium.By$ByCssSelector.findElement(By.java:322)
at org.openqa.selenium.remote.RemoteWebDriver.findElement(RemoteWebDriver.java:315)
at org.openqa.selenium.By$BaseW3CLocator.findElement(By.java:399)
at org.openqa.selenium.By$ByCssSelector.findElement(By.java:322)
at org.openqa.selenium.remote.RemoteWebDriver.findElement(RemoteWebDriver.java:315)
at org.openqa.selenium.By$BaseW3CLocator.findElement(By.java:399)
at org.openqa.selenium.By$ByCssSelector.findElement(By.java:322)
at org.openqa.selenium.remote.RemoteWebDriver.findElement(RemoteWebDriver.java:315)
at org.openqa.selenium.By$BaseW3CLocator.findElement(By.java:399)
at org.openqa.selenium.By$ByCssSelector.findElement(By.java:322)
at org.openqa.selenium.remote.RemoteWebDriver.findElement(RemoteWebDriver.java:315)
at org.openqa.selenium.By$BaseW3CLocator.findElement(By.java:399)
at org.openqa.selenium.By$ByCssSelector.findElement(By.java:322)
at org.openqa.selenium.remote.RemoteWebDriver.findElement(RemoteWebDriver.java:315)
at org.openqa.selenium.By$BaseW3CLocator.findElement(By.java:399)
at org.openqa.selenium.By$ByCssSelector.findElement(By.java:322)
at org.openqa.selenium.remote.RemoteWebDriver.findElement(RemoteWebDriver.java:315)
at org.openqa.selenium.By$BaseW3CLocator.findElement(By.java:399)
at org.openqa.selenium.By$ByCssSelector.findElement(By.java:322)
at org.openqa.selenium.remote.RemoteWebDriver.findElement(RemoteWebDriver.java:315)
at org.openqa.selenium.By$BaseW3CLocator.findElement(By.java:399)
at org.openqa.selenium.By$ByCssSelector.findElement(By.java:322)
at org.openqa.selenium.remote.RemoteWebDriver.findElement(RemoteWebDriver.java:315)
at org.openqa.selenium.By$BaseW3CLocator.findElement(By.java:399)
at org.openqa.selenium.By$ByCssSelector.findElement(By.java:322)
at org.openqa.selenium.remote.RemoteWebDriver.findElement(RemoteWebDriver.java:315)
at org.openqa.selenium.By$BaseW3CLocator.findElement(By.java:399)
at org.openqa.selenium.By$ByCssSelector.findElement(By.java:322)
at org.openqa.selenium.remote.RemoteWebDriver.findElement(RemoteWebDriver.java:315)
at org.openqa.selenium.By$BaseW3CLocator.findElement(By.java:399)
at org.openqa.selenium.By$ByCssSelector.findElement(By.java:322)
at org.openqa.selenium.remote.RemoteWebDriver.findElement(RemoteWebDriver.java:315)
at org.openqa.selenium.By$BaseW3CLocator.findElement(By.java:399)
at org.openqa.selenium.By$ByCssSelector.findElement(By.java:322)
at org.openqa.selenium.remote.RemoteWebDriver.findElement(RemoteWebDriver.java:315)
at org.openqa.selenium.By$BaseW3CLocator.findElement(By.java:399)
at org.openqa.selenium.By$ByCssSelector.findElement(By.java:322)
at org.openqa.selenium.remote.RemoteWebDriver.findElement(RemoteWebDriver.java:315)
at org.openqa.selenium.By$BaseW3CLocator.findElement(By.java:399)
at org.openqa.selenium.By$ByCssSelector.findElement(By.java:322)
at org.openqa.selenium.remote.RemoteWebDriver.findElement(RemoteWebDriver.java:315)
at org.openqa.selenium.By$BaseW3CLocator.findElement(By.java:399)
at org.openqa.selenium.By$ByCssSelector.findElement(By.java:322)
at org.openqa.selenium.remote.RemoteWebDriver.findElement(RemoteWebDriver.java:315)
at org.openqa.selenium.By$BaseW3CLocator.findElement(By.java:399)
at org.openqa.selenium.By$ByCssSelector.findElement(By.java:322)
at org.openqa.selenium.remote.RemoteWebDriver.findElement(RemoteWebDriver.java:315)
at org.openqa.selenium.By$BaseW3CLocator.findElement(By.java:399)
at org.openqa.selenium.By$ByCssSelector.findElement(By.java:322)
at org.openqa.selenium.remote.RemoteWebDriver.findElement(RemoteWebDriver.java:315)
at org.openqa.selenium.By$BaseW3CLocator.findElement(By.java:399)
at org.openqa.selenium.By$ByCssSelector.findElement(By.java:322)
at org.openqa.selenium.remote.RemoteWebDriver.findElement(RemoteWebDriver.java:315)
at org.openqa.selenium.By$BaseW3CLocator.findElement(By.java:399)
at org.openqa.selenium.By$ByCssSelector.findElement(By.java:322)
at org.openqa.selenium.remote.RemoteWebDriver.findElement(RemoteWebDriver.java:315)
at org.openqa.selenium.By$BaseW3CLocator.findElement(By.java:399)
at org.openqa.selenium.By$ByCssSelector.findElement(By.java:322)
at org.openqa.selenium.remote.RemoteWebDriver.findElement(RemoteWebDriver.java:315)
at org.openqa.selenium.By$BaseW3CLocator.findElement(By.java:399)
at org.openqa.selenium.By$ByCssSelector.findElement(By.java:322)
at org.openqa.selenium.remote.RemoteWebDriver.findElement(RemoteWebDriver.java:315)
at org.openqa.selenium.By$BaseW3CLocator.findElement(By.java:399)
at org.openqa.selenium.By$ByCssSelector.findElement(By.java:322)
at org.openqa.selenium.remote.RemoteWebDriver.findElement(RemoteWebDriver.java:315)
at org.openqa.selenium.By$BaseW3CLocator.findElement(By.java:399)
at org.openqa.selenium.By$ByCssSelector.findElement(By.java:322)
at org.openqa.selenium.remote.RemoteWebDriver.findElement(RemoteWebDriver.java:315)
at org.openqa.selenium.By$BaseW3CLocator.findElement(By.java:399)
at org.openqa.selenium.By$ByCssSelector.findElement(By.java:322)
at org.openqa.selenium.remote.RemoteWebDriver.findElement(RemoteWebDriver.java:315)
at org.openqa.selenium.By$BaseW3CLocator.findElement(By.java:399)
at org.openqa.selenium.By$ByCssSelector.findElement(By.java:322)
at org.openqa.selenium.remote.RemoteWebDriver.findElement(RemoteWebDriver.java:315)
at org.openqa.selenium.By$BaseW3CLocator.findElement(By.java:399)
at org.openqa.selenium.By$ByCssSelector.findElement(By.java:322)
at org.openqa.selenium.remote.RemoteWebDriver.findElement(RemoteWebDriver.java:315)
at org.openqa.selenium.By$BaseW3CLocator.findElement(By.java:399)
at org.openqa.selenium.By$ByCssSelector.findElement(By.java:322)
at org.openqa.selenium.remote.RemoteWebDriver.findElement(RemoteWebDriver.java:315)
at org.openqa.selenium.By$BaseW3CLocator.findElement(By.java:399)
at org.openqa.selenium.By$ByCssSelector.findElement(By.java:322)
at org.openqa.selenium.remote.RemoteWebDriver.findElement(RemoteWebDriver.java:315)
at org.openqa.selenium.By$BaseW3CLocator.findElement(By.java:399)
at org.openqa.selenium.By$ByCssSelector.findElement(By.java:322)
at org.openqa.selenium.remote.RemoteWebDriver.findElement(RemoteWebDriver.java:315)
at org.openqa.selenium.By$BaseW3CLocator.findElement(By.java:399)
at org.openqa.selenium.By$ByCssSelector.findElement(By.java:322)
at org.openqa.selenium.remote.RemoteWebDriver.findElement(RemoteWebDriver.java:315)
at org.openqa.selenium.By$BaseW3CLocator.findElement(By.java:399)
at org.openqa.selenium.By$ByCssSelector.findElement(By.java:322)
at org.openqa.selenium.remote.RemoteWebDriver.findElement(RemoteWebDriver.java:315)
at org.openqa.selenium.By$BaseW3CLocator.findElement(By.java:399)
at org.openqa.selenium.By$ByCssSelector.findElement(By.java:322)
at org.openqa.selenium.remote.RemoteWebDriver.findElement(RemoteWebDriver.java:315)
at org.openqa.selenium.By$BaseW3CLocator.findElement(By.java:399)
at org.openqa.selenium.By$ByCssSelector.findElement(By.java:322)
at org.openqa.selenium.remote.RemoteWebDriver.findElement(RemoteWebDriver.java:315)
at org.openqa.selenium.By$BaseW3CLocator.findElement(By.java:399)
at org.openqa.selenium.By$ByCssSelector.findElement(By.java:322)
at org.openqa.selenium.remote.RemoteWebDriver.findElement(RemoteWebDriver.java:315)
at org.openqa.selenium.By$BaseW3CLocator.findElement(By.java:399)
at org.openqa.selenium.By$ByCssSelector.findElement(By.java:322)
at org.openqa.selenium.remote.RemoteWebDriver.findElement(RemoteWebDriver.java:315)
at org.openqa.selenium.By$BaseW3CLocator.findElement(By.java:399)
at org.openqa.selenium.By$ByCssSelector.findElement(By.java:322)
at org.openqa.selenium.remote.RemoteWebDriver.findElement(RemoteWebDriver.java:315)
at org.openqa.selenium.By$BaseW3CLocator.findElement(By.java:399)
at org.openqa.selenium.By$ByCssSelector.findElement(By.java:322)
at org.openqa.selenium.remote.RemoteWebDriver.findElement(RemoteWebDriver.java:315)
at org.openqa.selenium.By$BaseW3CLocator.findElement(By.java:399)
at org.openqa.selenium.By$ByCssSelector.findElement(By.java:322)
at org.openqa.selenium.remote.RemoteWebDriver.findElement(RemoteWebDriver.java:315)
at org.openqa.selenium.By$BaseW3CLocator.findElement(By.java:399)
at org.openqa.selenium.By$ByCssSelector.findElement(By.java:322)
at org.openqa.selenium.remote.RemoteWebDriver.findElement(RemoteWebDriver.java:315)
at org.openqa.selenium.By$BaseW3CLocator.findElement(By.java:399)
at org.openqa.selenium.By$ByCssSelector.findElement(By.java:322)
at org.openqa.selenium.remote.RemoteWebDriver.findElement(RemoteWebDriver.java:315)
at org.openqa.selenium.By$BaseW3CLocator.findElement(By.java:399)
at org.openqa.selenium.By$ByCssSelector.findElement(By.java:322)
at org.openqa.selenium.remote.RemoteWebDriver.findElement(RemoteWebDriver.java:315)
at org.openqa.selenium.By$BaseW3CLocator.findElement(By.java:399)
at org.openqa.selenium.By$ByCssSelector.findElement(By.java:322)
at org.openqa.selenium.remote.RemoteWebDriver.findElement(RemoteWebDriver.java:315)
at org.openqa.selenium.By$BaseW3CLocator.findElement(By.java:399)
at org.openqa.selenium.By$ByCssSelector.findElement(By.java:322)
at org.openqa.selenium.remote.RemoteWebDriver.findElement(RemoteWebDriver.java:315)
at org.openqa.selenium.By$BaseW3CLocator.findElement(By.java:399)
at org.openqa.selenium.By$ByCssSelector.findElement(By.java:322)
at org.openqa.selenium.remote.RemoteWebDriver.findElement(RemoteWebDriver.java:315)
at org.openqa.selenium.By$BaseW3CLocator.findElement(By.java:399)
at org.openqa.selenium.By$ByCssSelector.findElement(By.java:322)
at org.openqa.selenium.remote.RemoteWebDriver.findElement(RemoteWebDriver.java:315)
at org.openqa.selenium.By$BaseW3CLocator.findElement(By.java:399)
at org.openqa.selenium.By$ByCssSelector.findElement(By.java:322)
at org.openqa.selenium.remote.RemoteWebDriver.findElement(RemoteWebDriver.java:315)
at org.openqa.selenium.By$BaseW3CLocator.findElement(By.java:399)
at org.openqa.selenium.By$ByCssSelector.findElement(By.java:322)
at org.openqa.selenium.remote.RemoteWebDriver.findElement(RemoteWebDriver.java:315)
at org.openqa.selenium.By$BaseW3CLocator.findElement(By.java:399)
at org.openqa.selenium.By$ByCssSelector.findElement(By.java:322)
at org.openqa.selenium.remote.RemoteWebDriver.findElement(RemoteWebDriver.java:315)
at org.openqa.selenium.By$BaseW3CLocator.findElement(By.java:399)
at org.openqa.selenium.By$ByCssSelector.findElement(By.java:322)
at org.openqa.selenium.remote.RemoteWebDriver.findElement(RemoteWebDriver.java:315)
at org.openqa.selenium.By$BaseW3CLocator.findElement(By.java:399)
at org.openqa.selenium.By$ByCssSelector.findElement(By.java:322)
at org.openqa.selenium.remote.RemoteWebDriver.findElement(RemoteWebDriver.java:315)
at org.openqa.selenium.By$BaseW3CLocator.findElement(By.java:399)
at org.openqa.selenium.By$ByCssSelector.findElement(By.java:322)
at org.openqa.selenium.remote.RemoteWebDriver.findElement(RemoteWebDriver.java:315)
at org.openqa.selenium.By$BaseW3CLocator.findElement(By.java:399)
at org.openqa.selenium.By$ByCssSelector.findElement(By.java:322)
at org.openqa.selenium.remote.RemoteWebDriver.findElement(RemoteWebDriver.java:315)
at org.openqa.selenium.By$BaseW3CLocator.findElement(By.java:399)
at org.openqa.selenium.By$ByCssSelector.findElement(By.java:322)
at org.openqa.selenium.remote.RemoteWebDriver.findElement(RemoteWebDriver.java:315)
at org.openqa.selenium.By$BaseW3CLocator.findElement(By.java:399)
at org.openqa.selenium.By$ByCssSelector.findElement(By.java:322)
at org.openqa.selenium.remote.RemoteWebDriver.findElement(RemoteWebDriver.java:315)
at org.openqa.selenium.By$BaseW3CLocator.findElement(By.java:399)
at org.openqa.selenium.By$ByCssSelector.findElement(By.java:322)
at org.openqa.selenium.remote.RemoteWebDriver.findElement(RemoteWebDriver.java:315)
at org.openqa.selenium.By$BaseW3CLocator.findElement(By.java:399)
at org.openqa.selenium.By$ByCssSelector.findElement(By.java:322)
at org.openqa.selenium.remote.RemoteWebDriver.findElement(RemoteWebDriver.java:315)
at org.openqa.selenium.By$BaseW3CLocator.findElement(By.java:399)
at org.openqa.selenium.By$ByCssSelector.findElement(By.java:322)
at org.openqa.selenium.remote.RemoteWebDriver.findElement(RemoteWebDriver.java:315)
at org.openqa.selenium.By$BaseW3CLocator.findElement(By.java:399)
at org.openqa.selenium.By$ByCssSelector.findElement(By.java:322)
at org.openqa.selenium.remote.RemoteWebDriver.findElement(RemoteWebDriver.java:315)
at org.openqa.selenium.By$BaseW3CLocator.findElement(By.java:399)
at org.openqa.selenium.By$ByCssSelector.findElement(By.java:322)
at org.openqa.selenium.remote.RemoteWebDriver.findElement(RemoteWebDriver.java:315)
at org.openqa.selenium.By$BaseW3CLocator.findElement(By.java:399)
at org.openqa.selenium.By$ByCssSelector.findElement(By.java:322)
at org.openqa.selenium.remote.RemoteWebDriver.findElement(RemoteWebDriver.java:315)
at org.openqa.selenium.By$BaseW3CLocator.findElement(By.java:399)
at org.openqa.selenium.By$ByCssSelector.findElement(By.java:322)
at org.openqa.selenium.remote.RemoteWebDriver.findElement(RemoteWebDriver.java:315)
at org.openqa.selenium.By$BaseW3CLocator.findElement(By.java:399)
at org.openqa.selenium.By$ByCssSelector.findElement(By.java:322)
at org.openqa.selenium.remote.RemoteWebDriver.findElement(RemoteWebDriver.java:315)
at org.openqa.selenium.By$BaseW3CLocator.findElement(By.java:399)
at org.openqa.selenium.By$ByCssSelector.findElement(By.java:322)
at org.openqa.selenium.remote.RemoteWebDriver.findElement(RemoteWebDriver.java:315)
at org.openqa.selenium.By$BaseW3CLocator.findElement(By.java:399)
at org.openqa.selenium.By$ByCssSelector.findElement(By.java:322)
at org.openqa.selenium.remote.RemoteWebDriver.findElement(RemoteWebDriver.java:315)
at org.openqa.selenium.By$BaseW3CLocator.findElement(By.java:399)
at org.openqa.selenium.By$ByCssSelector.findElement(By.java:322)
at org.openqa.selenium.remote.RemoteWebDriver.findElement(RemoteWebDriver.java:315)
at org.openqa.selenium.By$BaseW3CLocator.findElement(By.java:399)
at org.openqa.selenium.By$ByCssSelector.findElement(By.java:322)
at org.openqa.selenium.remote.RemoteWebDriver.findElement(RemoteWebDriver.java:315)
at org.openqa.selenium.By$BaseW3CLocator.findElement(By.java:399)
at org.openqa.selenium.By$ByCssSelector.findElement(By.java:322)
at org.openqa.selenium.remote.RemoteWebDriver.findElement(RemoteWebDriver.java:315)
at org.openqa.selenium.By$BaseW3CLocator.findElement(By.java:399)
at org.openqa.selenium.By$ByCssSelector.findElement(By.java:322)
at org.openqa.selenium.remote.RemoteWebDriver.findElement(RemoteWebDriver.java:315)
at org.openqa.selenium.By$BaseW3CLocator.findElement(By.java:399)
at org.openqa.selenium.By$ByCssSelector.findElement(By.java:322)
at org.openqa.selenium.remote.RemoteWebDriver.findElement(RemoteWebDriver.java:315)
at org.openqa.selenium.By$BaseW3CLocator.findElement(By.java:399)
at org.openqa.selenium.By$ByCssSelector.findElement(By.java:322)
at org.openqa.selenium.remote.RemoteWebDriver.findElement(RemoteWebDriver.java:315)
at org.openqa.selenium.By$BaseW3CLocator.findElement(By.java:399)
at org.openqa.selenium.By$ByCssSelector.findElement(By.java:322)
at org.openqa.selenium.remote.RemoteWebDriver.findElement(RemoteWebDriver.java:315)
at org.openqa.selenium.By$BaseW3CLocator.findElement(By.java:399)
at org.openqa.selenium.By$ByCssSelector.findElement(By.java:322)
at org.openqa.selenium.remote.RemoteWebDriver.findElement(RemoteWebDriver.java:315)
at org.openqa.selenium.By$BaseW3CLocator.findElement(By.java:399)
at org.openqa.selenium.By$ByCssSelector.findElement(By.java:322)
at org.openqa.selenium.remote.RemoteWebDriver.findElement(RemoteWebDriver.java:315)
at org.openqa.selenium.By$BaseW3CLocator.findElement(By.java:399)
at org.openqa.selenium.By$ByCssSelector.findElement(By.java:322)
at org.openqa.selenium.remote.RemoteWebDriver.findElement(RemoteWebDriver.java:315)
at org.openqa.selenium.By$BaseW3CLocator.findElement(By.java:399)
at org.openqa.selenium.By$ByCssSelector.findElement(By.java:322)
at org.openqa.selenium.remote.RemoteWebDriver.findElement(RemoteWebDriver.java:315)
at org.openqa.selenium.By$BaseW3CLocator.findElement(By.java:399)
at org.openqa.selenium.By$ByCssSelector.findElement(By.java:322)
at org.openqa.selenium.remote.RemoteWebDriver.findElement(RemoteWebDriver.java:315)
at org.openqa.selenium.By$BaseW3CLocator.findElement(By.java:399)
at org.openqa.selenium.By$ByCssSelector.findElement(By.java:322)
at org.openqa.selenium.remote.RemoteWebDriver.findElement(RemoteWebDriver.java:315)
at org.openqa.selenium.By$BaseW3CLocator.findElement(By.java:399)
at org.openqa.selenium.By$ByCssSelector.findElement(By.java:322)
at org.openqa.selenium.remote.RemoteWebDriver.findElement(RemoteWebDriver.java:315)
at org.openqa.selenium.By$BaseW3CLocator.findElement(By.java:399)
at org.openqa.selenium.By$ByCssSelector.findElement(By.java:322)
at org.openqa.selenium.remote.RemoteWebDriver.findElement(RemoteWebDriver.java:315)
at org.openqa.selenium.By$BaseW3CLocator.findElement(By.java:399)
at org.openqa.selenium.By$ByCssSelector.findElement(By.java:322)
at org.openqa.selenium.remote.RemoteWebDriver.findElement(RemoteWebDriver.java:315)
at org.openqa.selenium.By$BaseW3CLocator.findElement(By.java:399)
at org.openqa.selenium.By$ByCssSelector.findElement(By.java:322)
at org.openqa.selenium.remote.RemoteWebDriver.findElement(RemoteWebDriver.java:315)
at org.openqa.selenium.By$BaseW3CLocator.findElement(By.java:399)
]]>
            </full-stacktrace>
          </exception> <!-- java.lang.StackOverflowError -->
          <reporter-output>
          </reporter-output>
        </test-method> <!-- SvcDetail -->
        <test-method is-config="true" signature="getResult(org.testng.ITestResult)[pri:0, instance:base.ServiceDetail@368247b9]" started-at="2022-08-22T12:05:48 IST" name="getResult" finished-at="1970-01-01T05:30:00 IST" duration-ms="-1661150148118" status="SKIP">
          <reporter-output>
          </reporter-output>
        </test-method> <!-- getResult -->
        <test-method is-config="true" signature="logout()[pri:0, instance:base.ServiceDetail@368247b9]" started-at="2022-08-22T12:05:48 IST" name="logout" finished-at="1970-01-01T05:30:00 IST" duration-ms="-1661150148232" status="SKIP">
          <reporter-output>
          </reporter-output>
        </test-method> <!-- logout -->
      </class> <!-- base.ServiceDetail -->
    </test> <!-- ServiceDetail -->
  </suite> <!-- Connect_order -->
</testng-results>
